Executing in the docker (cpu image):
python -m src.main --optimal_tree --env_name Acrobot-v1 --max_depth 1 --cp 0.5 --student_path _depth_1 --bc_path _depth_1
WARNING: Published ports are discarded when using host network mode
+ display=2
+ export DISPLAY=:2
+ DISPLAY=:2
+ file=/tmp/.X11-unix/X2
+ Xvfb :2 -screen 0 1024x768x24
+ sleep 1
++ seq 1 10
+ for i in $(seq 1 10)
+ '[' -e /tmp/.X11-unix/X2 ']'
+ break
+ '[' -e /tmp/.X11-unix/X2 ']'
+ exec bash -c 'cd /root/code/rl_zoo/ && python -m src.main --optimal_tree --env_name Acrobot-v1 --max_depth 1 --cp 0.5 --student_path _depth_1 --bc_path _depth_1'
/usr/local/lib/python3.5/site-packages/tensorflow/python/framework/dtypes.py:519: FutureWarning: Passing (type, 1) or '1type' as a synonym of type is deprecated; in a future version of numpy, it will be understood as (type, (1,)) / '(1,)type'.
  _np_qint8 = np.dtype([("qint8", np.int8, 1)])
/usr/local/lib/python3.5/site-packages/tensorflow/python/framework/dtypes.py:520: FutureWarning: Passing (type, 1) or '1type' as a synonym of type is deprecated; in a future version of numpy, it will be understood as (type, (1,)) / '(1,)type'.
  _np_quint8 = np.dtype([("quint8", np.uint8, 1)])
/usr/local/lib/python3.5/site-packages/tensorflow/python/framework/dtypes.py:521: FutureWarning: Passing (type, 1) or '1type' as a synonym of type is deprecated; in a future version of numpy, it will be understood as (type, (1,)) / '(1,)type'.
  _np_qint16 = np.dtype([("qint16", np.int16, 1)])
/usr/local/lib/python3.5/site-packages/tensorflow/python/framework/dtypes.py:522: FutureWarning: Passing (type, 1) or '1type' as a synonym of type is deprecated; in a future version of numpy, it will be understood as (type, (1,)) / '(1,)type'.
  _np_quint16 = np.dtype([("quint16", np.uint16, 1)])
/usr/local/lib/python3.5/site-packages/tensorflow/python/framework/dtypes.py:523: FutureWarning: Passing (type, 1) or '1type' as a synonym of type is deprecated; in a future version of numpy, it will be understood as (type, (1,)) / '(1,)type'.
  _np_qint32 = np.dtype([("qint32", np.int32, 1)])
/usr/local/lib/python3.5/site-packages/tensorflow/python/framework/dtypes.py:528: FutureWarning: Passing (type, 1) or '1type' as a synonym of type is deprecated; in a future version of numpy, it will be understood as (type, (1,)) / '(1,)type'.
  np_resource = np.dtype([("resource", np.ubyte, 1)])
DQN/Acrobot-v1.pkl
Loading a model without an environment, this model cannot be trained until it has a valid environment.
Iteration 1/20
Training student with 9073 points
[?25l
[32mTraining trees...                    0%|                |  ETA: N/A[39m[K
[32mTraining trees...                  100%|████████████████| Time: 0:00:01[39m[K
[32mTraining trees...                  100%|████████████████| Time: 0:00:01[39m[K
[?25hTrain accuracy: 0.862496555524938
Test accuracy: 0.8567493112947658
Number of nodes: 3
Student reward: -98.63
Iteration 2/20
Training student with 19036 points
[?25l
[32mTraining trees...                    0%|                |  ETA: N/A[39m[K
[32mTraining trees...                    9%|█▌              |  ETA: 0:00:01[39m[K
[32mTraining trees...                   18%|██▉             |  ETA: 0:00:01[39m[K
[32mTraining trees...                   27%|████▍           |  ETA: 0:00:01[39m[K
[32mTraining trees...                   36%|█████▊          |  ETA: 0:00:01[39m[K
[32mTraining trees...                   45%|███████▎        |  ETA: 0:00:01[39m[K
[32mTraining trees...                   53%|████████▌       |  ETA: 0:00:01[39m[K
[32mTraining trees...                   62%|█████████▉      |  ETA: 0:00:00[39m[K
[32mTraining trees...                   71%|███████████▍    |  ETA: 0:00:00[39m[K
[32mTraining trees...                   80%|████████████▊   |  ETA: 0:00:00[39m[K
[32mTraining trees...                   89%|██████████████▎ |  ETA: 0:00:00[39m[K
[32mTraining trees...                   98%|███████████████▋|  ETA: 0:00:00[39m[K
[32mTraining trees...                  100%|████████████████| Time: 0:00:01[39m[K
[32mTraining trees...                  100%|████████████████| Time: 0:00:01[39m[K
[?25hTrain accuracy: 0.8412135539795115
Test accuracy: 0.8416491596638656
Number of nodes: 3
Student reward: -100.19
Iteration 3/20
Training student with 29154 points
[?25l
[32mTraining trees...                    0%|                |  ETA: N/A[39m[K
[32mTraining trees...                    5%|▊               |  ETA: 0:00:02[39m[K
[32mTraining trees...                   11%|█▊              |  ETA: 0:00:02[39m[K
[32mTraining trees...                   17%|██▊             |  ETA: 0:00:02[39m[K
[32mTraining trees...                   23%|███▋            |  ETA: 0:00:02[39m[K
[32mTraining trees...                   29%|████▋           |  ETA: 0:00:01[39m[K
[32mTraining trees...                   35%|█████▋          |  ETA: 0:00:01[39m[K
[32mTraining trees...                   41%|██████▌         |  ETA: 0:00:01[39m[K
[32mTraining trees...                   47%|███████▌        |  ETA: 0:00:01[39m[K
[32mTraining trees...                   53%|████████▌       |  ETA: 0:00:01[39m[K
[32mTraining trees...                   58%|█████████▎      |  ETA: 0:00:01[39m[K
[32mTraining trees...                   64%|██████████▎     |  ETA: 0:00:01[39m[K
[32mTraining trees...                   70%|███████████▎    |  ETA: 0:00:01[39m[K
[32mTraining trees...                   76%|████████████▏   |  ETA: 0:00:00[39m[K
[32mTraining trees...                   82%|█████████████▏  |  ETA: 0:00:00[39m[K
[32mTraining trees...                   88%|██████████████▏ |  ETA: 0:00:00[39m[K
[32mTraining trees...                   94%|███████████████ |  ETA: 0:00:00[39m[K
[32mTraining trees...                  100%|████████████████| Time: 0:00:01[39m[K
[32mTraining trees...                  100%|████████████████| Time: 0:00:01[39m[K
[?25hTrain accuracy: 0.8424730952278866
Test accuracy: 0.8360487051963642
Number of nodes: 3
Student reward: -97.49
Iteration 4/20
Training student with 39002 points
[?25l
[32mTraining trees...                    0%|                |  ETA: N/A[39m[K
[32mTraining trees...                    4%|▋               |  ETA: 0:00:03[39m[K
[32mTraining trees...                    8%|█▎              |  ETA: 0:00:02[39m[K
[32mTraining trees...                   12%|█▉              |  ETA: 0:00:02[39m[K
[32mTraining trees...                   16%|██▌             |  ETA: 0:00:02[39m[K
[32mTraining trees...                   20%|███▎            |  ETA: 0:00:02[39m[K
[32mTraining trees...                   24%|███▉            |  ETA: 0:00:02[39m[K
[32mTraining trees...                   28%|████▌           |  ETA: 0:00:02[39m[K
[32mTraining trees...                   32%|█████▏          |  ETA: 0:00:02[39m[K
[32mTraining trees...                   36%|█████▊          |  ETA: 0:00:02[39m[K
[32mTraining trees...                   40%|██████▍         |  ETA: 0:00:02[39m[K
[32mTraining trees...                   44%|███████         |  ETA: 0:00:01[39m[K
[32mTraining trees...                   48%|███████▋        |  ETA: 0:00:01[39m[K
[32mTraining trees...                   52%|████████▍       |  ETA: 0:00:01[39m[K
[32mTraining trees...                   56%|█████████       |  ETA: 0:00:01[39m[K
[32mTraining trees...                   60%|█████████▋      |  ETA: 0:00:01[39m[K
[32mTraining trees...                   65%|██████████▍     |  ETA: 0:00:01[39m[K
[32mTraining trees...                   69%|███████████     |  ETA: 0:00:01[39m[K
[32mTraining trees...                   73%|███████████▋    |  ETA: 0:00:01[39m[K
[32mTraining trees...                   77%|████████████▍   |  ETA: 0:00:01[39m[K
[32mTraining trees...                   81%|█████████████   |  ETA: 0:00:01[39m[K
[32mTraining trees...                   85%|█████████████▋  |  ETA: 0:00:00[39m[K
[32mTraining trees...                   89%|██████████████▎ |  ETA: 0:00:00[39m[K
[32mTraining trees...                   93%|██████████████▉ |  ETA: 0:00:00[39m[K
[32mTraining trees...                   97%|███████████████▌|  ETA: 0:00:00[39m[K
[32mTraining trees...                  100%|████████████████| Time: 0:00:02[39m[K
[32mTraining trees...                  100%|████████████████| Time: 0:00:02[39m[K
[?25hTrain accuracy: 0.8394282234543765
Test accuracy: 0.8337392641968978
Number of nodes: 3
Student reward: -100.16
Iteration 5/20
Training student with 49116 points
[?25l
[32mTraining trees...                    0%|                |  ETA: N/A[39m[K
[32mTraining trees...                    3%|▌               |  ETA: 0:00:03[39m[K
[32mTraining trees...                    6%|█               |  ETA: 0:00:03[39m[K
[32mTraining trees...                    9%|█▌              |  ETA: 0:00:03[39m[K
[32mTraining trees...                   12%|█▉              |  ETA: 0:00:03[39m[K
[32mTraining trees...                   15%|██▍             |  ETA: 0:00:03[39m[K
[32mTraining trees...                   18%|██▉             |  ETA: 0:00:03[39m[K
[32mTraining trees...                   21%|███▍            |  ETA: 0:00:03[39m[K
[32mTraining trees...                   24%|███▉            |  ETA: 0:00:03[39m[K
[32mTraining trees...                   27%|████▍           |  ETA: 0:00:03[39m[K
[32mTraining trees...                   30%|████▊           |  ETA: 0:00:02[39m[K
[32mTraining trees...                   33%|█████▎          |  ETA: 0:00:02[39m[K
[32mTraining trees...                   36%|█████▊          |  ETA: 0:00:02[39m[K
[32mTraining trees...                   39%|██████▎         |  ETA: 0:00:02[39m[K
[32mTraining trees...                   42%|██████▊         |  ETA: 0:00:02[39m[K
[32mTraining trees...                   45%|███████▎        |  ETA: 0:00:02[39m[K
[32mTraining trees...                   48%|███████▋        |  ETA: 0:00:02[39m[K
[32mTraining trees...                   51%|████████▏       |  ETA: 0:00:02[39m[K
[32mTraining trees...                   54%|████████▋       |  ETA: 0:00:02[39m[K
[32mTraining trees...                   57%|█████████▏      |  ETA: 0:00:01[39m[K
[32mTraining trees...                   60%|█████████▋      |  ETA: 0:00:01[39m[K
[32mTraining trees...                   63%|██████████▏     |  ETA: 0:00:01[39m[K
[32mTraining trees...                   66%|██████████▌     |  ETA: 0:00:01[39m[K
[32mTraining trees...                   69%|███████████     |  ETA: 0:00:01[39m[K
[32mTraining trees...                   72%|███████████▌    |  ETA: 0:00:01[39m[K
[32mTraining trees...                   75%|████████████    |  ETA: 0:00:01[39m[K
[32mTraining trees...                   78%|████████████▌   |  ETA: 0:00:01[39m[K
[32mTraining trees...                   81%|█████████████   |  ETA: 0:00:01[39m[K
[32mTraining trees...                   84%|█████████████▌  |  ETA: 0:00:01[39m[K
[32mTraining trees...                   87%|█████████████▉  |  ETA: 0:00:00[39m[K
[32mTraining trees...                   90%|██████████████▍ |  ETA: 0:00:00[39m[K
[32mTraining trees...                   93%|██████████████▉ |  ETA: 0:00:00[39m[K
[32mTraining trees...                   96%|███████████████▍|  ETA: 0:00:00[39m[K
[32mTraining trees...                   99%|███████████████▉|  ETA: 0:00:00[39m[K
[32mTraining trees...                  100%|████████████████| Time: 0:00:03[39m[K
[32mTraining trees...                  100%|████████████████| Time: 0:00:03[39m[K
[?25hTrain accuracy: 0.8380586378906648
Test accuracy: 0.832349348534202
Number of nodes: 3
Student reward: -93.78
Iteration 6/20
Training student with 58594 points
[?25l
[32mTraining trees...                    0%|                |  ETA: N/A[39m[K
[32mTraining trees...                    3%|▌               |  ETA: 0:00:04[39m[K
[32mTraining trees...                    6%|█               |  ETA: 0:00:04[39m[K
[32mTraining trees...                    9%|█▌              |  ETA: 0:00:04[39m[K
[32mTraining trees...                   12%|█▉              |  ETA: 0:00:04[39m[K
[32mTraining trees...                   15%|██▍             |  ETA: 0:00:03[39m[K
[32mTraining trees...                   18%|██▉             |  ETA: 0:00:03[39m[K
[32mTraining trees...                   21%|███▍            |  ETA: 0:00:03[39m[K
[32mTraining trees...                   24%|███▉            |  ETA: 0:00:03[39m[K
[32mTraining trees...                   27%|████▍           |  ETA: 0:00:03[39m[K
[32mTraining trees...                   30%|████▊           |  ETA: 0:00:03[39m[K
[32mTraining trees...                   33%|█████▎          |  ETA: 0:00:03[39m[K
[32mTraining trees...                   36%|█████▊          |  ETA: 0:00:03[39m[K
[32mTraining trees...                   39%|██████▎         |  ETA: 0:00:02[39m[K
[32mTraining trees...                   42%|██████▊         |  ETA: 0:00:02[39m[K
[32mTraining trees...                   45%|███████▎        |  ETA: 0:00:02[39m[K
[32mTraining trees...                   48%|███████▋        |  ETA: 0:00:02[39m[K
[32mTraining trees...                   51%|████████▏       |  ETA: 0:00:02[39m[K
[32mTraining trees...                   54%|████████▋       |  ETA: 0:00:02[39m[K
[32mTraining trees...                   57%|█████████▏      |  ETA: 0:00:02[39m[K
[32mTraining trees...                   60%|█████████▋      |  ETA: 0:00:02[39m[K
[32mTraining trees...                   63%|██████████▏     |  ETA: 0:00:01[39m[K
[32mTraining trees...                   66%|██████████▌     |  ETA: 0:00:01[39m[K
[32mTraining trees...                   69%|███████████     |  ETA: 0:00:01[39m[K
[32mTraining trees...                   72%|███████████▌    |  ETA: 0:00:01[39m[K
[32mTraining trees...                   75%|████████████    |  ETA: 0:00:01[39m[K
[32mTraining trees...                   78%|████████████▌   |  ETA: 0:00:01[39m[K
[32mTraining trees...                   81%|█████████████   |  ETA: 0:00:01[39m[K
[32mTraining trees...                   84%|█████████████▌  |  ETA: 0:00:01[39m[K
[32mTraining trees...                   87%|█████████████▉  |  ETA: 0:00:01[39m[K
[32mTraining trees...                   90%|██████████████▍ |  ETA: 0:00:00[39m[K
[32mTraining trees...                   93%|██████████████▉ |  ETA: 0:00:00[39m[K
[32mTraining trees...                   96%|███████████████▍|  ETA: 0:00:00[39m[K
[32mTraining trees...                   99%|███████████████▉|  ETA: 0:00:00[39m[K
[32mTraining trees...                  100%|████████████████| Time: 0:00:04[39m[K
[32mTraining trees...                  100%|████████████████| Time: 0:00:04[39m[K
[?25hTrain accuracy: 0.836608
Test accuracy: 0.8386381090536735
Number of nodes: 3
Student reward: -94.95
Iteration 7/20
Training student with 68189 points
[?25l
[32mTraining trees...                    0%|                |  ETA: N/A[39m[K
[32mTraining trees...                    3%|▌               |  ETA: 0:00:05[39m[K
[32mTraining trees...                    6%|█               |  ETA: 0:00:04[39m[K
[32mTraining trees...                    9%|█▌              |  ETA: 0:00:04[39m[K
[32mTraining trees...                   12%|█▉              |  ETA: 0:00:04[39m[K
[32mTraining trees...                   15%|██▍             |  ETA: 0:00:04[39m[K
[32mTraining trees...                   18%|██▉             |  ETA: 0:00:04[39m[K
[32mTraining trees...                   21%|███▍            |  ETA: 0:00:04[39m[K
[32mTraining trees...                   24%|███▉            |  ETA: 0:00:04[39m[K
[32mTraining trees...                   27%|████▍           |  ETA: 0:00:03[39m[K
[32mTraining trees...                   30%|████▊           |  ETA: 0:00:03[39m[K
[32mTraining trees...                   33%|█████▎          |  ETA: 0:00:03[39m[K
[32mTraining trees...                   36%|█████▊          |  ETA: 0:00:03[39m[K
[32mTraining trees...                   39%|██████▎         |  ETA: 0:00:03[39m[K
[32mTraining trees...                   42%|██████▊         |  ETA: 0:00:03[39m[K
[32mTraining trees...                   45%|███████▎        |  ETA: 0:00:03[39m[K
[32mTraining trees...                   48%|███████▋        |  ETA: 0:00:02[39m[K
[32mTraining trees...                   51%|████████▏       |  ETA: 0:00:02[39m[K
[32mTraining trees...                   54%|████████▋       |  ETA: 0:00:02[39m[K
[32mTraining trees...                   57%|█████████▏      |  ETA: 0:00:02[39m[K
[32mTraining trees...                   60%|█████████▋      |  ETA: 0:00:02[39m[K
[32mTraining trees...                   63%|██████████▏     |  ETA: 0:00:02[39m[K
[32mTraining trees...                   66%|██████████▌     |  ETA: 0:00:02[39m[K
[32mTraining trees...                   69%|███████████     |  ETA: 0:00:01[39m[K
[32mTraining trees...                   72%|███████████▌    |  ETA: 0:00:01[39m[K
[32mTraining trees...                   75%|████████████    |  ETA: 0:00:01[39m[K
[32mTraining trees...                   78%|████████████▌   |  ETA: 0:00:01[39m[K
[32mTraining trees...                   81%|█████████████   |  ETA: 0:00:01[39m[K
[32mTraining trees...                   84%|█████████████▌  |  ETA: 0:00:01[39m[K
[32mTraining trees...                   87%|█████████████▉  |  ETA: 0:00:01[39m[K
[32mTraining trees...                   90%|██████████████▍ |  ETA: 0:00:00[39m[K
[32mTraining trees...                   93%|██████████████▉ |  ETA: 0:00:00[39m[K
[32mTraining trees...                   96%|███████████████▍|  ETA: 0:00:00[39m[K
[32mTraining trees...                   99%|███████████████▉|  ETA: 0:00:00[39m[K
[32mTraining trees...                  100%|████████████████| Time: 0:00:04[39m[K
[32mTraining trees...                  100%|████████████████| Time: 0:00:04[39m[K
[?25hTrain accuracy: 0.8340085424648495
Test accuracy: 0.8317201935767707
Number of nodes: 3
Student reward: -94.04
Iteration 8/20
Training student with 77693 points
[?25l
[32mTraining trees...                    0%|                |  ETA: N/A[39m[K
[32mTraining trees...                    2%|▍               |  ETA: 0:00:05[39m[K
[32mTraining trees...                    4%|▋               |  ETA: 0:00:05[39m[K
[32mTraining trees...                    6%|█               |  ETA: 0:00:05[39m[K
[32mTraining trees...                    8%|█▎              |  ETA: 0:00:05[39m[K
[32mTraining trees...                   10%|█▋              |  ETA: 0:00:05[39m[K
[32mTraining trees...                   12%|█▉              |  ETA: 0:00:05[39m[K
[32mTraining trees...                   14%|██▎             |  ETA: 0:00:05[39m[K
[32mTraining trees...                   16%|██▌             |  ETA: 0:00:05[39m[K
[32mTraining trees...                   18%|██▉             |  ETA: 0:00:04[39m[K
[32mTraining trees...                   20%|███▎            |  ETA: 0:00:04[39m[K
[32mTraining trees...                   22%|███▌            |  ETA: 0:00:04[39m[K
[32mTraining trees...                   24%|███▉            |  ETA: 0:00:04[39m[K
[32mTraining trees...                   26%|████▏           |  ETA: 0:00:04[39m[K
[32mTraining trees...                   28%|████▌           |  ETA: 0:00:04[39m[K
[32mTraining trees...                   30%|████▊           |  ETA: 0:00:04[39m[K
[32mTraining trees...                   32%|█████▏          |  ETA: 0:00:04[39m[K
[32mTraining trees...                   34%|█████▌          |  ETA: 0:00:04[39m[K
[32mTraining trees...                   36%|█████▊          |  ETA: 0:00:04[39m[K
[32mTraining trees...                   38%|██████▏         |  ETA: 0:00:03[39m[K
[32mTraining trees...                   40%|██████▍         |  ETA: 0:00:03[39m[K
[32mTraining trees...                   42%|██████▊         |  ETA: 0:00:03[39m[K
[32mTraining trees...                   44%|███████         |  ETA: 0:00:03[39m[K
[32mTraining trees...                   46%|███████▍        |  ETA: 0:00:03[39m[K
[32mTraining trees...                   48%|███████▋        |  ETA: 0:00:03[39m[K
[32mTraining trees...                   50%|████████        |  ETA: 0:00:03[39m[K
[32mTraining trees...                   52%|████████▍       |  ETA: 0:00:03[39m[K
[32mTraining trees...                   54%|████████▋       |  ETA: 0:00:03[39m[K
[32mTraining trees...                   56%|█████████       |  ETA: 0:00:02[39m[K
[32mTraining trees...                   58%|█████████▎      |  ETA: 0:00:02[39m[K
[32mTraining trees...                   60%|█████████▋      |  ETA: 0:00:02[39m[K
[32mTraining trees...                   62%|█████████▉      |  ETA: 0:00:02[39m[K
[32mTraining trees...                   64%|██████████▎     |  ETA: 0:00:02[39m[K
[32mTraining trees...                   66%|██████████▌     |  ETA: 0:00:02[39m[K
[32mTraining trees...                   68%|██████████▉     |  ETA: 0:00:02[39m[K
[32mTraining trees...                   70%|███████████▎    |  ETA: 0:00:02[39m[K
[32mTraining trees...                   72%|███████████▌    |  ETA: 0:00:02[39m[K
[32mTraining trees...                   74%|███████████▉    |  ETA: 0:00:01[39m[K
[32mTraining trees...                   76%|████████████▏   |  ETA: 0:00:01[39m[K
[32mTraining trees...                   78%|████████████▌   |  ETA: 0:00:01[39m[K
[32mTraining trees...                   80%|████████████▊   |  ETA: 0:00:01[39m[K
[32mTraining trees...                   82%|█████████████▏  |  ETA: 0:00:01[39m[K
[32mTraining trees...                   84%|█████████████▌  |  ETA: 0:00:01[39m[K
[32mTraining trees...                   86%|█████████████▊  |  ETA: 0:00:01[39m[K
[32mTraining trees...                   88%|██████████████▏ |  ETA: 0:00:01[39m[K
[32mTraining trees...                   90%|██████████████▍ |  ETA: 0:00:01[39m[K
[32mTraining trees...                   92%|██████████████▊ |  ETA: 0:00:00[39m[K
[32mTraining trees...                   94%|███████████████ |  ETA: 0:00:00[39m[K
[32mTraining trees...                   96%|███████████████▍|  ETA: 0:00:00[39m[K
[32mTraining trees...                   98%|███████████████▋|  ETA: 0:00:00[39m[K
[32mTraining trees...                  100%|████████████████| Time: 0:00:05[39m[K
[32mTraining trees...                  100%|████████████████| Time: 0:00:05[39m[K
[?25hTrain accuracy: 0.8393506451716704
Test accuracy: 0.8315206898770835
Number of nodes: 3
Student reward: -94.81
Iteration 9/20
Training student with 80000 points
[?25l
[32mTraining trees...                    0%|                |  ETA: N/A[39m[K
[32mTraining trees...                    2%|▍               |  ETA: 0:00:06[39m[K
[32mTraining trees...                    4%|▋               |  ETA: 0:00:06[39m[K
[32mTraining trees...                    6%|█               |  ETA: 0:00:06[39m[K
[32mTraining trees...                    8%|█▎              |  ETA: 0:00:05[39m[K
[32mTraining trees...                   10%|█▋              |  ETA: 0:00:05[39m[K
[32mTraining trees...                   12%|█▉              |  ETA: 0:00:05[39m[K
[32mTraining trees...                   14%|██▎             |  ETA: 0:00:05[39m[K
[32mTraining trees...                   16%|██▌             |  ETA: 0:00:05[39m[K
[32mTraining trees...                   18%|██▉             |  ETA: 0:00:05[39m[K
[32mTraining trees...                   20%|███▎            |  ETA: 0:00:05[39m[K
[32mTraining trees...                   22%|███▌            |  ETA: 0:00:05[39m[K
[32mTraining trees...                   24%|███▉            |  ETA: 0:00:04[39m[K
[32mTraining trees...                   26%|████▏           |  ETA: 0:00:04[39m[K
[32mTraining trees...                   28%|████▌           |  ETA: 0:00:04[39m[K
[32mTraining trees...                   30%|████▊           |  ETA: 0:00:04[39m[K
[32mTraining trees...                   32%|█████▏          |  ETA: 0:00:04[39m[K
[32mTraining trees...                   34%|█████▌          |  ETA: 0:00:04[39m[K
[32mTraining trees...                   36%|█████▊          |  ETA: 0:00:04[39m[K
[32mTraining trees...                   38%|██████▏         |  ETA: 0:00:04[39m[K
[32mTraining trees...                   40%|██████▍         |  ETA: 0:00:03[39m[K
[32mTraining trees...                   42%|██████▊         |  ETA: 0:00:03[39m[K
[32mTraining trees...                   44%|███████         |  ETA: 0:00:03[39m[K
[32mTraining trees...                   46%|███████▍        |  ETA: 0:00:03[39m[K
[32mTraining trees...                   48%|███████▋        |  ETA: 0:00:03[39m[K
[32mTraining trees...                   50%|████████        |  ETA: 0:00:03[39m[K
[32mTraining trees...                   52%|████████▍       |  ETA: 0:00:03[39m[K
[32mTraining trees...                   54%|████████▋       |  ETA: 0:00:03[39m[K
[32mTraining trees...                   56%|█████████       |  ETA: 0:00:03[39m[K
[32mTraining trees...                   58%|█████████▎      |  ETA: 0:00:02[39m[K
[32mTraining trees...                   60%|█████████▋      |  ETA: 0:00:02[39m[K
[32mTraining trees...                   62%|█████████▉      |  ETA: 0:00:02[39m[K
[32mTraining trees...                   64%|██████████▎     |  ETA: 0:00:02[39m[K
[32mTraining trees...                   66%|██████████▌     |  ETA: 0:00:02[39m[K
[32mTraining trees...                   68%|██████████▉     |  ETA: 0:00:02[39m[K
[32mTraining trees...                   70%|███████████▎    |  ETA: 0:00:02[39m[K
[32mTraining trees...                   72%|███████████▌    |  ETA: 0:00:02[39m[K
[32mTraining trees...                   74%|███████████▉    |  ETA: 0:00:01[39m[K
[32mTraining trees...                   76%|████████████▏   |  ETA: 0:00:01[39m[K
[32mTraining trees...                   78%|████████████▌   |  ETA: 0:00:01[39m[K
[32mTraining trees...                   80%|████████████▊   |  ETA: 0:00:01[39m[K
[32mTraining trees...                   82%|█████████████▏  |  ETA: 0:00:01[39m[K
[32mTraining trees...                   84%|█████████████▌  |  ETA: 0:00:01[39m[K
[32mTraining trees...                   86%|█████████████▊  |  ETA: 0:00:01[39m[K
[32mTraining trees...                   88%|██████████████▏ |  ETA: 0:00:01[39m[K
[32mTraining trees...                   90%|██████████████▍ |  ETA: 0:00:01[39m[K
[32mTraining trees...                   92%|██████████████▊ |  ETA: 0:00:00[39m[K
[32mTraining trees...                   94%|███████████████ |  ETA: 0:00:00[39m[K
[32mTraining trees...                   96%|███████████████▍|  ETA: 0:00:00[39m[K
[32mTraining trees...                   98%|███████████████▋|  ETA: 0:00:00[39m[K
[32mTraining trees...                  100%|████████████████| Time: 0:00:05[39m[K
[32mTraining trees...                  100%|████████████████| Time: 0:00:05[39m[K
[?25hTrain accuracy: 0.839765625
Test accuracy: 0.8286875
Number of nodes: 3
Student reward: -93.14
Iteration 10/20
Training student with 80000 points
[?25l
[32mTraining trees...                    0%|                |  ETA: N/A[39m[K
[32mTraining trees...                    2%|▍               |  ETA: 0:00:06[39m[K
[32mTraining trees...                    4%|▋               |  ETA: 0:00:06[39m[K
[32mTraining trees...                    6%|█               |  ETA: 0:00:06[39m[K
[32mTraining trees...                    8%|█▎              |  ETA: 0:00:06[39m[K
[32mTraining trees...                   10%|█▋              |  ETA: 0:00:05[39m[K
[32mTraining trees...                   12%|█▉              |  ETA: 0:00:05[39m[K
[32mTraining trees...                   14%|██▎             |  ETA: 0:00:05[39m[K
[32mTraining trees...                   16%|██▌             |  ETA: 0:00:05[39m[K
[32mTraining trees...                   18%|██▉             |  ETA: 0:00:05[39m[K
[32mTraining trees...                   20%|███▎            |  ETA: 0:00:05[39m[K
[32mTraining trees...                   22%|███▌            |  ETA: 0:00:05[39m[K
[32mTraining trees...                   24%|███▉            |  ETA: 0:00:05[39m[K
[32mTraining trees...                   26%|████▏           |  ETA: 0:00:05[39m[K
[32mTraining trees...                   28%|████▌           |  ETA: 0:00:04[39m[K
[32mTraining trees...                   30%|████▊           |  ETA: 0:00:04[39m[K
[32mTraining trees...                   32%|█████▏          |  ETA: 0:00:04[39m[K
[32mTraining trees...                   34%|█████▌          |  ETA: 0:00:04[39m[K
[32mTraining trees...                   36%|█████▊          |  ETA: 0:00:04[39m[K
[32mTraining trees...                   38%|██████▏         |  ETA: 0:00:04[39m[K
[32mTraining trees...                   40%|██████▍         |  ETA: 0:00:04[39m[K
[32mTraining trees...                   42%|██████▊         |  ETA: 0:00:04[39m[K
[32mTraining trees...                   44%|███████         |  ETA: 0:00:03[39m[K
[32mTraining trees...                   46%|███████▍        |  ETA: 0:00:03[39m[K
[32mTraining trees...                   48%|███████▋        |  ETA: 0:00:03[39m[K
[32mTraining trees...                   50%|████████        |  ETA: 0:00:03[39m[K
[32mTraining trees...                   52%|████████▍       |  ETA: 0:00:03[39m[K
[32mTraining trees...                   54%|████████▋       |  ETA: 0:00:03[39m[K
[32mTraining trees...                   56%|█████████       |  ETA: 0:00:03[39m[K
[32mTraining trees...                   58%|█████████▎      |  ETA: 0:00:03[39m[K
[32mTraining trees...                   60%|█████████▋      |  ETA: 0:00:02[39m[K
[32mTraining trees...                   62%|█████████▉      |  ETA: 0:00:02[39m[K
[32mTraining trees...                   64%|██████████▎     |  ETA: 0:00:02[39m[K
[32mTraining trees...                   66%|██████████▌     |  ETA: 0:00:02[39m[K
[32mTraining trees...                   68%|██████████▉     |  ETA: 0:00:02[39m[K
[32mTraining trees...                   70%|███████████▎    |  ETA: 0:00:02[39m[K
[32mTraining trees...                   72%|███████████▌    |  ETA: 0:00:02[39m[K
[32mTraining trees...                   74%|███████████▉    |  ETA: 0:00:02[39m[K
[32mTraining trees...                   76%|████████████▏   |  ETA: 0:00:01[39m[K
[32mTraining trees...                   78%|████████████▌   |  ETA: 0:00:01[39m[K
[32mTraining trees...                   80%|████████████▊   |  ETA: 0:00:01[39m[K
[32mTraining trees...                   82%|█████████████▏  |  ETA: 0:00:01[39m[K
[32mTraining trees...                   84%|█████████████▌  |  ETA: 0:00:01[39m[K
[32mTraining trees...                   86%|█████████████▊  |  ETA: 0:00:01[39m[K
[32mTraining trees...                   88%|██████████████▏ |  ETA: 0:00:01[39m[K
[32mTraining trees...                   90%|██████████████▍ |  ETA: 0:00:01[39m[K
[32mTraining trees...                   92%|██████████████▊ |  ETA: 0:00:00[39m[K
[32mTraining trees...                   94%|███████████████ |  ETA: 0:00:00[39m[K
[32mTraining trees...                   96%|███████████████▍|  ETA: 0:00:00[39m[K
[32mTraining trees...                   98%|███████████████▋|  ETA: 0:00:00[39m[K
[32mTraining trees...                  100%|████████████████| Time: 0:00:06[39m[K
[32mTraining trees...                  100%|████████████████| Time: 0:00:06[39m[K
[?25hTrain accuracy: 0.84065625
Test accuracy: 0.8383125
Number of nodes: 3
Student reward: -85.22
Iteration 11/20
Training student with 80000 points
[?25l
[32mTraining trees...                    0%|                |  ETA: N/A[39m[K
[32mTraining trees...                    2%|▍               |  ETA: 0:00:06[39m[K
[32mTraining trees...                    4%|▋               |  ETA: 0:00:06[39m[K
[32mTraining trees...                    6%|█               |  ETA: 0:00:06[39m[K
[32mTraining trees...                    8%|█▎              |  ETA: 0:00:06[39m[K
[32mTraining trees...                   10%|█▋              |  ETA: 0:00:05[39m[K
[32mTraining trees...                   12%|█▉              |  ETA: 0:00:05[39m[K
[32mTraining trees...                   14%|██▎             |  ETA: 0:00:05[39m[K
[32mTraining trees...                   16%|██▌             |  ETA: 0:00:05[39m[K
[32mTraining trees...                   18%|██▉             |  ETA: 0:00:05[39m[K
[32mTraining trees...                   20%|███▎            |  ETA: 0:00:05[39m[K
[32mTraining trees...                   22%|███▌            |  ETA: 0:00:05[39m[K
[32mTraining trees...                   24%|███▉            |  ETA: 0:00:04[39m[K
[32mTraining trees...                   26%|████▏           |  ETA: 0:00:04[39m[K
[32mTraining trees...                   28%|████▌           |  ETA: 0:00:04[39m[K
[32mTraining trees...                   30%|████▊           |  ETA: 0:00:04[39m[K
[32mTraining trees...                   32%|█████▏          |  ETA: 0:00:04[39m[K
[32mTraining trees...                   34%|█████▌          |  ETA: 0:00:04[39m[K
[32mTraining trees...                   36%|█████▊          |  ETA: 0:00:04[39m[K
[32mTraining trees...                   38%|██████▏         |  ETA: 0:00:04[39m[K
[32mTraining trees...                   40%|██████▍         |  ETA: 0:00:04[39m[K
[32mTraining trees...                   42%|██████▊         |  ETA: 0:00:03[39m[K
[32mTraining trees...                   44%|███████         |  ETA: 0:00:03[39m[K
[32mTraining trees...                   46%|███████▍        |  ETA: 0:00:03[39m[K
[32mTraining trees...                   48%|███████▋        |  ETA: 0:00:03[39m[K
[32mTraining trees...                   50%|████████        |  ETA: 0:00:03[39m[K
[32mTraining trees...                   52%|████████▍       |  ETA: 0:00:03[39m[K
[32mTraining trees...                   54%|████████▋       |  ETA: 0:00:03[39m[K
[32mTraining trees...                   56%|█████████       |  ETA: 0:00:03[39m[K
[32mTraining trees...                   58%|█████████▎      |  ETA: 0:00:02[39m[K
[32mTraining trees...                   60%|█████████▋      |  ETA: 0:00:02[39m[K
[32mTraining trees...                   62%|█████████▉      |  ETA: 0:00:02[39m[K
[32mTraining trees...                   64%|██████████▎     |  ETA: 0:00:02[39m[K
[32mTraining trees...                   66%|██████████▌     |  ETA: 0:00:02[39m[K
[32mTraining trees...                   68%|██████████▉     |  ETA: 0:00:02[39m[K
[32mTraining trees...                   71%|███████████▍    |  ETA: 0:00:02[39m[K
[32mTraining trees...                   73%|███████████▋    |  ETA: 0:00:02[39m[K
[32mTraining trees...                   75%|████████████    |  ETA: 0:00:01[39m[K
[32mTraining trees...                   77%|████████████▍   |  ETA: 0:00:01[39m[K
[32mTraining trees...                   79%|████████████▋   |  ETA: 0:00:01[39m[K
[32mTraining trees...                   81%|█████████████   |  ETA: 0:00:01[39m[K
[32mTraining trees...                   83%|█████████████▎  |  ETA: 0:00:01[39m[K
[32mTraining trees...                   85%|█████████████▋  |  ETA: 0:00:01[39m[K
[32mTraining trees...                   87%|█████████████▉  |  ETA: 0:00:01[39m[K
[32mTraining trees...                   89%|██████████████▎ |  ETA: 0:00:01[39m[K
[32mTraining trees...                   91%|██████████████▌ |  ETA: 0:00:01[39m[K
[32mTraining trees...                   93%|██████████████▉ |  ETA: 0:00:00[39m[K
[32mTraining trees...                   95%|███████████████▎|  ETA: 0:00:00[39m[K
[32mTraining trees...                   97%|███████████████▌|  ETA: 0:00:00[39m[K
[32mTraining trees...                   99%|███████████████▉|  ETA: 0:00:00[39m[K
[32mTraining trees...                  100%|████████████████| Time: 0:00:05[39m[K
[32mTraining trees...                  100%|████████████████| Time: 0:00:05[39m[K
[?25hTrain accuracy: 0.839828125
Test accuracy: 0.8390625
Number of nodes: 3
Student reward: -88.3
Iteration 12/20
Training student with 80000 points
[?25l
[32mTraining trees...                    0%|                |  ETA: N/A[39m[K
[32mTraining trees...                    2%|▍               |  ETA: 0:00:06[39m[K
[32mTraining trees...                    4%|▋               |  ETA: 0:00:06[39m[K
[32mTraining trees...                    6%|█               |  ETA: 0:00:06[39m[K
[32mTraining trees...                    8%|█▎              |  ETA: 0:00:06[39m[K
[32mTraining trees...                   10%|█▋              |  ETA: 0:00:06[39m[K
[32mTraining trees...                   12%|█▉              |  ETA: 0:00:06[39m[K
[32mTraining trees...                   14%|██▎             |  ETA: 0:00:06[39m[K
[32mTraining trees...                   16%|██▌             |  ETA: 0:00:05[39m[K
[32mTraining trees...                   18%|██▉             |  ETA: 0:00:05[39m[K
[32mTraining trees...                   20%|███▎            |  ETA: 0:00:05[39m[K
[32mTraining trees...                   22%|███▌            |  ETA: 0:00:05[39m[K
[32mTraining trees...                   24%|███▉            |  ETA: 0:00:05[39m[K
[32mTraining trees...                   26%|████▏           |  ETA: 0:00:05[39m[K
[32mTraining trees...                   28%|████▌           |  ETA: 0:00:05[39m[K
[32mTraining trees...                   30%|████▊           |  ETA: 0:00:05[39m[K
[32mTraining trees...                   32%|█████▏          |  ETA: 0:00:04[39m[K
[32mTraining trees...                   34%|█████▌          |  ETA: 0:00:04[39m[K
[32mTraining trees...                   36%|█████▊          |  ETA: 0:00:04[39m[K
[32mTraining trees...                   38%|██████▏         |  ETA: 0:00:04[39m[K
[32mTraining trees...                   40%|██████▍         |  ETA: 0:00:04[39m[K
[32mTraining trees...                   42%|██████▊         |  ETA: 0:00:04[39m[K
[32mTraining trees...                   44%|███████         |  ETA: 0:00:04[39m[K
[32mTraining trees...                   46%|███████▍        |  ETA: 0:00:04[39m[K
[32mTraining trees...                   48%|███████▋        |  ETA: 0:00:03[39m[K
[32mTraining trees...                   50%|████████        |  ETA: 0:00:03[39m[K
[32mTraining trees...                   52%|████████▍       |  ETA: 0:00:03[39m[K
[32mTraining trees...                   54%|████████▋       |  ETA: 0:00:03[39m[K
[32mTraining trees...                   56%|█████████       |  ETA: 0:00:03[39m[K
[32mTraining trees...                   58%|█████████▎      |  ETA: 0:00:03[39m[K
[32mTraining trees...                   60%|█████████▋      |  ETA: 0:00:03[39m[K
[32mTraining trees...                   62%|█████████▉      |  ETA: 0:00:02[39m[K
[32mTraining trees...                   64%|██████████▎     |  ETA: 0:00:02[39m[K
[32mTraining trees...                   66%|██████████▌     |  ETA: 0:00:02[39m[K
[32mTraining trees...                   68%|██████████▉     |  ETA: 0:00:02[39m[K
[32mTraining trees...                   70%|███████████▎    |  ETA: 0:00:02[39m[K
[32mTraining trees...                   72%|███████████▌    |  ETA: 0:00:02[39m[K
[32mTraining trees...                   74%|███████████▉    |  ETA: 0:00:02[39m[K
[32mTraining trees...                   76%|████████████▏   |  ETA: 0:00:02[39m[K
[32mTraining trees...                   78%|████████████▌   |  ETA: 0:00:01[39m[K
[32mTraining trees...                   80%|████████████▊   |  ETA: 0:00:01[39m[K
[32mTraining trees...                   82%|█████████████▏  |  ETA: 0:00:01[39m[K
[32mTraining trees...                   84%|█████████████▌  |  ETA: 0:00:01[39m[K
[32mTraining trees...                   86%|█████████████▊  |  ETA: 0:00:01[39m[K
[32mTraining trees...                   88%|██████████████▏ |  ETA: 0:00:01[39m[K
[32mTraining trees...                   90%|██████████████▍ |  ETA: 0:00:01[39m[K
[32mTraining trees...                   92%|██████████████▊ |  ETA: 0:00:01[39m[K
[32mTraining trees...                   94%|███████████████ |  ETA: 0:00:00[39m[K
[32mTraining trees...                   96%|███████████████▍|  ETA: 0:00:00[39m[K
[32mTraining trees...                   98%|███████████████▋|  ETA: 0:00:00[39m[K
[32mTraining trees...                  100%|████████████████| Time: 0:00:06[39m[K
[32mTraining trees...                  100%|████████████████| Time: 0:00:06[39m[K
[?25hTrain accuracy: 0.8405
Test accuracy: 0.8405625
Number of nodes: 3
Student reward: -93.74
Iteration 13/20
Training student with 80000 points
[?25l
[32mTraining trees...                    0%|                |  ETA: N/A[39m[K
[32mTraining trees...                    2%|▍               |  ETA: 0:00:06[39m[K
[32mTraining trees...                    4%|▋               |  ETA: 0:00:06[39m[K
[32mTraining trees...                    6%|█               |  ETA: 0:00:06[39m[K
[32mTraining trees...                    8%|█▎              |  ETA: 0:00:05[39m[K
[32mTraining trees...                   10%|█▋              |  ETA: 0:00:05[39m[K
[32mTraining trees...                   13%|██▏             |  ETA: 0:00:05[39m[K
[32mTraining trees...                   15%|██▍             |  ETA: 0:00:05[39m[K
[32mTraining trees...                   17%|██▊             |  ETA: 0:00:05[39m[K
[32mTraining trees...                   19%|███             |  ETA: 0:00:05[39m[K
[32mTraining trees...                   21%|███▍            |  ETA: 0:00:05[39m[K
[32mTraining trees...                   23%|███▋            |  ETA: 0:00:04[39m[K
[32mTraining trees...                   25%|████            |  ETA: 0:00:04[39m[K
[32mTraining trees...                   27%|████▍           |  ETA: 0:00:04[39m[K
[32mTraining trees...                   29%|████▋           |  ETA: 0:00:04[39m[K
[32mTraining trees...                   31%|█████           |  ETA: 0:00:04[39m[K
[32mTraining trees...                   33%|█████▎          |  ETA: 0:00:04[39m[K
[32mTraining trees...                   35%|█████▋          |  ETA: 0:00:04[39m[K
[32mTraining trees...                   37%|█████▉          |  ETA: 0:00:04[39m[K
[32mTraining trees...                   39%|██████▎         |  ETA: 0:00:04[39m[K
[32mTraining trees...                   41%|██████▌         |  ETA: 0:00:03[39m[K
[32mTraining trees...                   43%|██████▉         |  ETA: 0:00:03[39m[K
[32mTraining trees...                   45%|███████▎        |  ETA: 0:00:03[39m[K
[32mTraining trees...                   47%|███████▌        |  ETA: 0:00:03[39m[K
[32mTraining trees...                   49%|███████▉        |  ETA: 0:00:03[39m[K
[32mTraining trees...                   51%|████████▏       |  ETA: 0:00:03[39m[K
[32mTraining trees...                   53%|████████▌       |  ETA: 0:00:03[39m[K
[32mTraining trees...                   55%|████████▊       |  ETA: 0:00:03[39m[K
[32mTraining trees...                   57%|█████████▏      |  ETA: 0:00:03[39m[K
[32mTraining trees...                   59%|█████████▌      |  ETA: 0:00:02[39m[K
[32mTraining trees...                   61%|█████████▊      |  ETA: 0:00:02[39m[K
[32mTraining trees...                   63%|██████████▏     |  ETA: 0:00:02[39m[K
[32mTraining trees...                   65%|██████████▍     |  ETA: 0:00:02[39m[K
[32mTraining trees...                   67%|██████████▊     |  ETA: 0:00:02[39m[K
[32mTraining trees...                   69%|███████████     |  ETA: 0:00:02[39m[K
[32mTraining trees...                   71%|███████████▍    |  ETA: 0:00:02[39m[K
[32mTraining trees...                   73%|███████████▋    |  ETA: 0:00:02[39m[K
[32mTraining trees...                   75%|████████████    |  ETA: 0:00:01[39m[K
[32mTraining trees...                   77%|████████████▍   |  ETA: 0:00:01[39m[K
[32mTraining trees...                   79%|████████████▋   |  ETA: 0:00:01[39m[K
[32mTraining trees...                   81%|█████████████   |  ETA: 0:00:01[39m[K
[32mTraining trees...                   83%|█████████████▎  |  ETA: 0:00:01[39m[K
[32mTraining trees...                   85%|█████████████▋  |  ETA: 0:00:01[39m[K
[32mTraining trees...                   87%|█████████████▉  |  ETA: 0:00:01[39m[K
[32mTraining trees...                   89%|██████████████▎ |  ETA: 0:00:01[39m[K
[32mTraining trees...                   91%|██████████████▌ |  ETA: 0:00:01[39m[K
[32mTraining trees...                   93%|██████████████▉ |  ETA: 0:00:00[39m[K
[32mTraining trees...                   95%|███████████████▎|  ETA: 0:00:00[39m[K
[32mTraining trees...                   97%|███████████████▌|  ETA: 0:00:00[39m[K
[32mTraining trees...                   99%|███████████████▉|  ETA: 0:00:00[39m[K
[32mTraining trees...                  100%|████████████████| Time: 0:00:05[39m[K
[32mTraining trees...                  100%|████████████████| Time: 0:00:05[39m[K
[?25hTrain accuracy: 0.840109375
Test accuracy: 0.8456875
Number of nodes: 3
Student reward: -91.94
Iteration 14/20
Training student with 80000 points
[?25l
[32mTraining trees...                    0%|                |  ETA: N/A[39m[K
[32mTraining trees...                    2%|▍               |  ETA: 0:00:06[39m[K
[32mTraining trees...                    4%|▋               |  ETA: 0:00:06[39m[K
[32mTraining trees...                    6%|█               |  ETA: 0:00:06[39m[K
[32mTraining trees...                    8%|█▎              |  ETA: 0:00:06[39m[K
[32mTraining trees...                   10%|█▋              |  ETA: 0:00:05[39m[K
[32mTraining trees...                   12%|█▉              |  ETA: 0:00:05[39m[K
[32mTraining trees...                   14%|██▎             |  ETA: 0:00:05[39m[K
[32mTraining trees...                   16%|██▌             |  ETA: 0:00:05[39m[K
[32mTraining trees...                   18%|██▉             |  ETA: 0:00:05[39m[K
[32mTraining trees...                   20%|███▎            |  ETA: 0:00:05[39m[K
[32mTraining trees...                   22%|███▌            |  ETA: 0:00:05[39m[K
[32mTraining trees...                   24%|███▉            |  ETA: 0:00:05[39m[K
[32mTraining trees...                   26%|████▏           |  ETA: 0:00:04[39m[K
[32mTraining trees...                   28%|████▌           |  ETA: 0:00:04[39m[K
[32mTraining trees...                   30%|████▊           |  ETA: 0:00:04[39m[K
[32mTraining trees...                   32%|█████▏          |  ETA: 0:00:04[39m[K
[32mTraining trees...                   34%|█████▌          |  ETA: 0:00:04[39m[K
[32mTraining trees...                   36%|█████▊          |  ETA: 0:00:04[39m[K
[32mTraining trees...                   38%|██████▏         |  ETA: 0:00:04[39m[K
[32mTraining trees...                   40%|██████▍         |  ETA: 0:00:04[39m[K
[32mTraining trees...                   42%|██████▊         |  ETA: 0:00:04[39m[K
[32mTraining trees...                   44%|███████         |  ETA: 0:00:03[39m[K
[32mTraining trees...                   46%|███████▍        |  ETA: 0:00:03[39m[K
[32mTraining trees...                   48%|███████▋        |  ETA: 0:00:03[39m[K
[32mTraining trees...                   50%|████████        |  ETA: 0:00:03[39m[K
[32mTraining trees...                   52%|████████▍       |  ETA: 0:00:03[39m[K
[32mTraining trees...                   54%|████████▋       |  ETA: 0:00:03[39m[K
[32mTraining trees...                   56%|█████████       |  ETA: 0:00:03[39m[K
[32mTraining trees...                   58%|█████████▎      |  ETA: 0:00:03[39m[K
[32mTraining trees...                   60%|█████████▋      |  ETA: 0:00:02[39m[K
[32mTraining trees...                   62%|█████████▉      |  ETA: 0:00:02[39m[K
[32mTraining trees...                   64%|██████████▎     |  ETA: 0:00:02[39m[K
[32mTraining trees...                   66%|██████████▌     |  ETA: 0:00:02[39m[K
[32mTraining trees...                   68%|██████████▉     |  ETA: 0:00:02[39m[K
[32mTraining trees...                   70%|███████████▎    |  ETA: 0:00:02[39m[K
[32mTraining trees...                   72%|███████████▌    |  ETA: 0:00:02[39m[K
[32mTraining trees...                   74%|███████████▉    |  ETA: 0:00:02[39m[K
[32mTraining trees...                   76%|████████████▏   |  ETA: 0:00:01[39m[K
[32mTraining trees...                   78%|████████████▌   |  ETA: 0:00:01[39m[K
[32mTraining trees...                   80%|████████████▊   |  ETA: 0:00:01[39m[K
[32mTraining trees...                   82%|█████████████▏  |  ETA: 0:00:01[39m[K
[32mTraining trees...                   84%|█████████████▌  |  ETA: 0:00:01[39m[K
[32mTraining trees...                   86%|█████████████▊  |  ETA: 0:00:01[39m[K
[32mTraining trees...                   88%|██████████████▏ |  ETA: 0:00:01[39m[K
[32mTraining trees...                   90%|██████████████▍ |  ETA: 0:00:01[39m[K
[32mTraining trees...                   92%|██████████████▊ |  ETA: 0:00:00[39m[K
[32mTraining trees...                   94%|███████████████ |  ETA: 0:00:00[39m[K
[32mTraining trees...                   96%|███████████████▍|  ETA: 0:00:00[39m[K
[32mTraining trees...                   98%|███████████████▋|  ETA: 0:00:00[39m[K
[32mTraining trees...                  100%|████████████████| Time: 0:00:06[39m[K
[32mTraining trees...                  100%|████████████████| Time: 0:00:06[39m[K
[?25hTrain accuracy: 0.843171875
Test accuracy: 0.8349375
Number of nodes: 3
Student reward: -154.25
Iteration 15/20
Training student with 80000 points
[?25l
[32mTraining trees...                    0%|                |  ETA: N/A[39m[K
[32mTraining trees...                    2%|▍               |  ETA: 0:00:06[39m[K
[32mTraining trees...                    4%|▋               |  ETA: 0:00:06[39m[K
[32mTraining trees...                    6%|█               |  ETA: 0:00:06[39m[K
[32mTraining trees...                    8%|█▎              |  ETA: 0:00:06[39m[K
[32mTraining trees...                   10%|█▋              |  ETA: 0:00:05[39m[K
[32mTraining trees...                   12%|█▉              |  ETA: 0:00:05[39m[K
[32mTraining trees...                   14%|██▎             |  ETA: 0:00:05[39m[K
[32mTraining trees...                   16%|██▌             |  ETA: 0:00:05[39m[K
[32mTraining trees...                   18%|██▉             |  ETA: 0:00:05[39m[K
[32mTraining trees...                   20%|███▎            |  ETA: 0:00:05[39m[K
[32mTraining trees...                   22%|███▌            |  ETA: 0:00:05[39m[K
[32mTraining trees...                   24%|███▉            |  ETA: 0:00:05[39m[K
[32mTraining trees...                   26%|████▏           |  ETA: 0:00:05[39m[K
[32mTraining trees...                   28%|████▌           |  ETA: 0:00:04[39m[K
[32mTraining trees...                   30%|████▊           |  ETA: 0:00:04[39m[K
[32mTraining trees...                   32%|█████▏          |  ETA: 0:00:04[39m[K
[32mTraining trees...                   34%|█████▌          |  ETA: 0:00:04[39m[K
[32mTraining trees...                   36%|█████▊          |  ETA: 0:00:04[39m[K
[32mTraining trees...                   38%|██████▏         |  ETA: 0:00:04[39m[K
[32mTraining trees...                   40%|██████▍         |  ETA: 0:00:04[39m[K
[32mTraining trees...                   42%|██████▊         |  ETA: 0:00:04[39m[K
[32mTraining trees...                   44%|███████         |  ETA: 0:00:03[39m[K
[32mTraining trees...                   46%|███████▍        |  ETA: 0:00:03[39m[K
[32mTraining trees...                   48%|███████▋        |  ETA: 0:00:03[39m[K
[32mTraining trees...                   50%|████████        |  ETA: 0:00:03[39m[K
[32mTraining trees...                   52%|████████▍       |  ETA: 0:00:03[39m[K
[32mTraining trees...                   54%|████████▋       |  ETA: 0:00:03[39m[K
[32mTraining trees...                   56%|█████████       |  ETA: 0:00:03[39m[K
[32mTraining trees...                   58%|█████████▎      |  ETA: 0:00:03[39m[K
[32mTraining trees...                   60%|█████████▋      |  ETA: 0:00:02[39m[K
[32mTraining trees...                   62%|█████████▉      |  ETA: 0:00:02[39m[K
[32mTraining trees...                   64%|██████████▎     |  ETA: 0:00:02[39m[K
[32mTraining trees...                   66%|██████████▌     |  ETA: 0:00:02[39m[K
[32mTraining trees...                   68%|██████████▉     |  ETA: 0:00:02[39m[K
[32mTraining trees...                   70%|███████████▎    |  ETA: 0:00:02[39m[K
[32mTraining trees...                   72%|███████████▌    |  ETA: 0:00:02[39m[K
[32mTraining trees...                   74%|███████████▉    |  ETA: 0:00:02[39m[K
[32mTraining trees...                   76%|████████████▏   |  ETA: 0:00:01[39m[K
[32mTraining trees...                   78%|████████████▌   |  ETA: 0:00:01[39m[K
[32mTraining trees...                   80%|████████████▊   |  ETA: 0:00:01[39m[K
[32mTraining trees...                   82%|█████████████▏  |  ETA: 0:00:01[39m[K
[32mTraining trees...                   84%|█████████████▌  |  ETA: 0:00:01[39m[K
[32mTraining trees...                   86%|█████████████▊  |  ETA: 0:00:01[39m[K
[32mTraining trees...                   88%|██████████████▏ |  ETA: 0:00:01[39m[K
[32mTraining trees...                   90%|██████████████▍ |  ETA: 0:00:01[39m[K
[32mTraining trees...                   92%|██████████████▊ |  ETA: 0:00:00[39m[K
[32mTraining trees...                   94%|███████████████ |  ETA: 0:00:00[39m[K
[32mTraining trees...                   96%|███████████████▍|  ETA: 0:00:00[39m[K
[32mTraining trees...                   98%|███████████████▋|  ETA: 0:00:00[39m[K
[32mTraining trees...                  100%|████████████████| Time: 0:00:06[39m[K
[32mTraining trees...                  100%|████████████████| Time: 0:00:06[39m[K
[?25hTrain accuracy: 0.84078125
Test accuracy: 0.8445625
Number of nodes: 3
Student reward: -98.24
Iteration 16/20
Training student with 80000 points
[?25l
[32mTraining trees...                    0%|                |  ETA: N/A[39m[K
[32mTraining trees...                    2%|▍               |  ETA: 0:00:06[39m[K
[32mTraining trees...                    4%|▋               |  ETA: 0:00:06[39m[K
[32mTraining trees...                    6%|█               |  ETA: 0:00:06[39m[K
[32mTraining trees...                    8%|█▎              |  ETA: 0:00:06[39m[K
[32mTraining trees...                   10%|█▋              |  ETA: 0:00:05[39m[K
[32mTraining trees...                   12%|█▉              |  ETA: 0:00:05[39m[K
[32mTraining trees...                   14%|██▎             |  ETA: 0:00:05[39m[K
[32mTraining trees...                   16%|██▌             |  ETA: 0:00:05[39m[K
[32mTraining trees...                   18%|██▉             |  ETA: 0:00:05[39m[K
[32mTraining trees...                   20%|███▎            |  ETA: 0:00:05[39m[K
[32mTraining trees...                   22%|███▌            |  ETA: 0:00:05[39m[K
[32mTraining trees...                   24%|███▉            |  ETA: 0:00:05[39m[K
[32mTraining trees...                   26%|████▏           |  ETA: 0:00:04[39m[K
[32mTraining trees...                   28%|████▌           |  ETA: 0:00:04[39m[K
[32mTraining trees...                   30%|████▊           |  ETA: 0:00:04[39m[K
[32mTraining trees...                   32%|█████▏          |  ETA: 0:00:04[39m[K
[32mTraining trees...                   34%|█████▌          |  ETA: 0:00:04[39m[K
[32mTraining trees...                   36%|█████▊          |  ETA: 0:00:04[39m[K
[32mTraining trees...                   38%|██████▏         |  ETA: 0:00:04[39m[K
[32mTraining trees...                   40%|██████▍         |  ETA: 0:00:04[39m[K
[32mTraining trees...                   42%|██████▊         |  ETA: 0:00:03[39m[K
[32mTraining trees...                   44%|███████         |  ETA: 0:00:03[39m[K
[32mTraining trees...                   47%|███████▌        |  ETA: 0:00:03[39m[K
[32mTraining trees...                   49%|███████▉        |  ETA: 0:00:03[39m[K
[32mTraining trees...                   51%|████████▏       |  ETA: 0:00:03[39m[K
[32mTraining trees...                   53%|████████▌       |  ETA: 0:00:03[39m[K
[32mTraining trees...                   55%|████████▊       |  ETA: 0:00:03[39m[K
[32mTraining trees...                   57%|█████████▏      |  ETA: 0:00:03[39m[K
[32mTraining trees...                   59%|█████████▌      |  ETA: 0:00:02[39m[K
[32mTraining trees...                   61%|█████████▊      |  ETA: 0:00:02[39m[K
[32mTraining trees...                   63%|██████████▏     |  ETA: 0:00:02[39m[K
[32mTraining trees...                   65%|██████████▍     |  ETA: 0:00:02[39m[K
[32mTraining trees...                   67%|██████████▊     |  ETA: 0:00:02[39m[K
[32mTraining trees...                   69%|███████████     |  ETA: 0:00:02[39m[K
[32mTraining trees...                   71%|███████████▍    |  ETA: 0:00:02[39m[K
[32mTraining trees...                   73%|███████████▋    |  ETA: 0:00:02[39m[K
[32mTraining trees...                   75%|████████████    |  ETA: 0:00:01[39m[K
[32mTraining trees...                   77%|████████████▍   |  ETA: 0:00:01[39m[K
[32mTraining trees...                   79%|████████████▋   |  ETA: 0:00:01[39m[K
[32mTraining trees...                   81%|█████████████   |  ETA: 0:00:01[39m[K
[32mTraining trees...                   83%|█████████████▎  |  ETA: 0:00:01[39m[K
[32mTraining trees...                   85%|█████████████▋  |  ETA: 0:00:01[39m[K
[32mTraining trees...                   87%|█████████████▉  |  ETA: 0:00:01[39m[K
[32mTraining trees...                   89%|██████████████▎ |  ETA: 0:00:01[39m[K
[32mTraining trees...                   91%|██████████████▌ |  ETA: 0:00:01[39m[K
[32mTraining trees...                   93%|██████████████▉ |  ETA: 0:00:00[39m[K
[32mTraining trees...                   95%|███████████████▎|  ETA: 0:00:00[39m[K
[32mTraining trees...                   97%|███████████████▌|  ETA: 0:00:00[39m[K
[32mTraining trees...                   99%|███████████████▉|  ETA: 0:00:00[39m[K
[32mTraining trees...                  100%|████████████████| Time: 0:00:05[39m[K
[32mTraining trees...                  100%|████████████████| Time: 0:00:05[39m[K
[?25hTrain accuracy: 0.8384375
Test accuracy: 0.8351875
Number of nodes: 3
Student reward: -91.95
Iteration 17/20
Training student with 80000 points
[?25l
[32mTraining trees...                    0%|                |  ETA: N/A[39m[K
[32mTraining trees...                    2%|▍               |  ETA: 0:00:06[39m[K
[32mTraining trees...                    4%|▋               |  ETA: 0:00:06[39m[K
[32mTraining trees...                    6%|█               |  ETA: 0:00:06[39m[K
[32mTraining trees...                    8%|█▎              |  ETA: 0:00:06[39m[K
[32mTraining trees...                   10%|█▋              |  ETA: 0:00:06[39m[K
[32mTraining trees...                   12%|█▉              |  ETA: 0:00:05[39m[K
[32mTraining trees...                   14%|██▎             |  ETA: 0:00:05[39m[K
[32mTraining trees...                   16%|██▌             |  ETA: 0:00:05[39m[K
[32mTraining trees...                   18%|██▉             |  ETA: 0:00:05[39m[K
[32mTraining trees...                   20%|███▎            |  ETA: 0:00:05[39m[K
[32mTraining trees...                   22%|███▌            |  ETA: 0:00:05[39m[K
[32mTraining trees...                   24%|███▉            |  ETA: 0:00:05[39m[K
[32mTraining trees...                   26%|████▏           |  ETA: 0:00:05[39m[K
[32mTraining trees...                   28%|████▌           |  ETA: 0:00:04[39m[K
[32mTraining trees...                   30%|████▊           |  ETA: 0:00:04[39m[K
[32mTraining trees...                   32%|█████▏          |  ETA: 0:00:04[39m[K
[32mTraining trees...                   34%|█████▌          |  ETA: 0:00:04[39m[K
[32mTraining trees...                   36%|█████▊          |  ETA: 0:00:04[39m[K
[32mTraining trees...                   38%|██████▏         |  ETA: 0:00:04[39m[K
[32mTraining trees...                   40%|██████▍         |  ETA: 0:00:04[39m[K
[32mTraining trees...                   42%|██████▊         |  ETA: 0:00:04[39m[K
[32mTraining trees...                   44%|███████         |  ETA: 0:00:03[39m[K
[32mTraining trees...                   46%|███████▍        |  ETA: 0:00:03[39m[K
[32mTraining trees...                   48%|███████▋        |  ETA: 0:00:03[39m[K
[32mTraining trees...                   50%|████████        |  ETA: 0:00:03[39m[K
[32mTraining trees...                   52%|████████▍       |  ETA: 0:00:03[39m[K
[32mTraining trees...                   54%|████████▋       |  ETA: 0:00:03[39m[K
[32mTraining trees...                   56%|█████████       |  ETA: 0:00:03[39m[K
[32mTraining trees...                   58%|█████████▎      |  ETA: 0:00:03[39m[K
[32mTraining trees...                   60%|█████████▋      |  ETA: 0:00:02[39m[K
[32mTraining trees...                   62%|█████████▉      |  ETA: 0:00:02[39m[K
[32mTraining trees...                   64%|██████████▎     |  ETA: 0:00:02[39m[K
[32mTraining trees...                   66%|██████████▌     |  ETA: 0:00:02[39m[K
[32mTraining trees...                   68%|██████████▉     |  ETA: 0:00:02[39m[K
[32mTraining trees...                   70%|███████████▎    |  ETA: 0:00:02[39m[K
[32mTraining trees...                   72%|███████████▌    |  ETA: 0:00:02[39m[K
[32mTraining trees...                   74%|███████████▉    |  ETA: 0:00:02[39m[K
[32mTraining trees...                   76%|████████████▏   |  ETA: 0:00:01[39m[K
[32mTraining trees...                   78%|████████████▌   |  ETA: 0:00:01[39m[K
[32mTraining trees...                   80%|████████████▊   |  ETA: 0:00:01[39m[K
[32mTraining trees...                   82%|█████████████▏  |  ETA: 0:00:01[39m[K
[32mTraining trees...                   84%|█████████████▌  |  ETA: 0:00:01[39m[K
[32mTraining trees...                   86%|█████████████▊  |  ETA: 0:00:01[39m[K
[32mTraining trees...                   88%|██████████████▏ |  ETA: 0:00:01[39m[K
[32mTraining trees...                   90%|██████████████▍ |  ETA: 0:00:01[39m[K
[32mTraining trees...                   92%|██████████████▊ |  ETA: 0:00:00[39m[K
[32mTraining trees...                   94%|███████████████ |  ETA: 0:00:00[39m[K
[32mTraining trees...                   96%|███████████████▍|  ETA: 0:00:00[39m[K
[32mTraining trees...                   98%|███████████████▋|  ETA: 0:00:00[39m[K
[32mTraining trees...                  100%|████████████████| Time: 0:00:06[39m[K
[32mTraining trees...                  100%|████████████████| Time: 0:00:06[39m[K
[?25hTrain accuracy: 0.837375
Test accuracy: 0.838375
Number of nodes: 3
Student reward: -92.75
Iteration 18/20
Training student with 80000 points
[?25l
[32mTraining trees...                    0%|                |  ETA: N/A[39m[K
[32mTraining trees...                    2%|▍               |  ETA: 0:00:06[39m[K
[32mTraining trees...                    4%|▋               |  ETA: 0:00:06[39m[K
[32mTraining trees...                    6%|█               |  ETA: 0:00:06[39m[K
[32mTraining trees...                    8%|█▎              |  ETA: 0:00:06[39m[K
[32mTraining trees...                   10%|█▋              |  ETA: 0:00:06[39m[K
[32mTraining trees...                   12%|█▉              |  ETA: 0:00:05[39m[K
[32mTraining trees...                   14%|██▎             |  ETA: 0:00:05[39m[K
[32mTraining trees...                   16%|██▌             |  ETA: 0:00:05[39m[K
[32mTraining trees...                   18%|██▉             |  ETA: 0:00:05[39m[K
[32mTraining trees...                   20%|███▎            |  ETA: 0:00:05[39m[K
[32mTraining trees...                   22%|███▌            |  ETA: 0:00:05[39m[K
[32mTraining trees...                   24%|███▉            |  ETA: 0:00:05[39m[K
[32mTraining trees...                   26%|████▏           |  ETA: 0:00:05[39m[K
[32mTraining trees...                   28%|████▌           |  ETA: 0:00:04[39m[K
[32mTraining trees...                   30%|████▊           |  ETA: 0:00:04[39m[K
[32mTraining trees...                   32%|█████▏          |  ETA: 0:00:04[39m[K
[32mTraining trees...                   34%|█████▌          |  ETA: 0:00:04[39m[K
[32mTraining trees...                   36%|█████▊          |  ETA: 0:00:04[39m[K
[32mTraining trees...                   38%|██████▏         |  ETA: 0:00:04[39m[K
[32mTraining trees...                   40%|██████▍         |  ETA: 0:00:04[39m[K
[32mTraining trees...                   42%|██████▊         |  ETA: 0:00:04[39m[K
[32mTraining trees...                   44%|███████         |  ETA: 0:00:03[39m[K
[32mTraining trees...                   46%|███████▍        |  ETA: 0:00:03[39m[K
[32mTraining trees...                   48%|███████▋        |  ETA: 0:00:03[39m[K
[32mTraining trees...                   50%|████████        |  ETA: 0:00:03[39m[K
[32mTraining trees...                   52%|████████▍       |  ETA: 0:00:03[39m[K
[32mTraining trees...                   54%|████████▋       |  ETA: 0:00:03[39m[K
[32mTraining trees...                   56%|█████████       |  ETA: 0:00:03[39m[K
[32mTraining trees...                   58%|█████████▎      |  ETA: 0:00:03[39m[K
[32mTraining trees...                   60%|█████████▋      |  ETA: 0:00:02[39m[K
[32mTraining trees...                   62%|█████████▉      |  ETA: 0:00:02[39m[K
[32mTraining trees...                   64%|██████████▎     |  ETA: 0:00:02[39m[K
[32mTraining trees...                   66%|██████████▌     |  ETA: 0:00:02[39m[K
[32mTraining trees...                   68%|██████████▉     |  ETA: 0:00:02[39m[K
[32mTraining trees...                   70%|███████████▎    |  ETA: 0:00:02[39m[K
[32mTraining trees...                   72%|███████████▌    |  ETA: 0:00:02[39m[K
[32mTraining trees...                   74%|███████████▉    |  ETA: 0:00:02[39m[K
[32mTraining trees...                   76%|████████████▏   |  ETA: 0:00:01[39m[K
[32mTraining trees...                   78%|████████████▌   |  ETA: 0:00:01[39m[K
[32mTraining trees...                   80%|████████████▊   |  ETA: 0:00:01[39m[K
[32mTraining trees...                   82%|█████████████▏  |  ETA: 0:00:01[39m[K
[32mTraining trees...                   84%|█████████████▌  |  ETA: 0:00:01[39m[K
[32mTraining trees...                   86%|█████████████▊  |  ETA: 0:00:01[39m[K
[32mTraining trees...                   88%|██████████████▏ |  ETA: 0:00:01[39m[K
[32mTraining trees...                   90%|██████████████▍ |  ETA: 0:00:01[39m[K
[32mTraining trees...                   92%|██████████████▊ |  ETA: 0:00:00[39m[K
[32mTraining trees...                   94%|███████████████ |  ETA: 0:00:00[39m[K
[32mTraining trees...                   96%|███████████████▍|  ETA: 0:00:00[39m[K
[32mTraining trees...                   98%|███████████████▋|  ETA: 0:00:00[39m[K
[32mTraining trees...                  100%|████████████████| Time: 0:00:06[39m[K
[32mTraining trees...                  100%|████████████████| Time: 0:00:06[39m[K
[?25hTrain accuracy: 0.83896875
Test accuracy: 0.8394375
Number of nodes: 3
Student reward: -92.43
Iteration 19/20
Training student with 80000 points
[?25l
[32mTraining trees...                    0%|                |  ETA: N/A[39m[K
[32mTraining trees...                    2%|▍               |  ETA: 0:00:06[39m[K
[32mTraining trees...                    4%|▋               |  ETA: 0:00:06[39m[K
[32mTraining trees...                    6%|█               |  ETA: 0:00:06[39m[K
[32mTraining trees...                    8%|█▎              |  ETA: 0:00:06[39m[K
[32mTraining trees...                   10%|█▋              |  ETA: 0:00:06[39m[K
[32mTraining trees...                   12%|█▉              |  ETA: 0:00:05[39m[K
[32mTraining trees...                   14%|██▎             |  ETA: 0:00:05[39m[K
[32mTraining trees...                   16%|██▌             |  ETA: 0:00:05[39m[K
[32mTraining trees...                   18%|██▉             |  ETA: 0:00:05[39m[K
[32mTraining trees...                   20%|███▎            |  ETA: 0:00:05[39m[K
[32mTraining trees...                   22%|███▌            |  ETA: 0:00:05[39m[K
[32mTraining trees...                   24%|███▉            |  ETA: 0:00:05[39m[K
[32mTraining trees...                   26%|████▏           |  ETA: 0:00:04[39m[K
[32mTraining trees...                   28%|████▌           |  ETA: 0:00:04[39m[K
[32mTraining trees...                   30%|████▊           |  ETA: 0:00:04[39m[K
[32mTraining trees...                   32%|█████▏          |  ETA: 0:00:04[39m[K
[32mTraining trees...                   34%|█████▌          |  ETA: 0:00:04[39m[K
[32mTraining trees...                   36%|█████▊          |  ETA: 0:00:04[39m[K
[32mTraining trees...                   38%|██████▏         |  ETA: 0:00:04[39m[K
[32mTraining trees...                   40%|██████▍         |  ETA: 0:00:04[39m[K
[32mTraining trees...                   42%|██████▊         |  ETA: 0:00:03[39m[K
[32mTraining trees...                   44%|███████         |  ETA: 0:00:03[39m[K
[32mTraining trees...                   46%|███████▍        |  ETA: 0:00:03[39m[K
[32mTraining trees...                   48%|███████▋        |  ETA: 0:00:03[39m[K
[32mTraining trees...                   50%|████████        |  ETA: 0:00:03[39m[K
[32mTraining trees...                   52%|████████▍       |  ETA: 0:00:03[39m[K
[32mTraining trees...                   54%|████████▋       |  ETA: 0:00:03[39m[K
[32mTraining trees...                   56%|█████████       |  ETA: 0:00:03[39m[K
[32mTraining trees...                   58%|█████████▎      |  ETA: 0:00:03[39m[K
[32mTraining trees...                   60%|█████████▋      |  ETA: 0:00:02[39m[K
[32mTraining trees...                   62%|█████████▉      |  ETA: 0:00:02[39m[K
[32mTraining trees...                   64%|██████████▎     |  ETA: 0:00:02[39m[K
[32mTraining trees...                   66%|██████████▌     |  ETA: 0:00:02[39m[K
[32mTraining trees...                   68%|██████████▉     |  ETA: 0:00:02[39m[K
[32mTraining trees...                   70%|███████████▎    |  ETA: 0:00:02[39m[K
[32mTraining trees...                   72%|███████████▌    |  ETA: 0:00:02[39m[K
[32mTraining trees...                   74%|███████████▉    |  ETA: 0:00:02[39m[K
[32mTraining trees...                   76%|████████████▏   |  ETA: 0:00:01[39m[K
[32mTraining trees...                   78%|████████████▌   |  ETA: 0:00:01[39m[K
[32mTraining trees...                   80%|████████████▊   |  ETA: 0:00:01[39m[K
[32mTraining trees...                   82%|█████████████▏  |  ETA: 0:00:01[39m[K
[32mTraining trees...                   84%|█████████████▌  |  ETA: 0:00:01[39m[K
[32mTraining trees...                   86%|█████████████▊  |  ETA: 0:00:01[39m[K
[32mTraining trees...                   88%|██████████████▏ |  ETA: 0:00:01[39m[K
[32mTraining trees...                   90%|██████████████▍ |  ETA: 0:00:01[39m[K
[32mTraining trees...                   92%|██████████████▊ |  ETA: 0:00:00[39m[K
[32mTraining trees...                   94%|███████████████ |  ETA: 0:00:00[39m[K
[32mTraining trees...                   96%|███████████████▍|  ETA: 0:00:00[39m[K
[32mTraining trees...                   98%|███████████████▋|  ETA: 0:00:00[39m[K
[32mTraining trees...                  100%|████████████████| Time: 0:00:05[39m[K
[32mTraining trees...                  100%|████████████████| Time: 0:00:05[39m[K
[?25hTrain accuracy: 0.836984375
Test accuracy: 0.842
Number of nodes: 3
Student reward: -88.62
Iteration 20/20
Training student with 80000 points
[?25l
[32mTraining trees...                    0%|                |  ETA: N/A[39m[K
[32mTraining trees...                    2%|▍               |  ETA: 0:00:06[39m[K
[32mTraining trees...                    4%|▋               |  ETA: 0:00:06[39m[K
[32mTraining trees...                    6%|█               |  ETA: 0:00:06[39m[K
[32mTraining trees...                    8%|█▎              |  ETA: 0:00:06[39m[K
[32mTraining trees...                   10%|█▋              |  ETA: 0:00:06[39m[K
[32mTraining trees...                   12%|█▉              |  ETA: 0:00:06[39m[K
[32mTraining trees...                   14%|██▎             |  ETA: 0:00:06[39m[K
[32mTraining trees...                   16%|██▌             |  ETA: 0:00:05[39m[K
[32mTraining trees...                   18%|██▉             |  ETA: 0:00:05[39m[K
[32mTraining trees...                   20%|███▎            |  ETA: 0:00:05[39m[K
[32mTraining trees...                   22%|███▌            |  ETA: 0:00:05[39m[K
[32mTraining trees...                   24%|███▉            |  ETA: 0:00:05[39m[K
[32mTraining trees...                   26%|████▏           |  ETA: 0:00:05[39m[K
[32mTraining trees...                   28%|████▌           |  ETA: 0:00:05[39m[K
[32mTraining trees...                   30%|████▊           |  ETA: 0:00:05[39m[K
[32mTraining trees...                   32%|█████▏          |  ETA: 0:00:04[39m[K
[32mTraining trees...                   34%|█████▌          |  ETA: 0:00:04[39m[K
[32mTraining trees...                   36%|█████▊          |  ETA: 0:00:04[39m[K
[32mTraining trees...                   38%|██████▏         |  ETA: 0:00:04[39m[K
[32mTraining trees...                   40%|██████▍         |  ETA: 0:00:04[39m[K
[32mTraining trees...                   42%|██████▊         |  ETA: 0:00:04[39m[K
[32mTraining trees...                   44%|███████         |  ETA: 0:00:04[39m[K
[32mTraining trees...                   46%|███████▍        |  ETA: 0:00:03[39m[K
[32mTraining trees...                   48%|███████▋        |  ETA: 0:00:03[39m[K
[32mTraining trees...                   50%|████████        |  ETA: 0:00:03[39m[K
[32mTraining trees...                   52%|████████▍       |  ETA: 0:00:03[39m[K
[32mTraining trees...                   54%|████████▋       |  ETA: 0:00:03[39m[K
[32mTraining trees...                   56%|█████████       |  ETA: 0:00:03[39m[K
[32mTraining trees...                   58%|█████████▎      |  ETA: 0:00:03[39m[K
[32mTraining trees...                   60%|█████████▋      |  ETA: 0:00:03[39m[K
[32mTraining trees...                   62%|█████████▉      |  ETA: 0:00:02[39m[K
[32mTraining trees...                   64%|██████████▎     |  ETA: 0:00:02[39m[K
[32mTraining trees...                   66%|██████████▌     |  ETA: 0:00:02[39m[K
[32mTraining trees...                   68%|██████████▉     |  ETA: 0:00:02[39m[K
[32mTraining trees...                   70%|███████████▎    |  ETA: 0:00:02[39m[K
[32mTraining trees...                   72%|███████████▌    |  ETA: 0:00:02[39m[K
[32mTraining trees...                   74%|███████████▉    |  ETA: 0:00:02[39m[K
[32mTraining trees...                   76%|████████████▏   |  ETA: 0:00:02[39m[K
[32mTraining trees...                   78%|████████████▌   |  ETA: 0:00:01[39m[K
[32mTraining trees...                   80%|████████████▊   |  ETA: 0:00:01[39m[K
[32mTraining trees...                   82%|█████████████▏  |  ETA: 0:00:01[39m[K
[32mTraining trees...                   84%|█████████████▌  |  ETA: 0:00:01[39m[K
[32mTraining trees...                   86%|█████████████▊  |  ETA: 0:00:01[39m[K
[32mTraining trees...                   88%|██████████████▏ |  ETA: 0:00:01[39m[K
[32mTraining trees...                   90%|██████████████▍ |  ETA: 0:00:01[39m[K
[32mTraining trees...                   92%|██████████████▊ |  ETA: 0:00:01[39m[K
[32mTraining trees...                   94%|███████████████ |  ETA: 0:00:00[39m[K
[32mTraining trees...                   96%|███████████████▍|  ETA: 0:00:00[39m[K
[32mTraining trees...                   98%|███████████████▋|  ETA: 0:00:00[39m[K
[32mTraining trees...                  100%|████████████████| Time: 0:00:06[39m[K
[32mTraining trees...                  100%|████████████████| Time: 0:00:06[39m[K
[?25hTrain accuracy: 0.8398125
Test accuracy: 0.8358125
Number of nodes: 3
Student reward: -95.82
Initial policy count: 20
Current policy count: 10
Reward update: -85.22 -> -102.12
Reward update: -88.3 -> -91.2
Reward update: -88.62 -> -94.45
Reward update: -91.94 -> -95.12
Reward update: -91.95 -> -90.44
Reward update: -92.43 -> -90.13
Reward update: -92.75 -> -93.54
Reward update: -93.14 -> -98.5
Reward update: -93.74 -> -92.61
Reward update: -93.78 -> -92.31
Current policy count: 5
Reward update: -90.13 -> -89.56
Reward update: -90.44 -> -93.32
Reward update: -91.2 -> -92.94
Reward update: -92.31 -> -95.45
Reward update: -92.61 -> -92.94
Current policy count: 3
Reward update: -89.56 -> -87.4
Reward update: -92.94 -> -92.92
Reward update: -92.94 -> -91.77
Current policy count: 2
Reward update: -87.4 -> -84.77
Reward update: -91.77 -> -101.02
Current policy count: 1
Reward update: -84.77 -> -96.12
Training Behavioral Cloning tree with 17605 points
[?25l
[32mTraining trees...                    0%|                |  ETA: N/A[39m[K
[32mTraining trees...                    8%|█▎              |  ETA: 0:00:01[39m[K
[32mTraining trees...                   16%|██▌             |  ETA: 0:00:01[39m[K
[32mTraining trees...                   24%|███▉            |  ETA: 0:00:01[39m[K
[32mTraining trees...                   32%|█████▏          |  ETA: 0:00:01[39m[K
[32mTraining trees...                   40%|██████▍         |  ETA: 0:00:01[39m[K
[32mTraining trees...                   48%|███████▋        |  ETA: 0:00:01[39m[K
[32mTraining trees...                   56%|█████████       |  ETA: 0:00:01[39m[K
[32mTraining trees...                   64%|██████████▎     |  ETA: 0:00:00[39m[K
[32mTraining trees...                   72%|███████████▌    |  ETA: 0:00:00[39m[K
[32mTraining trees...                   80%|████████████▊   |  ETA: 0:00:00[39m[K
[32mTraining trees...                   88%|██████████████▏ |  ETA: 0:00:00[39m[K
[32mTraining trees...                   96%|███████████████▍|  ETA: 0:00:00[39m[K
[32mTraining trees...                  100%|████████████████| Time: 0:00:01[39m[K
[32mTraining trees...                  100%|████████████████| Time: 0:00:01[39m[K
[?25hTrain accuracy: 0.8188014768531667
Test accuracy: 0.8199375177506391
Number of nodes: 3
getting 200 rollouts
Oracle average: -86.51 with std: 32.24
Student avg: -87.80 with std 39.30. Difference = 1.29 and min = -500.00. Match score = 0.90
Bc avg: -84.78 with std 15.49. Difference = -1.73 and min = -184.00. Match score = 0.66
Simple avg: -500.00 with std 0.00. Difference = 413.49 and min = -500.00. Match score = 0.00
Student fidelity in oracle trace 0.77
Bc fidelity in oracle trace 0.81
Simple fidelity in oracle trace 0.13
Student expected depth of decision 1.00
Bc expected depth of decision 1.00
Simple expected depth of decision 0.00
Student expected uniqueness ratio 1.00
Bc expected uniqueness ratio 1.00
Simple expected uniqueness ratio 0.00
Student decision nodes used: 3
Bc decision nodes used: 3
Simple decision nodes used: 0
Student completeness ratio: 1.00
Bc completeness ratio: 1.00
Simple completeness ratio: 1.00
Student has importance score 0.00
Bc has importance score 0.00
Simple has importance score 0.00
Student has 0.00 insignificant splits
Bc has 0.00 insignificant splits
Simple has 0.00 insignificant splits
Student had 0.50 unique features in each path
Bc had 0.50 unique features in each path
Simple had 1.00 unique features in each path
Student could prune 0.00 of nodes without reducing performance
Bc could prune 0.00 of nodes without reducing performance
Simple couldn't prune
Student has no repeating features
Bc has no repeating features
Simple has an average standard deviation of 0.00 among repeating features (max 0.00, min 0.00)
Student has no repeating features
Bc has no repeating features
Simple has an average standard deviation of 0.00 among repeating features in a path (max 0.00, min 0.00)
None
./scripts/run_docker.sh: line 22: kill: (19999) - No such process
