Executing in the docker (cpu image):
python -m src.main --optimal_tree --env_name CartPole-v1 --max_depth 1 --cp 1.0 --student_path _depth_1 --bc_path _depth_1
WARNING: Published ports are discarded when using host network mode
+ display=2
+ export DISPLAY=:2
+ DISPLAY=:2
+ Xvfb :2 -screen 0 1024x768x24
+ file=/tmp/.X11-unix/X2
+ sleep 1
++ seq 1 10
+ for i in $(seq 1 10)
+ '[' -e /tmp/.X11-unix/X2 ']'
+ break
+ '[' -e /tmp/.X11-unix/X2 ']'
+ exec bash -c 'cd /root/code/rl_zoo/ && python -m src.main --optimal_tree --env_name CartPole-v1 --max_depth 1 --cp 1.0 --student_path _depth_1 --bc_path _depth_1'
/usr/local/lib/python3.5/site-packages/tensorflow/python/framework/dtypes.py:519: FutureWarning: Passing (type, 1) or '1type' as a synonym of type is deprecated; in a future version of numpy, it will be understood as (type, (1,)) / '(1,)type'.
  _np_qint8 = np.dtype([("qint8", np.int8, 1)])
/usr/local/lib/python3.5/site-packages/tensorflow/python/framework/dtypes.py:520: FutureWarning: Passing (type, 1) or '1type' as a synonym of type is deprecated; in a future version of numpy, it will be understood as (type, (1,)) / '(1,)type'.
  _np_quint8 = np.dtype([("quint8", np.uint8, 1)])
/usr/local/lib/python3.5/site-packages/tensorflow/python/framework/dtypes.py:521: FutureWarning: Passing (type, 1) or '1type' as a synonym of type is deprecated; in a future version of numpy, it will be understood as (type, (1,)) / '(1,)type'.
  _np_qint16 = np.dtype([("qint16", np.int16, 1)])
/usr/local/lib/python3.5/site-packages/tensorflow/python/framework/dtypes.py:522: FutureWarning: Passing (type, 1) or '1type' as a synonym of type is deprecated; in a future version of numpy, it will be understood as (type, (1,)) / '(1,)type'.
  _np_quint16 = np.dtype([("quint16", np.uint16, 1)])
/usr/local/lib/python3.5/site-packages/tensorflow/python/framework/dtypes.py:523: FutureWarning: Passing (type, 1) or '1type' as a synonym of type is deprecated; in a future version of numpy, it will be understood as (type, (1,)) / '(1,)type'.
  _np_qint32 = np.dtype([("qint32", np.int32, 1)])
/usr/local/lib/python3.5/site-packages/tensorflow/python/framework/dtypes.py:528: FutureWarning: Passing (type, 1) or '1type' as a synonym of type is deprecated; in a future version of numpy, it will be understood as (type, (1,)) / '(1,)type'.
  np_resource = np.dtype([("resource", np.ubyte, 1)])
DQN/CartPole-v1.pkl
Loading a model without an environment, this model cannot be trained until it has a valid environment.
Iteration 1/20
Training student with 49955 points
[?25l
[32mTraining trees...                    0%|                |  ETA: N/A[39m[K
[32mTraining trees...                   20%|███▎            |  ETA: 0:00:04[39m[K
[32mTraining trees...                   31%|█████           |  ETA: 0:00:03[39m[K
[32mTraining trees...                   35%|█████▋          |  ETA: 0:00:03[39m[K
[32mTraining trees...                   39%|██████▎         |  ETA: 0:00:02[39m[K
[32mTraining trees...                   43%|██████▉         |  ETA: 0:00:02[39m[K
[32mTraining trees...                   47%|███████▌        |  ETA: 0:00:02[39m[K
[32mTraining trees...                   51%|████████▏       |  ETA: 0:00:02[39m[K
[32mTraining trees...                   55%|████████▊       |  ETA: 0:00:02[39m[K
[32mTraining trees...                   59%|█████████▌      |  ETA: 0:00:01[39m[K
[32mTraining trees...                   63%|██████████▏     |  ETA: 0:00:01[39m[K
[32mTraining trees...                   67%|██████████▊     |  ETA: 0:00:01[39m[K
[32mTraining trees...                   71%|███████████▍    |  ETA: 0:00:01[39m[K
[32mTraining trees...                   75%|████████████    |  ETA: 0:00:01[39m[K
[32mTraining trees...                   79%|████████████▋   |  ETA: 0:00:01[39m[K
[32mTraining trees...                   84%|█████████████▌  |  ETA: 0:00:01[39m[K
[32mTraining trees...                   88%|██████████████▏ |  ETA: 0:00:00[39m[K
[32mTraining trees...                   93%|██████████████▉ |  ETA: 0:00:00[39m[K
[32mTraining trees...                   98%|███████████████▋|  ETA: 0:00:00[39m[K
[32mTraining trees...                  100%|████████████████| Time: 0:00:03[39m[K
[32mTraining trees...                  100%|████████████████| Time: 0:00:03[39m[K
[?25hTrain accuracy: 0.5534731258132319
Test accuracy: 0.5582023821439296
Number of nodes: 1
Student reward: 9.3
Iteration 2/20
Training student with 50885 points
[?25l
[32mTraining trees...                    0%|                |  ETA: N/A[39m[K
[32mTraining trees...                    5%|▊               |  ETA: 0:00:02[39m[K
[32mTraining trees...                   10%|█▋              |  ETA: 0:00:02[39m[K
[32mTraining trees...                   15%|██▍             |  ETA: 0:00:02[39m[K
[32mTraining trees...                   20%|███▎            |  ETA: 0:00:02[39m[K
[32mTraining trees...                   25%|████            |  ETA: 0:00:02[39m[K
[32mTraining trees...                   30%|████▊           |  ETA: 0:00:02[39m[K
[32mTraining trees...                   35%|█████▋          |  ETA: 0:00:02[39m[K
[32mTraining trees...                   40%|██████▍         |  ETA: 0:00:01[39m[K
[32mTraining trees...                   45%|███████▎        |  ETA: 0:00:01[39m[K
[32mTraining trees...                   50%|████████        |  ETA: 0:00:01[39m[K
[32mTraining trees...                   55%|████████▊       |  ETA: 0:00:01[39m[K
[32mTraining trees...                   60%|█████████▋      |  ETA: 0:00:01[39m[K
[32mTraining trees...                   65%|██████████▍     |  ETA: 0:00:01[39m[K
[32mTraining trees...                   70%|███████████▎    |  ETA: 0:00:01[39m[K
[32mTraining trees...                   75%|████████████    |  ETA: 0:00:01[39m[K
[32mTraining trees...                   80%|████████████▊   |  ETA: 0:00:00[39m[K
[32mTraining trees...                   85%|█████████████▋  |  ETA: 0:00:00[39m[K
[32mTraining trees...                   90%|██████████████▍ |  ETA: 0:00:00[39m[K
[32mTraining trees...                   95%|███████████████▎|  ETA: 0:00:00[39m[K
[32mTraining trees...                  100%|████████████████| Time: 0:00:02[39m[K
[32mTraining trees...                  100%|████████████████| Time: 0:00:02[39m[K
[?25hTrain accuracy: 0.5767171072025155
Test accuracy: 0.5781664537683011
Number of nodes: 1
Student reward: 9.46
Iteration 3/20
Training student with 51831 points
[?25l
[32mTraining trees...                    0%|                |  ETA: N/A[39m[K
[32mTraining trees...                    5%|▊               |  ETA: 0:00:02[39m[K
[32mTraining trees...                    9%|█▌              |  ETA: 0:00:02[39m[K
[32mTraining trees...                   14%|██▎             |  ETA: 0:00:02[39m[K
[32mTraining trees...                   19%|███             |  ETA: 0:00:02[39m[K
[32mTraining trees...                   23%|███▋            |  ETA: 0:00:02[39m[K
[32mTraining trees...                   28%|████▌           |  ETA: 0:00:02[39m[K
[32mTraining trees...                   33%|█████▎          |  ETA: 0:00:02[39m[K
[32mTraining trees...                   38%|██████▏         |  ETA: 0:00:02[39m[K
[32mTraining trees...                   43%|██████▉         |  ETA: 0:00:01[39m[K
[32mTraining trees...                   48%|███████▋        |  ETA: 0:00:01[39m[K
[32mTraining trees...                   53%|████████▌       |  ETA: 0:00:01[39m[K
[32mTraining trees...                   58%|█████████▎      |  ETA: 0:00:01[39m[K
[32mTraining trees...                   63%|██████████▏     |  ETA: 0:00:01[39m[K
[32mTraining trees...                   68%|██████████▉     |  ETA: 0:00:01[39m[K
[32mTraining trees...                   73%|███████████▋    |  ETA: 0:00:01[39m[K
[32mTraining trees...                   78%|████████████▌   |  ETA: 0:00:01[39m[K
[32mTraining trees...                   83%|█████████████▎  |  ETA: 0:00:00[39m[K
[32mTraining trees...                   88%|██████████████▏ |  ETA: 0:00:00[39m[K
[32mTraining trees...                   93%|██████████████▉ |  ETA: 0:00:00[39m[K
[32mTraining trees...                   98%|███████████████▋|  ETA: 0:00:00[39m[K
[32mTraining trees...                  100%|████████████████| Time: 0:00:02[39m[K
[32mTraining trees...                  100%|████████████████| Time: 0:00:02[39m[K
[?25hTrain accuracy: 0.6481043797028748
Test accuracy: 0.6341275200154336
Number of nodes: 1
Student reward: 9.29
Iteration 4/20
Training student with 52760 points
[?25l
[32mTraining trees...                    0%|                |  ETA: N/A[39m[K
[32mTraining trees...                    4%|▋               |  ETA: 0:00:02[39m[K
[32mTraining trees...                    8%|█▎              |  ETA: 0:00:02[39m[K
[32mTraining trees...                   13%|██▏             |  ETA: 0:00:02[39m[K
[32mTraining trees...                   18%|██▉             |  ETA: 0:00:02[39m[K
[32mTraining trees...                   23%|███▋            |  ETA: 0:00:02[39m[K
[32mTraining trees...                   28%|████▌           |  ETA: 0:00:02[39m[K
[32mTraining trees...                   32%|█████▏          |  ETA: 0:00:02[39m[K
[32mTraining trees...                   36%|█████▊          |  ETA: 0:00:02[39m[K
[32mTraining trees...                   41%|██████▌         |  ETA: 0:00:01[39m[K
[32mTraining trees...                   46%|███████▍        |  ETA: 0:00:01[39m[K
[32mTraining trees...                   50%|████████        |  ETA: 0:00:01[39m[K
[32mTraining trees...                   55%|████████▊       |  ETA: 0:00:01[39m[K
[32mTraining trees...                   60%|█████████▋      |  ETA: 0:00:01[39m[K
[32mTraining trees...                   65%|██████████▍     |  ETA: 0:00:01[39m[K
[32mTraining trees...                   70%|███████████▎    |  ETA: 0:00:01[39m[K
[32mTraining trees...                   74%|███████████▉    |  ETA: 0:00:01[39m[K
[32mTraining trees...                   78%|████████████▌   |  ETA: 0:00:01[39m[K
[32mTraining trees...                   83%|█████████████▎  |  ETA: 0:00:00[39m[K
[32mTraining trees...                   87%|█████████████▉  |  ETA: 0:00:00[39m[K
[32mTraining trees...                   92%|██████████████▊ |  ETA: 0:00:00[39m[K
[32mTraining trees...                   95%|███████████████▎|  ETA: 0:00:00[39m[K
[32mTraining trees...                   99%|███████████████▉|  ETA: 0:00:00[39m[K
[32mTraining trees...                  100%|████████████████| Time: 0:00:02[39m[K
[32mTraining trees...                  100%|████████████████| Time: 0:00:02[39m[K
[?25hTrain accuracy: 0.5677833586050038
Test accuracy: 0.5688021228203184
Number of nodes: 1
Student reward: 9.29
Iteration 5/20
Training student with 53689 points
[?25l
[32mTraining trees...                    0%|                |  ETA: N/A[39m[K
[32mTraining trees...                    5%|▊               |  ETA: 0:00:02[39m[K
[32mTraining trees...                   10%|█▋              |  ETA: 0:00:02[39m[K
[32mTraining trees...                   15%|██▍             |  ETA: 0:00:02[39m[K
[32mTraining trees...                   20%|███▎            |  ETA: 0:00:02[39m[K
[32mTraining trees...                   24%|███▉            |  ETA: 0:00:02[39m[K
[32mTraining trees...                   29%|████▋           |  ETA: 0:00:02[39m[K
[32mTraining trees...                   34%|█████▌          |  ETA: 0:00:02[39m[K
[32mTraining trees...                   39%|██████▎         |  ETA: 0:00:02[39m[K
[32mTraining trees...                   44%|███████         |  ETA: 0:00:01[39m[K
[32mTraining trees...                   48%|███████▋        |  ETA: 0:00:01[39m[K
[32mTraining trees...                   52%|████████▍       |  ETA: 0:00:01[39m[K
[32mTraining trees...                   56%|█████████       |  ETA: 0:00:01[39m[K
[32mTraining trees...                   60%|█████████▋      |  ETA: 0:00:01[39m[K
[32mTraining trees...                   64%|██████████▎     |  ETA: 0:00:01[39m[K
[32mTraining trees...                   68%|██████████▉     |  ETA: 0:00:01[39m[K
[32mTraining trees...                   72%|███████████▌    |  ETA: 0:00:01[39m[K
[32mTraining trees...                   76%|████████████▏   |  ETA: 0:00:01[39m[K
[32mTraining trees...                   80%|████████████▊   |  ETA: 0:00:01[39m[K
[32mTraining trees...                   84%|█████████████▌  |  ETA: 0:00:00[39m[K
[32mTraining trees...                   89%|██████████████▎ |  ETA: 0:00:00[39m[K
[32mTraining trees...                   94%|███████████████ |  ETA: 0:00:00[39m[K
[32mTraining trees...                   98%|███████████████▋|  ETA: 0:00:00[39m[K
[32mTraining trees...                  100%|████████████████| Time: 0:00:02[39m[K
[32mTraining trees...                  100%|████████████████| Time: 0:00:02[39m[K
[?25hTrain accuracy: 0.5069497799818398
Test accuracy: 0.5084745762711864
Number of nodes: 1
Student reward: 9.22
Iteration 6/20
Training student with 54611 points
[?25l
[32mTraining trees...                    0%|                |  ETA: N/A[39m[K
[32mTraining trees...                    4%|▋               |  ETA: 0:00:03[39m[K
[32mTraining trees...                    8%|█▎              |  ETA: 0:00:02[39m[K
[32mTraining trees...                   12%|█▉              |  ETA: 0:00:02[39m[K
[32mTraining trees...                   16%|██▌             |  ETA: 0:00:02[39m[K
[32mTraining trees...                   20%|███▎            |  ETA: 0:00:02[39m[K
[32mTraining trees...                   24%|███▉            |  ETA: 0:00:02[39m[K
[32mTraining trees...                   28%|████▌           |  ETA: 0:00:02[39m[K
[32mTraining trees...                   31%|█████           |  ETA: 0:00:02[39m[K
[32mTraining trees...                   35%|█████▋          |  ETA: 0:00:02[39m[K
[32mTraining trees...                   39%|██████▎         |  ETA: 0:00:02[39m[K
[32mTraining trees...                   43%|██████▉         |  ETA: 0:00:02[39m[K
[32mTraining trees...                   47%|███████▌        |  ETA: 0:00:02[39m[K
[32mTraining trees...                   51%|████████▏       |  ETA: 0:00:01[39m[K
[32mTraining trees...                   55%|████████▊       |  ETA: 0:00:01[39m[K
[32mTraining trees...                   59%|█████████▌      |  ETA: 0:00:01[39m[K
[32mTraining trees...                   63%|██████████▏     |  ETA: 0:00:01[39m[K
[32mTraining trees...                   67%|██████████▊     |  ETA: 0:00:01[39m[K
[32mTraining trees...                   71%|███████████▍    |  ETA: 0:00:01[39m[K
[32mTraining trees...                   75%|████████████    |  ETA: 0:00:01[39m[K
[32mTraining trees...                   79%|████████████▋   |  ETA: 0:00:01[39m[K
[32mTraining trees...                   82%|█████████████▏  |  ETA: 0:00:01[39m[K
[32mTraining trees...                   86%|█████████████▊  |  ETA: 0:00:00[39m[K
[32mTraining trees...                   90%|██████████████▍ |  ETA: 0:00:00[39m[K
[32mTraining trees...                   94%|███████████████ |  ETA: 0:00:00[39m[K
[32mTraining trees...                   98%|███████████████▋|  ETA: 0:00:00[39m[K
[32mTraining trees...                  100%|████████████████| Time: 0:00:02[39m[K
[32mTraining trees...                  100%|████████████████| Time: 0:00:02[39m[K
[?25hTrain accuracy: 0.5360281999633767
Test accuracy: 0.5330953034880528
Number of nodes: 1
Student reward: 9.38
Iteration 7/20
Training student with 55549 points
[?25l
[32mTraining trees...                    0%|                |  ETA: N/A[39m[K
[32mTraining trees...                    4%|▋               |  ETA: 0:00:03[39m[K
[32mTraining trees...                    9%|█▌              |  ETA: 0:00:02[39m[K
[32mTraining trees...                   13%|██▏             |  ETA: 0:00:02[39m[K
[32mTraining trees...                   17%|██▊             |  ETA: 0:00:02[39m[K
[32mTraining trees...                   21%|███▍            |  ETA: 0:00:02[39m[K
[32mTraining trees...                   25%|████            |  ETA: 0:00:02[39m[K
[32mTraining trees...                   29%|████▋           |  ETA: 0:00:02[39m[K
[32mTraining trees...                   33%|█████▎          |  ETA: 0:00:02[39m[K
[32mTraining trees...                   37%|█████▉          |  ETA: 0:00:02[39m[K
[32mTraining trees...                   41%|██████▌         |  ETA: 0:00:02[39m[K
[32mTraining trees...                   45%|███████▎        |  ETA: 0:00:01[39m[K
[32mTraining trees...                   49%|███████▉        |  ETA: 0:00:01[39m[K
[32mTraining trees...                   53%|████████▌       |  ETA: 0:00:01[39m[K
[32mTraining trees...                   58%|█████████▎      |  ETA: 0:00:01[39m[K
[32mTraining trees...                   62%|█████████▉      |  ETA: 0:00:01[39m[K
[32mTraining trees...                   66%|██████████▌     |  ETA: 0:00:01[39m[K
[32mTraining trees...                   71%|███████████▍    |  ETA: 0:00:01[39m[K
[32mTraining trees...                   76%|████████████▏   |  ETA: 0:00:01[39m[K
[32mTraining trees...                   81%|█████████████   |  ETA: 0:00:01[39m[K
[32mTraining trees...                   86%|█████████████▊  |  ETA: 0:00:00[39m[K
[32mTraining trees...                   91%|██████████████▌ |  ETA: 0:00:00[39m[K
[32mTraining trees...                   95%|███████████████▎|  ETA: 0:00:00[39m[K
[32mTraining trees...                   99%|███████████████▉|  ETA: 0:00:00[39m[K
[32mTraining trees...                  100%|████████████████| Time: 0:00:02[39m[K
[32mTraining trees...                  100%|████████████████| Time: 0:00:02[39m[K
[?25hTrain accuracy: 0.5668894439568847
Test accuracy: 0.5660666066606661
Number of nodes: 1
Student reward: 9.29
Iteration 8/20
Training student with 56478 points
[?25l
[32mTraining trees...                    0%|                |  ETA: N/A[39m[K
[32mTraining trees...                    5%|▊               |  ETA: 0:00:02[39m[K
[32mTraining trees...                    9%|█▌              |  ETA: 0:00:02[39m[K
[32mTraining trees...                   13%|██▏             |  ETA: 0:00:02[39m[K
[32mTraining trees...                   17%|██▊             |  ETA: 0:00:02[39m[K
[32mTraining trees...                   21%|███▍            |  ETA: 0:00:02[39m[K
[32mTraining trees...                   25%|████            |  ETA: 0:00:02[39m[K
[32mTraining trees...                   29%|████▋           |  ETA: 0:00:02[39m[K
[32mTraining trees...                   34%|█████▌          |  ETA: 0:00:02[39m[K
[32mTraining trees...                   39%|██████▎         |  ETA: 0:00:02[39m[K
[32mTraining trees...                   44%|███████         |  ETA: 0:00:01[39m[K
[32mTraining trees...                   49%|███████▉        |  ETA: 0:00:01[39m[K
[32mTraining trees...                   53%|████████▌       |  ETA: 0:00:01[39m[K
[32mTraining trees...                   58%|█████████▎      |  ETA: 0:00:01[39m[K
[32mTraining trees...                   63%|██████████▏     |  ETA: 0:00:01[39m[K
[32mTraining trees...                   68%|██████████▉     |  ETA: 0:00:01[39m[K
[32mTraining trees...                   73%|███████████▋    |  ETA: 0:00:01[39m[K
[32mTraining trees...                   78%|████████████▌   |  ETA: 0:00:01[39m[K
[32mTraining trees...                   83%|█████████████▎  |  ETA: 0:00:00[39m[K
[32mTraining trees...                   88%|██████████████▏ |  ETA: 0:00:00[39m[K
[32mTraining trees...                   93%|██████████████▉ |  ETA: 0:00:00[39m[K
[32mTraining trees...                   98%|███████████████▋|  ETA: 0:00:00[39m[K
[32mTraining trees...                  100%|████████████████| Time: 0:00:02[39m[K
[32mTraining trees...                  100%|████████████████| Time: 0:00:02[39m[K
[?25hTrain accuracy: 0.5350582090212916
Test accuracy: 0.5282400849858357
Number of nodes: 1
Student reward: 9.34
Iteration 9/20
Training student with 57412 points
[?25l
[32mTraining trees...                    0%|                |  ETA: N/A[39m[K
[32mTraining trees...                    4%|▋               |  ETA: 0:00:03[39m[K
[32mTraining trees...                    8%|█▎              |  ETA: 0:00:02[39m[K
[32mTraining trees...                   12%|█▉              |  ETA: 0:00:02[39m[K
[32mTraining trees...                   16%|██▌             |  ETA: 0:00:02[39m[K
[32mTraining trees...                   20%|███▎            |  ETA: 0:00:02[39m[K
[32mTraining trees...                   24%|███▉            |  ETA: 0:00:02[39m[K
[32mTraining trees...                   28%|████▌           |  ETA: 0:00:02[39m[K
[32mTraining trees...                   32%|█████▏          |  ETA: 0:00:02[39m[K
[32mTraining trees...                   36%|█████▊          |  ETA: 0:00:02[39m[K
[32mTraining trees...                   40%|██████▍         |  ETA: 0:00:02[39m[K
[32mTraining trees...                   44%|███████         |  ETA: 0:00:01[39m[K
[32mTraining trees...                   48%|███████▋        |  ETA: 0:00:01[39m[K
[32mTraining trees...                   52%|████████▍       |  ETA: 0:00:01[39m[K
[32mTraining trees...                   56%|█████████       |  ETA: 0:00:01[39m[K
[32mTraining trees...                   60%|█████████▋      |  ETA: 0:00:01[39m[K
[32mTraining trees...                   64%|██████████▎     |  ETA: 0:00:01[39m[K
[32mTraining trees...                   68%|██████████▉     |  ETA: 0:00:01[39m[K
[32mTraining trees...                   73%|███████████▋    |  ETA: 0:00:01[39m[K
[32mTraining trees...                   77%|████████████▍   |  ETA: 0:00:01[39m[K
[32mTraining trees...                   81%|█████████████   |  ETA: 0:00:01[39m[K
[32mTraining trees...                   85%|█████████████▋  |  ETA: 0:00:00[39m[K
[32mTraining trees...                   89%|██████████████▎ |  ETA: 0:00:00[39m[K
[32mTraining trees...                   93%|██████████████▉ |  ETA: 0:00:00[39m[K
[32mTraining trees...                   97%|███████████████▌|  ETA: 0:00:00[39m[K
[32mTraining trees...                  100%|████████████████| Time: 0:00:02[39m[K
[32mTraining trees...                  100%|████████████████| Time: 0:00:02[39m[K
[?25hTrain accuracy: 0.5004898865640445
Test accuracy: 0.49560219454846294
Number of nodes: 1
Student reward: 9.22
Iteration 10/20
Training student with 58334 points
[?25l
[32mTraining trees...                    0%|                |  ETA: N/A[39m[K
[32mTraining trees...                    4%|▋               |  ETA: 0:00:02[39m[K
[32mTraining trees...                    8%|█▎              |  ETA: 0:00:02[39m[K
[32mTraining trees...                   12%|█▉              |  ETA: 0:00:02[39m[K
[32mTraining trees...                   16%|██▌             |  ETA: 0:00:02[39m[K
[32mTraining trees...                   20%|███▎            |  ETA: 0:00:02[39m[K
[32mTraining trees...                   24%|███▉            |  ETA: 0:00:02[39m[K
[32mTraining trees...                   28%|████▌           |  ETA: 0:00:02[39m[K
[32mTraining trees...                   32%|█████▏          |  ETA: 0:00:02[39m[K
[32mTraining trees...                   36%|█████▊          |  ETA: 0:00:02[39m[K
[32mTraining trees...                   40%|██████▍         |  ETA: 0:00:02[39m[K
[32mTraining trees...                   43%|██████▉         |  ETA: 0:00:02[39m[K
[32mTraining trees...                   47%|███████▌        |  ETA: 0:00:01[39m[K
[32mTraining trees...                   51%|████████▏       |  ETA: 0:00:01[39m[K
[32mTraining trees...                   55%|████████▊       |  ETA: 0:00:01[39m[K
[32mTraining trees...                   59%|█████████▌      |  ETA: 0:00:01[39m[K
[32mTraining trees...                   63%|██████████▏     |  ETA: 0:00:01[39m[K
[32mTraining trees...                   67%|██████████▊     |  ETA: 0:00:01[39m[K
[32mTraining trees...                   71%|███████████▍    |  ETA: 0:00:01[39m[K
[32mTraining trees...                   75%|████████████    |  ETA: 0:00:01[39m[K
[32mTraining trees...                   79%|████████████▋   |  ETA: 0:00:01[39m[K
[32mTraining trees...                   84%|█████████████▌  |  ETA: 0:00:00[39m[K
[32mTraining trees...                   89%|██████████████▎ |  ETA: 0:00:00[39m[K
[32mTraining trees...                   93%|██████████████▉ |  ETA: 0:00:00[39m[K
[32mTraining trees...                   97%|███████████████▌|  ETA: 0:00:00[39m[K
[32mTraining trees...                  100%|████████████████| Time: 0:00:02[39m[K
[32mTraining trees...                  100%|████████████████| Time: 0:00:02[39m[K
[?25hTrain accuracy: 0.5319176291597917
Test accuracy: 0.5296991514528157
Number of nodes: 1
Student reward: 9.3
Iteration 11/20
Training student with 59264 points
[?25l
[32mTraining trees...                    0%|                |  ETA: N/A[39m[K
[32mTraining trees...                    4%|▋               |  ETA: 0:00:03[39m[K
[32mTraining trees...                    8%|█▎              |  ETA: 0:00:02[39m[K
[32mTraining trees...                   12%|█▉              |  ETA: 0:00:02[39m[K
[32mTraining trees...                   16%|██▌             |  ETA: 0:00:02[39m[K
[32mTraining trees...                   20%|███▎            |  ETA: 0:00:02[39m[K
[32mTraining trees...                   24%|███▉            |  ETA: 0:00:02[39m[K
[32mTraining trees...                   28%|████▌           |  ETA: 0:00:02[39m[K
[32mTraining trees...                   32%|█████▏          |  ETA: 0:00:02[39m[K
[32mTraining trees...                   36%|█████▊          |  ETA: 0:00:02[39m[K
[32mTraining trees...                   40%|██████▍         |  ETA: 0:00:02[39m[K
[32mTraining trees...                   44%|███████         |  ETA: 0:00:01[39m[K
[32mTraining trees...                   48%|███████▋        |  ETA: 0:00:01[39m[K
[32mTraining trees...                   52%|████████▍       |  ETA: 0:00:01[39m[K
[32mTraining trees...                   56%|█████████       |  ETA: 0:00:01[39m[K
[32mTraining trees...                   60%|█████████▋      |  ETA: 0:00:01[39m[K
[32mTraining trees...                   64%|██████████▎     |  ETA: 0:00:01[39m[K
[32mTraining trees...                   68%|██████████▉     |  ETA: 0:00:01[39m[K
[32mTraining trees...                   72%|███████████▌    |  ETA: 0:00:01[39m[K
[32mTraining trees...                   76%|████████████▏   |  ETA: 0:00:01[39m[K
[32mTraining trees...                   80%|████████████▊   |  ETA: 0:00:01[39m[K
[32mTraining trees...                   84%|█████████████▌  |  ETA: 0:00:00[39m[K
[32mTraining trees...                   88%|██████████████▏ |  ETA: 0:00:00[39m[K
[32mTraining trees...                   92%|██████████████▊ |  ETA: 0:00:00[39m[K
[32mTraining trees...                   96%|███████████████▍|  ETA: 0:00:00[39m[K
[32mTraining trees...                  100%|████████████████| Time: 0:00:02[39m[K
[32mTraining trees...                  100%|████████████████| Time: 0:00:02[39m[K
[?25hTrain accuracy: 0.5415831768998756
Test accuracy: 0.547287606513119
Number of nodes: 1
Student reward: 9.36
Iteration 12/20
Training student with 60200 points
[?25l
[32mTraining trees...                    0%|                |  ETA: N/A[39m[K
[32mTraining trees...                    4%|▋               |  ETA: 0:00:03[39m[K
[32mTraining trees...                    8%|█▎              |  ETA: 0:00:02[39m[K
[32mTraining trees...                   12%|█▉              |  ETA: 0:00:02[39m[K
[32mTraining trees...                   16%|██▌             |  ETA: 0:00:02[39m[K
[32mTraining trees...                   20%|███▎            |  ETA: 0:00:02[39m[K
[32mTraining trees...                   24%|███▉            |  ETA: 0:00:02[39m[K
[32mTraining trees...                   28%|████▌           |  ETA: 0:00:02[39m[K
[32mTraining trees...                   32%|█████▏          |  ETA: 0:00:02[39m[K
[32mTraining trees...                   36%|█████▊          |  ETA: 0:00:02[39m[K
[32mTraining trees...                   40%|██████▍         |  ETA: 0:00:02[39m[K
[32mTraining trees...                   44%|███████         |  ETA: 0:00:01[39m[K
[32mTraining trees...                   48%|███████▋        |  ETA: 0:00:01[39m[K
[32mTraining trees...                   52%|████████▍       |  ETA: 0:00:01[39m[K
[32mTraining trees...                   56%|█████████       |  ETA: 0:00:01[39m[K
[32mTraining trees...                   60%|█████████▋      |  ETA: 0:00:01[39m[K
[32mTraining trees...                   64%|██████████▎     |  ETA: 0:00:01[39m[K
[32mTraining trees...                   68%|██████████▉     |  ETA: 0:00:01[39m[K
[32mTraining trees...                   72%|███████████▌    |  ETA: 0:00:01[39m[K
[32mTraining trees...                   75%|████████████    |  ETA: 0:00:01[39m[K
[32mTraining trees...                   79%|████████████▋   |  ETA: 0:00:01[39m[K
[32mTraining trees...                   83%|█████████████▎  |  ETA: 0:00:00[39m[K
[32mTraining trees...                   87%|█████████████▉  |  ETA: 0:00:00[39m[K
[32mTraining trees...                   91%|██████████████▌ |  ETA: 0:00:00[39m[K
[32mTraining trees...                   95%|███████████████▎|  ETA: 0:00:00[39m[K
[32mTraining trees...                   99%|███████████████▉|  ETA: 0:00:00[39m[K
[32mTraining trees...                  100%|████████████████| Time: 0:00:02[39m[K
[32mTraining trees...                  100%|████████████████| Time: 0:00:02[39m[K
[?25hTrain accuracy: 0.5159883720930233
Test accuracy: 0.5098006644518273
Number of nodes: 1
Student reward: 9.42
Iteration 13/20
Training student with 61142 points
[?25l
[32mTraining trees...                    0%|                |  ETA: N/A[39m[K
[32mTraining trees...                    4%|▋               |  ETA: 0:00:03[39m[K
[32mTraining trees...                    8%|█▎              |  ETA: 0:00:03[39m[K
[32mTraining trees...                   12%|█▉              |  ETA: 0:00:02[39m[K
[32mTraining trees...                   16%|██▌             |  ETA: 0:00:02[39m[K
[32mTraining trees...                   20%|███▎            |  ETA: 0:00:02[39m[K
[32mTraining trees...                   24%|███▉            |  ETA: 0:00:02[39m[K
[32mTraining trees...                   28%|████▌           |  ETA: 0:00:02[39m[K
[32mTraining trees...                   32%|█████▏          |  ETA: 0:00:02[39m[K
[32mTraining trees...                   36%|█████▊          |  ETA: 0:00:02[39m[K
[32mTraining trees...                   40%|██████▍         |  ETA: 0:00:02[39m[K
[32mTraining trees...                   44%|███████         |  ETA: 0:00:02[39m[K
[32mTraining trees...                   48%|███████▋        |  ETA: 0:00:01[39m[K
[32mTraining trees...                   52%|████████▍       |  ETA: 0:00:01[39m[K
[32mTraining trees...                   56%|█████████       |  ETA: 0:00:01[39m[K
[32mTraining trees...                   60%|█████████▋      |  ETA: 0:00:01[39m[K
[32mTraining trees...                   64%|██████████▎     |  ETA: 0:00:01[39m[K
[32mTraining trees...                   68%|██████████▉     |  ETA: 0:00:01[39m[K
[32mTraining trees...                   72%|███████████▌    |  ETA: 0:00:01[39m[K
[32mTraining trees...                   76%|████████████▏   |  ETA: 0:00:01[39m[K
[32mTraining trees...                   80%|████████████▊   |  ETA: 0:00:01[39m[K
[32mTraining trees...                   84%|█████████████▌  |  ETA: 0:00:00[39m[K
[32mTraining trees...                   88%|██████████████▏ |  ETA: 0:00:00[39m[K
[32mTraining trees...                   92%|██████████████▊ |  ETA: 0:00:00[39m[K
[32mTraining trees...                   96%|███████████████▍|  ETA: 0:00:00[39m[K
[32mTraining trees...                  100%|████████████████| Time: 0:00:02[39m[K
[32mTraining trees...                  100%|████████████████| Time: 0:00:02[39m[K
[?25hTrain accuracy: 0.5038537812033611
Test accuracy: 0.515823043584921
Number of nodes: 1
Student reward: 9.35
Iteration 14/20
Training student with 62077 points
[?25l
[32mTraining trees...                    0%|                |  ETA: N/A[39m[K
[32mTraining trees...                    4%|▋               |  ETA: 0:00:03[39m[K
[32mTraining trees...                    8%|█▎              |  ETA: 0:00:03[39m[K
[32mTraining trees...                   12%|█▉              |  ETA: 0:00:02[39m[K
[32mTraining trees...                   16%|██▌             |  ETA: 0:00:02[39m[K
[32mTraining trees...                   20%|███▎            |  ETA: 0:00:02[39m[K
[32mTraining trees...                   24%|███▉            |  ETA: 0:00:02[39m[K
[32mTraining trees...                   28%|████▌           |  ETA: 0:00:02[39m[K
[32mTraining trees...                   32%|█████▏          |  ETA: 0:00:02[39m[K
[32mTraining trees...                   36%|█████▊          |  ETA: 0:00:02[39m[K
[32mTraining trees...                   40%|██████▍         |  ETA: 0:00:02[39m[K
[32mTraining trees...                   44%|███████         |  ETA: 0:00:02[39m[K
[32mTraining trees...                   48%|███████▋        |  ETA: 0:00:01[39m[K
[32mTraining trees...                   52%|████████▍       |  ETA: 0:00:01[39m[K
[32mTraining trees...                   56%|█████████       |  ETA: 0:00:01[39m[K
[32mTraining trees...                   60%|█████████▋      |  ETA: 0:00:01[39m[K
[32mTraining trees...                   64%|██████████▎     |  ETA: 0:00:01[39m[K
[32mTraining trees...                   68%|██████████▉     |  ETA: 0:00:01[39m[K
[32mTraining trees...                   72%|███████████▌    |  ETA: 0:00:01[39m[K
[32mTraining trees...                   76%|████████████▏   |  ETA: 0:00:01[39m[K
[32mTraining trees...                   80%|████████████▊   |  ETA: 0:00:01[39m[K
[32mTraining trees...                   84%|█████████████▌  |  ETA: 0:00:00[39m[K
[32mTraining trees...                   88%|██████████████▏ |  ETA: 0:00:00[39m[K
[32mTraining trees...                   92%|██████████████▊ |  ETA: 0:00:00[39m[K
[32mTraining trees...                   96%|███████████████▍|  ETA: 0:00:00[39m[K
[32mTraining trees...                  100%|████████████████| Time: 0:00:02[39m[K
[32mTraining trees...                  100%|████████████████| Time: 0:00:02[39m[K
[?25hTrain accuracy: 0.5488814160004832
Test accuracy: 0.5546069587628866
Number of nodes: 1
Student reward: 9.31
Iteration 15/20
Training student with 63008 points
[?25l
[32mTraining trees...                    0%|                |  ETA: N/A[39m[K
[32mTraining trees...                    4%|▋               |  ETA: 0:00:03[39m[K
[32mTraining trees...                    8%|█▎              |  ETA: 0:00:03[39m[K
[32mTraining trees...                   12%|█▉              |  ETA: 0:00:02[39m[K
[32mTraining trees...                   16%|██▌             |  ETA: 0:00:02[39m[K
[32mTraining trees...                   20%|███▎            |  ETA: 0:00:02[39m[K
[32mTraining trees...                   24%|███▉            |  ETA: 0:00:02[39m[K
[32mTraining trees...                   28%|████▌           |  ETA: 0:00:02[39m[K
[32mTraining trees...                   32%|█████▏          |  ETA: 0:00:02[39m[K
[32mTraining trees...                   36%|█████▊          |  ETA: 0:00:02[39m[K
[32mTraining trees...                   40%|██████▍         |  ETA: 0:00:02[39m[K
[32mTraining trees...                   44%|███████         |  ETA: 0:00:02[39m[K
[32mTraining trees...                   48%|███████▋        |  ETA: 0:00:01[39m[K
[32mTraining trees...                   52%|████████▍       |  ETA: 0:00:01[39m[K
[32mTraining trees...                   55%|████████▊       |  ETA: 0:00:01[39m[K
[32mTraining trees...                   59%|█████████▌      |  ETA: 0:00:01[39m[K
[32mTraining trees...                   63%|██████████▏     |  ETA: 0:00:01[39m[K
[32mTraining trees...                   67%|██████████▊     |  ETA: 0:00:01[39m[K
[32mTraining trees...                   71%|███████████▍    |  ETA: 0:00:01[39m[K
[32mTraining trees...                   75%|████████████    |  ETA: 0:00:01[39m[K
[32mTraining trees...                   79%|████████████▋   |  ETA: 0:00:01[39m[K
[32mTraining trees...                   83%|█████████████▎  |  ETA: 0:00:00[39m[K
[32mTraining trees...                   87%|█████████████▉  |  ETA: 0:00:00[39m[K
[32mTraining trees...                   91%|██████████████▌ |  ETA: 0:00:00[39m[K
[32mTraining trees...                   95%|███████████████▎|  ETA: 0:00:00[39m[K
[32mTraining trees...                   99%|███████████████▉|  ETA: 0:00:00[39m[K
[32mTraining trees...                  100%|████████████████| Time: 0:00:02[39m[K
[32mTraining trees...                  100%|████████████████| Time: 0:00:02[39m[K
[?25hTrain accuracy: 0.5303138515256121
Test accuracy: 0.5251547373432789
Number of nodes: 1
Student reward: 9.37
Iteration 16/20
Training student with 63945 points
[?25l
[32mTraining trees...                    0%|                |  ETA: N/A[39m[K
[32mTraining trees...                    4%|▋               |  ETA: 0:00:03[39m[K
[32mTraining trees...                    8%|█▎              |  ETA: 0:00:03[39m[K
[32mTraining trees...                   12%|█▉              |  ETA: 0:00:03[39m[K
[32mTraining trees...                   17%|██▊             |  ETA: 0:00:02[39m[K
[32mTraining trees...                   21%|███▍            |  ETA: 0:00:02[39m[K
[32mTraining trees...                   25%|████            |  ETA: 0:00:02[39m[K
[32mTraining trees...                   29%|████▋           |  ETA: 0:00:02[39m[K
[32mTraining trees...                   33%|█████▎          |  ETA: 0:00:02[39m[K
[32mTraining trees...                   37%|█████▉          |  ETA: 0:00:02[39m[K
[32mTraining trees...                   41%|██████▌         |  ETA: 0:00:02[39m[K
[32mTraining trees...                   45%|███████▎        |  ETA: 0:00:02[39m[K
[32mTraining trees...                   49%|███████▉        |  ETA: 0:00:01[39m[K
[32mTraining trees...                   53%|████████▌       |  ETA: 0:00:01[39m[K
[32mTraining trees...                   57%|█████████▏      |  ETA: 0:00:01[39m[K
[32mTraining trees...                   61%|█████████▊      |  ETA: 0:00:01[39m[K
[32mTraining trees...                   65%|██████████▍     |  ETA: 0:00:01[39m[K
[32mTraining trees...                   69%|███████████     |  ETA: 0:00:01[39m[K
[32mTraining trees...                   73%|███████████▋    |  ETA: 0:00:01[39m[K
[32mTraining trees...                   77%|████████████▍   |  ETA: 0:00:01[39m[K
[32mTraining trees...                   81%|█████████████   |  ETA: 0:00:01[39m[K
[32mTraining trees...                   85%|█████████████▋  |  ETA: 0:00:00[39m[K
[32mTraining trees...                   89%|██████████████▎ |  ETA: 0:00:00[39m[K
[32mTraining trees...                   93%|██████████████▉ |  ETA: 0:00:00[39m[K
[32mTraining trees...                   97%|███████████████▌|  ETA: 0:00:00[39m[K
[32mTraining trees...                  100%|████████████████| Time: 0:00:02[39m[K
[32mTraining trees...                  100%|████████████████| Time: 0:00:02[39m[K
[?25hTrain accuracy: 0.504945656423489
Test accuracy: 0.5119243099538666
Number of nodes: 1
Student reward: 9.45
Iteration 17/20
Training student with 64890 points
[?25l
[32mTraining trees...                    0%|                |  ETA: N/A[39m[K
[32mTraining trees...                    4%|▋               |  ETA: 0:00:03[39m[K
[32mTraining trees...                    8%|█▎              |  ETA: 0:00:03[39m[K
[32mTraining trees...                   12%|█▉              |  ETA: 0:00:02[39m[K
[32mTraining trees...                   16%|██▌             |  ETA: 0:00:02[39m[K
[32mTraining trees...                   20%|███▎            |  ETA: 0:00:02[39m[K
[32mTraining trees...                   24%|███▉            |  ETA: 0:00:02[39m[K
[32mTraining trees...                   28%|████▌           |  ETA: 0:00:02[39m[K
[32mTraining trees...                   32%|█████▏          |  ETA: 0:00:02[39m[K
[32mTraining trees...                   36%|█████▊          |  ETA: 0:00:02[39m[K
[32mTraining trees...                   40%|██████▍         |  ETA: 0:00:02[39m[K
[32mTraining trees...                   44%|███████         |  ETA: 0:00:02[39m[K
[32mTraining trees...                   48%|███████▋        |  ETA: 0:00:01[39m[K
[32mTraining trees...                   52%|████████▍       |  ETA: 0:00:01[39m[K
[32mTraining trees...                   56%|█████████       |  ETA: 0:00:01[39m[K
[32mTraining trees...                   60%|█████████▋      |  ETA: 0:00:01[39m[K
[32mTraining trees...                   64%|██████████▎     |  ETA: 0:00:01[39m[K
[32mTraining trees...                   68%|██████████▉     |  ETA: 0:00:01[39m[K
[32mTraining trees...                   72%|███████████▌    |  ETA: 0:00:01[39m[K
[32mTraining trees...                   76%|████████████▏   |  ETA: 0:00:01[39m[K
[32mTraining trees...                   80%|████████████▊   |  ETA: 0:00:01[39m[K
[32mTraining trees...                   84%|█████████████▌  |  ETA: 0:00:00[39m[K
[32mTraining trees...                   88%|██████████████▏ |  ETA: 0:00:00[39m[K
[32mTraining trees...                   92%|██████████████▊ |  ETA: 0:00:00[39m[K
[32mTraining trees...                   96%|███████████████▍|  ETA: 0:00:00[39m[K
[32mTraining trees...                  100%|████████████████| Time: 0:00:02[39m[K
[32mTraining trees...                  100%|████████████████| Time: 0:00:02[39m[K
[?25hTrain accuracy: 0.5146594236400062
Test accuracy: 0.5085529357374018
Number of nodes: 1
Student reward: 9.36
Iteration 18/20
Training student with 65826 points
[?25l
[32mTraining trees...                    0%|                |  ETA: N/A[39m[K
[32mTraining trees...                    4%|▋               |  ETA: 0:00:03[39m[K
[32mTraining trees...                    8%|█▎              |  ETA: 0:00:03[39m[K
[32mTraining trees...                   11%|█▊              |  ETA: 0:00:03[39m[K
[32mTraining trees...                   14%|██▎             |  ETA: 0:00:03[39m[K
[32mTraining trees...                   18%|██▉             |  ETA: 0:00:03[39m[K
[32mTraining trees...                   22%|███▌            |  ETA: 0:00:02[39m[K
[32mTraining trees...                   26%|████▏           |  ETA: 0:00:02[39m[K
[32mTraining trees...                   30%|████▊           |  ETA: 0:00:02[39m[K
[32mTraining trees...                   34%|█████▌          |  ETA: 0:00:02[39m[K
[32mTraining trees...                   38%|██████▏         |  ETA: 0:00:02[39m[K
[32mTraining trees...                   42%|██████▊         |  ETA: 0:00:02[39m[K
[32mTraining trees...                   46%|███████▍        |  ETA: 0:00:02[39m[K
[32mTraining trees...                   50%|████████        |  ETA: 0:00:01[39m[K
[32mTraining trees...                   54%|████████▋       |  ETA: 0:00:01[39m[K
[32mTraining trees...                   58%|█████████▎      |  ETA: 0:00:01[39m[K
[32mTraining trees...                   62%|█████████▉      |  ETA: 0:00:01[39m[K
[32mTraining trees...                   66%|██████████▌     |  ETA: 0:00:01[39m[K
[32mTraining trees...                   70%|███████████▎    |  ETA: 0:00:01[39m[K
[32mTraining trees...                   74%|███████████▉    |  ETA: 0:00:01[39m[K
[32mTraining trees...                   78%|████████████▌   |  ETA: 0:00:01[39m[K
[32mTraining trees...                   82%|█████████████▏  |  ETA: 0:00:01[39m[K
[32mTraining trees...                   86%|█████████████▊  |  ETA: 0:00:00[39m[K
[32mTraining trees...                   90%|██████████████▍ |  ETA: 0:00:00[39m[K
[32mTraining trees...                   94%|███████████████ |  ETA: 0:00:00[39m[K
[32mTraining trees...                   98%|███████████████▋|  ETA: 0:00:00[39m[K
[32mTraining trees...                  100%|████████████████| Time: 0:00:02[39m[K
[32mTraining trees...                  100%|████████████████| Time: 0:00:02[39m[K
[?25hTrain accuracy: 0.5376376756551462
Test accuracy: 0.539647577092511
Number of nodes: 1
Student reward: 9.3
Iteration 19/20
Training student with 66756 points
[?25l
[32mTraining trees...                    0%|                |  ETA: N/A[39m[K
[32mTraining trees...                    4%|▋               |  ETA: 0:00:03[39m[K
[32mTraining trees...                    8%|█▎              |  ETA: 0:00:03[39m[K
[32mTraining trees...                   12%|█▉              |  ETA: 0:00:03[39m[K
[32mTraining trees...                   16%|██▌             |  ETA: 0:00:02[39m[K
[32mTraining trees...                   20%|███▎            |  ETA: 0:00:02[39m[K
[32mTraining trees...                   24%|███▉            |  ETA: 0:00:02[39m[K
[32mTraining trees...                   27%|████▍           |  ETA: 0:00:02[39m[K
[32mTraining trees...                   31%|█████           |  ETA: 0:00:02[39m[K
[32mTraining trees...                   35%|█████▋          |  ETA: 0:00:02[39m[K
[32mTraining trees...                   39%|██████▎         |  ETA: 0:00:02[39m[K
[32mTraining trees...                   43%|██████▉         |  ETA: 0:00:02[39m[K
[32mTraining trees...                   47%|███████▌        |  ETA: 0:00:02[39m[K
[32mTraining trees...                   51%|████████▏       |  ETA: 0:00:02[39m[K
[32mTraining trees...                   55%|████████▊       |  ETA: 0:00:01[39m[K
[32mTraining trees...                   59%|█████████▌      |  ETA: 0:00:01[39m[K
[32mTraining trees...                   63%|██████████▏     |  ETA: 0:00:01[39m[K
[32mTraining trees...                   67%|██████████▊     |  ETA: 0:00:01[39m[K
[32mTraining trees...                   71%|███████████▍    |  ETA: 0:00:01[39m[K
[32mTraining trees...                   75%|████████████    |  ETA: 0:00:01[39m[K
[32mTraining trees...                   79%|████████████▋   |  ETA: 0:00:01[39m[K
[32mTraining trees...                   83%|█████████████▎  |  ETA: 0:00:01[39m[K
[32mTraining trees...                   86%|█████████████▊  |  ETA: 0:00:00[39m[K
[32mTraining trees...                   89%|██████████████▎ |  ETA: 0:00:00[39m[K
[32mTraining trees...                   93%|██████████████▉ |  ETA: 0:00:00[39m[K
[32mTraining trees...                   97%|███████████████▌|  ETA: 0:00:00[39m[K
[32mTraining trees...                  100%|████████████████| Time: 0:00:03[39m[K
[32mTraining trees...                  100%|████████████████| Time: 0:00:03[39m[K
[?25hTrain accuracy: 0.516890120590218
Test accuracy: 0.5102606351108449
Number of nodes: 1
Student reward: 9.21
Iteration 20/20
Training student with 67677 points
[?25l
[32mTraining trees...                    0%|                |  ETA: N/A[39m[K
[32mTraining trees...                    4%|▋               |  ETA: 0:00:03[39m[K
[32mTraining trees...                    8%|█▎              |  ETA: 0:00:03[39m[K
[32mTraining trees...                   12%|█▉              |  ETA: 0:00:03[39m[K
[32mTraining trees...                   16%|██▌             |  ETA: 0:00:02[39m[K
[32mTraining trees...                   20%|███▎            |  ETA: 0:00:02[39m[K
[32mTraining trees...                   24%|███▉            |  ETA: 0:00:02[39m[K
[32mTraining trees...                   28%|████▌           |  ETA: 0:00:02[39m[K
[32mTraining trees...                   32%|█████▏          |  ETA: 0:00:02[39m[K
[32mTraining trees...                   36%|█████▊          |  ETA: 0:00:02[39m[K
[32mTraining trees...                   40%|██████▍         |  ETA: 0:00:02[39m[K
[32mTraining trees...                   44%|███████         |  ETA: 0:00:02[39m[K
[32mTraining trees...                   48%|███████▋        |  ETA: 0:00:02[39m[K
[32mTraining trees...                   52%|████████▍       |  ETA: 0:00:01[39m[K
[32mTraining trees...                   56%|█████████       |  ETA: 0:00:01[39m[K
[32mTraining trees...                   60%|█████████▋      |  ETA: 0:00:01[39m[K
[32mTraining trees...                   64%|██████████▎     |  ETA: 0:00:01[39m[K
[32mTraining trees...                   68%|██████████▉     |  ETA: 0:00:01[39m[K
[32mTraining trees...                   72%|███████████▌    |  ETA: 0:00:01[39m[K
[32mTraining trees...                   76%|████████████▏   |  ETA: 0:00:01[39m[K
[32mTraining trees...                   80%|████████████▊   |  ETA: 0:00:01[39m[K
[32mTraining trees...                   84%|█████████████▌  |  ETA: 0:00:00[39m[K
[32mTraining trees...                   88%|██████████████▏ |  ETA: 0:00:00[39m[K
[32mTraining trees...                   92%|██████████████▊ |  ETA: 0:00:00[39m[K
[32mTraining trees...                   96%|███████████████▍|  ETA: 0:00:00[39m[K
[32mTraining trees...                  100%|████████████████| Time: 0:00:02[39m[K
[32mTraining trees...                  100%|████████████████| Time: 0:00:02[39m[K
[?25hTrain accuracy: 0.5000831163074195
Test accuracy: 0.5052452718676123
Number of nodes: 1
Student reward: 9.36
Initial policy count: 20
Current policy count: 10
Reward update: 9.46 -> 9.48
Reward update: 9.45 -> 9.35
Reward update: 9.42 -> 9.28
Reward update: 9.38 -> 9.4
Reward update: 9.37 -> 9.34
Reward update: 9.36 -> 9.36
Reward update: 9.36 -> 9.44
Reward update: 9.36 -> 9.39
Reward update: 9.35 -> 9.36
Reward update: 9.34 -> 9.23
Current policy count: 5
Reward update: 9.48 -> 9.28
Reward update: 9.44 -> 9.31
Reward update: 9.4 -> 9.18
Reward update: 9.39 -> 9.49
Reward update: 9.36 -> 9.4
Current policy count: 3
Reward update: 9.49 -> 9.32
Reward update: 9.4 -> 9.43
Reward update: 9.31 -> 9.21
Current policy count: 2
Reward update: 9.43 -> 9.44
Reward update: 9.32 -> 9.35
Current policy count: 1
Reward update: 9.44 -> 9.31
Training Behavioral Cloning tree with 100000 points
[?25l
[32mTraining trees...                    0%|                |  ETA: N/A[39m[K
[32mTraining trees...                    2%|▍               |  ETA: 0:00:08[39m[K
[32mTraining trees...                    4%|▋               |  ETA: 0:00:07[39m[K
[32mTraining trees...                    6%|█               |  ETA: 0:00:08[39m[K
[32mTraining trees...                    8%|█▎              |  ETA: 0:00:07[39m[K
[32mTraining trees...                   10%|█▋              |  ETA: 0:00:07[39m[K
[32mTraining trees...                   12%|█▉              |  ETA: 0:00:07[39m[K
[32mTraining trees...                   14%|██▎             |  ETA: 0:00:07[39m[K
[32mTraining trees...                   16%|██▌             |  ETA: 0:00:07[39m[K
[32mTraining trees...                   18%|██▉             |  ETA: 0:00:07[39m[K
[32mTraining trees...                   20%|███▎            |  ETA: 0:00:06[39m[K
[32mTraining trees...                   22%|███▌            |  ETA: 0:00:06[39m[K
[32mTraining trees...                   24%|███▉            |  ETA: 0:00:06[39m[K
[32mTraining trees...                   26%|████▏           |  ETA: 0:00:06[39m[K
[32mTraining trees...                   28%|████▌           |  ETA: 0:00:06[39m[K
[32mTraining trees...                   30%|████▊           |  ETA: 0:00:06[39m[K
[32mTraining trees...                   32%|█████▏          |  ETA: 0:00:05[39m[K
[32mTraining trees...                   34%|█████▌          |  ETA: 0:00:05[39m[K
[32mTraining trees...                   36%|█████▊          |  ETA: 0:00:05[39m[K
[32mTraining trees...                   38%|██████▏         |  ETA: 0:00:05[39m[K
[32mTraining trees...                   40%|██████▍         |  ETA: 0:00:05[39m[K
[32mTraining trees...                   42%|██████▊         |  ETA: 0:00:05[39m[K
[32mTraining trees...                   44%|███████         |  ETA: 0:00:04[39m[K
[32mTraining trees...                   46%|███████▍        |  ETA: 0:00:04[39m[K
[32mTraining trees...                   48%|███████▋        |  ETA: 0:00:04[39m[K
[32mTraining trees...                   50%|████████        |  ETA: 0:00:04[39m[K
[32mTraining trees...                   52%|████████▍       |  ETA: 0:00:04[39m[K
[32mTraining trees...                   54%|████████▋       |  ETA: 0:00:04[39m[K
[32mTraining trees...                   56%|█████████       |  ETA: 0:00:03[39m[K
[32mTraining trees...                   58%|█████████▎      |  ETA: 0:00:03[39m[K
[32mTraining trees...                   60%|█████████▋      |  ETA: 0:00:03[39m[K
[32mTraining trees...                   62%|█████████▉      |  ETA: 0:00:03[39m[K
[32mTraining trees...                   64%|██████████▎     |  ETA: 0:00:03[39m[K
[32mTraining trees...                   66%|██████████▌     |  ETA: 0:00:03[39m[K
[32mTraining trees...                   68%|██████████▉     |  ETA: 0:00:03[39m[K
[32mTraining trees...                   70%|███████████▎    |  ETA: 0:00:02[39m[K
[32mTraining trees...                   72%|███████████▌    |  ETA: 0:00:02[39m[K
[32mTraining trees...                   74%|███████████▉    |  ETA: 0:00:02[39m[K
[32mTraining trees...                   76%|████████████▏   |  ETA: 0:00:02[39m[K
[32mTraining trees...                   78%|████████████▌   |  ETA: 0:00:02[39m[K
[32mTraining trees...                   79%|████████████▋   |  ETA: 0:00:02[39m[K
[32mTraining trees...                   81%|█████████████   |  ETA: 0:00:02[39m[K
[32mTraining trees...                   83%|█████████████▎  |  ETA: 0:00:01[39m[K
[32mTraining trees...                   85%|█████████████▋  |  ETA: 0:00:01[39m[K
[32mTraining trees...                   87%|█████████████▉  |  ETA: 0:00:01[39m[K
[32mTraining trees...                   89%|██████████████▎ |  ETA: 0:00:01[39m[K
[32mTraining trees...                   91%|██████████████▌ |  ETA: 0:00:01[39m[K
[32mTraining trees...                   93%|██████████████▉ |  ETA: 0:00:01[39m[K
[32mTraining trees...                   95%|███████████████▎|  ETA: 0:00:00[39m[K
[32mTraining trees...                   97%|███████████████▌|  ETA: 0:00:00[39m[K
[32mTraining trees...                   99%|███████████████▉|  ETA: 0:00:00[39m[K
[32mTraining trees...                  100%|████████████████| Time: 0:00:08[39m[K
[32mTraining trees...                  100%|████████████████| Time: 0:00:08[39m[K
[?25hTrain accuracy: 0.5005625
Test accuracy: 0.49775
Number of nodes: 1
getting 200 rollouts
Oracle average: 500.00 with std: 0.00
Student avg: 9.40 with std 0.70. Difference = 490.60 and min = 8.00. Match score = 0.00
Bc avg: 9.30 with std 0.74. Difference = 490.69 and min = 8.00. Match score = 0.00
Simple avg: 196.94 with std 43.96. Difference = 303.06 and min = 129.00. Match score = 0.00
Student fidelity in oracle trace 0.50
Bc fidelity in oracle trace 0.50
Simple fidelity in oracle trace 0.82
Student expected depth of decision 0.00
Bc expected depth of decision 0.00
Simple expected depth of decision 0.00
Student expected uniqueness ratio 0.00
Bc expected uniqueness ratio 0.00
Simple expected uniqueness ratio 0.00
Student decision nodes used: 1
Bc decision nodes used: 1
Simple decision nodes used: 0
Student completeness ratio: 0.33
Bc completeness ratio: 0.33
Simple completeness ratio: 1.00
Student has importance score 1.00
Bc has importance score 1.00
Simple has importance score 0.00
Student has 0.00 insignificant splits
Bc has 0.00 insignificant splits
Simple has 0.00 insignificant splits
Student had 0.00 unique features in each path
Bc had 0.00 unique features in each path
Simple had 1.00 unique features in each path
Student could prune 0.00 of nodes without reducing performance
Bc could prune 0.00 of nodes without reducing performance
Simple couldn't prune
Student has no repeating features
Bc has no repeating features
Simple has an average standard deviation of 0.00 among repeating features (max 0.00, min 0.00)
Student has no repeating features
Bc has no repeating features
Simple has an average standard deviation of 0.00 among repeating features in a path (max 0.00, min 0.00)
None
./scripts/run_docker.sh: line 22: kill: (18218) - No such process
