Executing in the docker (cpu image):
python -m src.main --optimal_tree --env_name CartPole-v1 --max_depth 2 --cp 1.0 --student_path _depth_2 --bc_path _depth_2
WARNING: Published ports are discarded when using host network mode
+ display=2
+ export DISPLAY=:2
+ DISPLAY=:2
+ Xvfb :2 -screen 0 1024x768x24
+ file=/tmp/.X11-unix/X2
+ sleep 1
++ seq 1 10
+ for i in $(seq 1 10)
+ '[' -e /tmp/.X11-unix/X2 ']'
+ break
+ '[' -e /tmp/.X11-unix/X2 ']'
+ exec bash -c 'cd /root/code/rl_zoo/ && python -m src.main --optimal_tree --env_name CartPole-v1 --max_depth 2 --cp 1.0 --student_path _depth_2 --bc_path _depth_2'
/usr/local/lib/python3.5/site-packages/tensorflow/python/framework/dtypes.py:519: FutureWarning: Passing (type, 1) or '1type' as a synonym of type is deprecated; in a future version of numpy, it will be understood as (type, (1,)) / '(1,)type'.
  _np_qint8 = np.dtype([("qint8", np.int8, 1)])
/usr/local/lib/python3.5/site-packages/tensorflow/python/framework/dtypes.py:520: FutureWarning: Passing (type, 1) or '1type' as a synonym of type is deprecated; in a future version of numpy, it will be understood as (type, (1,)) / '(1,)type'.
  _np_quint8 = np.dtype([("quint8", np.uint8, 1)])
/usr/local/lib/python3.5/site-packages/tensorflow/python/framework/dtypes.py:521: FutureWarning: Passing (type, 1) or '1type' as a synonym of type is deprecated; in a future version of numpy, it will be understood as (type, (1,)) / '(1,)type'.
  _np_qint16 = np.dtype([("qint16", np.int16, 1)])
/usr/local/lib/python3.5/site-packages/tensorflow/python/framework/dtypes.py:522: FutureWarning: Passing (type, 1) or '1type' as a synonym of type is deprecated; in a future version of numpy, it will be understood as (type, (1,)) / '(1,)type'.
  _np_quint16 = np.dtype([("quint16", np.uint16, 1)])
/usr/local/lib/python3.5/site-packages/tensorflow/python/framework/dtypes.py:523: FutureWarning: Passing (type, 1) or '1type' as a synonym of type is deprecated; in a future version of numpy, it will be understood as (type, (1,)) / '(1,)type'.
  _np_qint32 = np.dtype([("qint32", np.int32, 1)])
/usr/local/lib/python3.5/site-packages/tensorflow/python/framework/dtypes.py:528: FutureWarning: Passing (type, 1) or '1type' as a synonym of type is deprecated; in a future version of numpy, it will be understood as (type, (1,)) / '(1,)type'.
  np_resource = np.dtype([("resource", np.ubyte, 1)])
DQN/CartPole-v1.pkl
Loading a model without an environment, this model cannot be trained until it has a valid environment.
Iteration 1/20
Training student with 49963 points
[?25l
[32mTraining trees...                    0%|                |  ETA: N/A[39m[K
[32mTraining trees...                   11%|█▊              |  ETA: 0:00:08[39m[K
[32mTraining trees...                   15%|██▍             |  ETA: 0:00:07[39m[K
[32mTraining trees...                   18%|██▉             |  ETA: 0:00:06[39m[K
[32mTraining trees...                   20%|███▎            |  ETA: 0:00:06[39m[K
[32mTraining trees...                   22%|███▌            |  ETA: 0:00:05[39m[K
[32mTraining trees...                   25%|████            |  ETA: 0:00:05[39m[K
[32mTraining trees...                   28%|████▌           |  ETA: 0:00:05[39m[K
[32mTraining trees...                   31%|█████           |  ETA: 0:00:04[39m[K
[32mTraining trees...                   34%|█████▌          |  ETA: 0:00:04[39m[K
[32mTraining trees...                   37%|█████▉          |  ETA: 0:00:04[39m[K
[32mTraining trees...                   40%|██████▍         |  ETA: 0:00:03[39m[K
[32mTraining trees...                   43%|██████▉         |  ETA: 0:00:03[39m[K
[32mTraining trees...                   46%|███████▍        |  ETA: 0:00:03[39m[K
[32mTraining trees...                   49%|███████▉        |  ETA: 0:00:03[39m[K
[32mTraining trees...                   52%|████████▍       |  ETA: 0:00:03[39m[K
[32mTraining trees...                   54%|████████▋       |  ETA: 0:00:03[39m[K
[32mTraining trees...                   57%|█████████▏      |  ETA: 0:00:02[39m[K
[32mTraining trees...                   60%|█████████▋      |  ETA: 0:00:02[39m[K
[32mTraining trees...                   62%|█████████▉      |  ETA: 0:00:02[39m[K
[32mTraining trees...                   63%|██████████▏     |  ETA: 0:00:02[39m[K
[32mTraining trees...                   65%|██████████▍     |  ETA: 0:00:02[39m[K
[32mTraining trees...                   68%|██████████▉     |  ETA: 0:00:02[39m[K
[32mTraining trees...                   71%|███████████▍    |  ETA: 0:00:02[39m[K
[32mTraining trees...                   74%|███████████▉    |  ETA: 0:00:01[39m[K
[32mTraining trees...                   77%|████████████▍   |  ETA: 0:00:01[39m[K
[32mTraining trees...                   80%|████████████▊   |  ETA: 0:00:01[39m[K
[32mTraining trees...                   83%|█████████████▎  |  ETA: 0:00:01[39m[K
[32mTraining trees...                   86%|█████████████▊  |  ETA: 0:00:01[39m[K
[32mTraining trees...                   89%|██████████████▎ |  ETA: 0:00:01[39m[K
[32mTraining trees...                   92%|██████████████▊ |  ETA: 0:00:00[39m[K
[32mTraining trees...                   94%|███████████████ |  ETA: 0:00:00[39m[K
[32mTraining trees...                   97%|███████████████▌|  ETA: 0:00:00[39m[K
[32mTraining trees...                   99%|███████████████▉|  ETA: 0:00:00[39m[K
[32mTraining trees...                  100%|████████████████| Time: 0:00:05[39m[K
[32mTraining trees...                  100%|████████████████| Time: 0:00:05[39m[K
[?25hTrain accuracy: 0.5510382787090318
Test accuracy: 0.5583908736115281
Number of nodes: 1
Student reward: 9.49
Iteration 2/20
Training student with 50912 points
[?25l
[32mTraining trees...                    0%|                |  ETA: N/A[39m[K
[32mTraining trees...                    2%|▍               |  ETA: 0:00:05[39m[K
[32mTraining trees...                    5%|▊               |  ETA: 0:00:04[39m[K
[32mTraining trees...                    8%|█▎              |  ETA: 0:00:04[39m[K
[32mTraining trees...                   10%|█▋              |  ETA: 0:00:04[39m[K
[32mTraining trees...                   13%|██▏             |  ETA: 0:00:04[39m[K
[32mTraining trees...                   16%|██▌             |  ETA: 0:00:04[39m[K
[32mTraining trees...                   18%|██▉             |  ETA: 0:00:04[39m[K
[32mTraining trees...                   20%|███▎            |  ETA: 0:00:04[39m[K
[32mTraining trees...                   23%|███▋            |  ETA: 0:00:04[39m[K
[32mTraining trees...                   26%|████▏           |  ETA: 0:00:04[39m[K
[32mTraining trees...                   29%|████▋           |  ETA: 0:00:03[39m[K
[32mTraining trees...                   32%|█████▏          |  ETA: 0:00:03[39m[K
[32mTraining trees...                   35%|█████▋          |  ETA: 0:00:03[39m[K
[32mTraining trees...                   37%|█████▉          |  ETA: 0:00:03[39m[K
[32mTraining trees...                   39%|██████▎         |  ETA: 0:00:03[39m[K
[32mTraining trees...                   42%|██████▊         |  ETA: 0:00:03[39m[K
[32mTraining trees...                   45%|███████▎        |  ETA: 0:00:03[39m[K
[32mTraining trees...                   48%|███████▋        |  ETA: 0:00:02[39m[K
[32mTraining trees...                   50%|████████        |  ETA: 0:00:02[39m[K
[32mTraining trees...                   53%|████████▌       |  ETA: 0:00:02[39m[K
[32mTraining trees...                   56%|█████████       |  ETA: 0:00:02[39m[K
[32mTraining trees...                   59%|█████████▌      |  ETA: 0:00:02[39m[K
[32mTraining trees...                   61%|█████████▊      |  ETA: 0:00:02[39m[K
[32mTraining trees...                   63%|██████████▏     |  ETA: 0:00:02[39m[K
[32mTraining trees...                   65%|██████████▍     |  ETA: 0:00:02[39m[K
[32mTraining trees...                   67%|██████████▊     |  ETA: 0:00:02[39m[K
[32mTraining trees...                   69%|███████████     |  ETA: 0:00:02[39m[K
[32mTraining trees...                   71%|███████████▍    |  ETA: 0:00:01[39m[K
[32mTraining trees...                   73%|███████████▋    |  ETA: 0:00:01[39m[K
[32mTraining trees...                   75%|████████████    |  ETA: 0:00:01[39m[K
[32mTraining trees...                   77%|████████████▍   |  ETA: 0:00:01[39m[K
[32mTraining trees...                   79%|████████████▋   |  ETA: 0:00:01[39m[K
[32mTraining trees...                   81%|█████████████   |  ETA: 0:00:01[39m[K
[32mTraining trees...                   83%|█████████████▎  |  ETA: 0:00:01[39m[K
[32mTraining trees...                   84%|█████████████▌  |  ETA: 0:00:01[39m[K
[32mTraining trees...                   86%|█████████████▊  |  ETA: 0:00:01[39m[K
[32mTraining trees...                   88%|██████████████▏ |  ETA: 0:00:01[39m[K
[32mTraining trees...                   90%|██████████████▍ |  ETA: 0:00:01[39m[K
[32mTraining trees...                   92%|██████████████▊ |  ETA: 0:00:00[39m[K
[32mTraining trees...                   94%|███████████████ |  ETA: 0:00:00[39m[K
[32mTraining trees...                   95%|███████████████▎|  ETA: 0:00:00[39m[K
[32mTraining trees...                   97%|███████████████▌|  ETA: 0:00:00[39m[K
[32mTraining trees...                   99%|███████████████▉|  ETA: 0:00:00[39m[K
[32mTraining trees...                  100%|████████████████| Time: 0:00:06[39m[K
[32mTraining trees...                  100%|████████████████| Time: 0:00:06[39m[K
[?25hTrain accuracy: 0.5836136413857448
Test accuracy: 0.5838161641952273
Number of nodes: 1
Student reward: 9.28
Iteration 3/20
Training student with 51840 points
[?25l
[32mTraining trees...                    0%|                |  ETA: N/A[39m[K
[32mTraining trees...                    3%|▌               |  ETA: 0:00:05[39m[K
[32mTraining trees...                    6%|█               |  ETA: 0:00:05[39m[K
[32mTraining trees...                    9%|█▌              |  ETA: 0:00:04[39m[K
[32mTraining trees...                   12%|█▉              |  ETA: 0:00:04[39m[K
[32mTraining trees...                   15%|██▍             |  ETA: 0:00:04[39m[K
[32mTraining trees...                   18%|██▉             |  ETA: 0:00:04[39m[K
[32mTraining trees...                   20%|███▎            |  ETA: 0:00:04[39m[K
[32mTraining trees...                   22%|███▌            |  ETA: 0:00:04[39m[K
[32mTraining trees...                   25%|████            |  ETA: 0:00:04[39m[K
[32mTraining trees...                   28%|████▌           |  ETA: 0:00:03[39m[K
[32mTraining trees...                   31%|█████           |  ETA: 0:00:03[39m[K
[32mTraining trees...                   34%|█████▌          |  ETA: 0:00:03[39m[K
[32mTraining trees...                   37%|█████▉          |  ETA: 0:00:03[39m[K
[32mTraining trees...                   40%|██████▍         |  ETA: 0:00:03[39m[K
[32mTraining trees...                   43%|██████▉         |  ETA: 0:00:03[39m[K
[32mTraining trees...                   46%|███████▍        |  ETA: 0:00:02[39m[K
[32mTraining trees...                   49%|███████▉        |  ETA: 0:00:02[39m[K
[32mTraining trees...                   52%|████████▍       |  ETA: 0:00:02[39m[K
[32mTraining trees...                   55%|████████▊       |  ETA: 0:00:02[39m[K
[32mTraining trees...                   58%|█████████▎      |  ETA: 0:00:02[39m[K
[32mTraining trees...                   61%|█████████▊      |  ETA: 0:00:02[39m[K
[32mTraining trees...                   64%|██████████▎     |  ETA: 0:00:02[39m[K
[32mTraining trees...                   67%|██████████▊     |  ETA: 0:00:02[39m[K
[32mTraining trees...                   70%|███████████▎    |  ETA: 0:00:01[39m[K
[32mTraining trees...                   73%|███████████▋    |  ETA: 0:00:01[39m[K
[32mTraining trees...                   75%|████████████    |  ETA: 0:00:01[39m[K
[32mTraining trees...                   77%|████████████▍   |  ETA: 0:00:01[39m[K
[32mTraining trees...                   80%|████████████▊   |  ETA: 0:00:01[39m[K
[32mTraining trees...                   83%|█████████████▎  |  ETA: 0:00:01[39m[K
[32mTraining trees...                   85%|█████████████▋  |  ETA: 0:00:01[39m[K
[32mTraining trees...                   88%|██████████████▏ |  ETA: 0:00:01[39m[K
[32mTraining trees...                   91%|██████████████▌ |  ETA: 0:00:00[39m[K
[32mTraining trees...                   94%|███████████████ |  ETA: 0:00:00[39m[K
[32mTraining trees...                   97%|███████████████▌|  ETA: 0:00:00[39m[K
[32mTraining trees...                  100%|████████████████| Time: 0:00:04[39m[K
[32mTraining trees...                  100%|████████████████| Time: 0:00:04[39m[K
[?25hTrain accuracy: 0.6388647762345679
Test accuracy: 0.6285686728395061
Number of nodes: 1
Student reward: 9.44
Iteration 4/20
Training student with 52784 points
[?25l
[32mTraining trees...                    0%|                |  ETA: N/A[39m[K
[32mTraining trees...                    2%|▍               |  ETA: 0:00:05[39m[K
[32mTraining trees...                    5%|▊               |  ETA: 0:00:05[39m[K
[32mTraining trees...                    8%|█▎              |  ETA: 0:00:05[39m[K
[32mTraining trees...                   10%|█▋              |  ETA: 0:00:05[39m[K
[32mTraining trees...                   13%|██▏             |  ETA: 0:00:04[39m[K
[32mTraining trees...                   15%|██▍             |  ETA: 0:00:04[39m[K
[32mTraining trees...                   17%|██▊             |  ETA: 0:00:04[39m[K
[32mTraining trees...                   20%|███▎            |  ETA: 0:00:04[39m[K
[32mTraining trees...                   22%|███▌            |  ETA: 0:00:04[39m[K
[32mTraining trees...                   25%|████            |  ETA: 0:00:04[39m[K
[32mTraining trees...                   28%|████▌           |  ETA: 0:00:04[39m[K
[32mTraining trees...                   31%|█████           |  ETA: 0:00:03[39m[K
[32mTraining trees...                   34%|█████▌          |  ETA: 0:00:03[39m[K
[32mTraining trees...                   44%|███████         |  ETA: 0:00:03[39m[K
[32mTraining trees...                   47%|███████▌        |  ETA: 0:00:03[39m[K
[32mTraining trees...                   50%|████████        |  ETA: 0:00:02[39m[K
[32mTraining trees...                   52%|████████▍       |  ETA: 0:00:02[39m[K
[32mTraining trees...                   55%|████████▊       |  ETA: 0:00:02[39m[K
[32mTraining trees...                   58%|█████████▎      |  ETA: 0:00:02[39m[K
[32mTraining trees...                   61%|█████████▊      |  ETA: 0:00:02[39m[K
[32mTraining trees...                   63%|██████████▏     |  ETA: 0:00:02[39m[K
[32mTraining trees...                   65%|██████████▍     |  ETA: 0:00:02[39m[K
[32mTraining trees...                   67%|██████████▊     |  ETA: 0:00:02[39m[K
[32mTraining trees...                   69%|███████████     |  ETA: 0:00:02[39m[K
[32mTraining trees...                   71%|███████████▍    |  ETA: 0:00:01[39m[K
[32mTraining trees...                   73%|███████████▋    |  ETA: 0:00:01[39m[K
[32mTraining trees...                   75%|████████████    |  ETA: 0:00:01[39m[K
[32mTraining trees...                   77%|████████████▍   |  ETA: 0:00:01[39m[K
[32mTraining trees...                   79%|████████████▋   |  ETA: 0:00:01[39m[K
[32mTraining trees...                   81%|█████████████   |  ETA: 0:00:01[39m[K
[32mTraining trees...                   84%|█████████████▌  |  ETA: 0:00:01[39m[K
[32mTraining trees...                   87%|█████████████▉  |  ETA: 0:00:01[39m[K
[32mTraining trees...                   90%|██████████████▍ |  ETA: 0:00:00[39m[K
[32mTraining trees...                   93%|██████████████▉ |  ETA: 0:00:00[39m[K
[32mTraining trees...                   95%|███████████████▎|  ETA: 0:00:00[39m[K
[32mTraining trees...                   98%|███████████████▋|  ETA: 0:00:00[39m[K
[32mTraining trees...                  100%|████████████████| Time: 0:00:04[39m[K
[32mTraining trees...                  100%|████████████████| Time: 0:00:04[39m[K
[?25hTrain accuracy: 0.562673171193786
Test accuracy: 0.5664488017429193
Number of nodes: 1
Student reward: 9.36
Iteration 5/20
Training student with 53720 points
[?25l
[32mTraining trees...                    0%|                |  ETA: N/A[39m[K
[32mTraining trees...                    3%|▌               |  ETA: 0:00:04[39m[K
[32mTraining trees...                    6%|█               |  ETA: 0:00:04[39m[K
[32mTraining trees...                    9%|█▌              |  ETA: 0:00:04[39m[K
[32mTraining trees...                   12%|█▉              |  ETA: 0:00:04[39m[K
[32mTraining trees...                   15%|██▍             |  ETA: 0:00:04[39m[K
[32mTraining trees...                   18%|██▉             |  ETA: 0:00:04[39m[K
[32mTraining trees...                   21%|███▍            |  ETA: 0:00:04[39m[K
[32mTraining trees...                   24%|███▉            |  ETA: 0:00:04[39m[K
[32mTraining trees...                   26%|████▏           |  ETA: 0:00:04[39m[K
[32mTraining trees...                   29%|████▋           |  ETA: 0:00:03[39m[K
[32mTraining trees...                   32%|█████▏          |  ETA: 0:00:03[39m[K
[32mTraining trees...                   35%|█████▋          |  ETA: 0:00:03[39m[K
[32mTraining trees...                   38%|██████▏         |  ETA: 0:00:03[39m[K
[32mTraining trees...                   41%|██████▌         |  ETA: 0:00:03[39m[K
[32mTraining trees...                   44%|███████         |  ETA: 0:00:03[39m[K
[32mTraining trees...                   47%|███████▌        |  ETA: 0:00:02[39m[K
[32mTraining trees...                   50%|████████        |  ETA: 0:00:02[39m[K
[32mTraining trees...                   52%|████████▍       |  ETA: 0:00:02[39m[K
[32mTraining trees...                   55%|████████▊       |  ETA: 0:00:02[39m[K
[32mTraining trees...                   58%|█████████▎      |  ETA: 0:00:02[39m[K
[32mTraining trees...                   60%|█████████▋      |  ETA: 0:00:02[39m[K
[32mTraining trees...                   63%|██████████▏     |  ETA: 0:00:02[39m[K
[32mTraining trees...                   66%|██████████▌     |  ETA: 0:00:02[39m[K
[32mTraining trees...                   68%|██████████▉     |  ETA: 0:00:02[39m[K
[32mTraining trees...                   70%|███████████▎    |  ETA: 0:00:01[39m[K
[32mTraining trees...                   72%|███████████▌    |  ETA: 0:00:01[39m[K
[32mTraining trees...                   74%|███████████▉    |  ETA: 0:00:01[39m[K
[32mTraining trees...                   77%|████████████▍   |  ETA: 0:00:01[39m[K
[32mTraining trees...                   79%|████████████▋   |  ETA: 0:00:01[39m[K
[32mTraining trees...                   82%|█████████████▏  |  ETA: 0:00:01[39m[K
[32mTraining trees...                   85%|█████████████▋  |  ETA: 0:00:01[39m[K
[32mTraining trees...                   88%|██████████████▏ |  ETA: 0:00:01[39m[K
[32mTraining trees...                   91%|██████████████▌ |  ETA: 0:00:00[39m[K
[32mTraining trees...                   93%|██████████████▉ |  ETA: 0:00:00[39m[K
[32mTraining trees...                   95%|███████████████▎|  ETA: 0:00:00[39m[K
[32mTraining trees...                   98%|███████████████▋|  ETA: 0:00:00[39m[K
[32mTraining trees...                  100%|████████████████| Time: 0:00:04[39m[K
[32mTraining trees...                  100%|████████████████| Time: 0:00:04[39m[K
[?25hTrain accuracy: 0.5026759121370067
Test accuracy: 0.5027922561429635
Number of nodes: 1
Student reward: 9.27
Iteration 6/20
Training student with 54647 points
[?25l
[32mTraining trees...                    0%|                |  ETA: N/A[39m[K
[32mTraining trees...                    2%|▍               |  ETA: 0:00:05[39m[K
[32mTraining trees...                    5%|▊               |  ETA: 0:00:05[39m[K
[32mTraining trees...                    7%|█▏              |  ETA: 0:00:05[39m[K
[32mTraining trees...                   10%|█▋              |  ETA: 0:00:04[39m[K
[32mTraining trees...                   13%|██▏             |  ETA: 0:00:04[39m[K
[32mTraining trees...                   16%|██▌             |  ETA: 0:00:04[39m[K
[32mTraining trees...                   19%|███             |  ETA: 0:00:04[39m[K
[32mTraining trees...                   21%|███▍            |  ETA: 0:00:04[39m[K
[32mTraining trees...                   23%|███▋            |  ETA: 0:00:04[39m[K
[32mTraining trees...                   26%|████▏           |  ETA: 0:00:04[39m[K
[32mTraining trees...                   28%|████▌           |  ETA: 0:00:04[39m[K
[32mTraining trees...                   30%|████▊           |  ETA: 0:00:03[39m[K
[32mTraining trees...                   32%|█████▏          |  ETA: 0:00:03[39m[K
[32mTraining trees...                   35%|█████▋          |  ETA: 0:00:03[39m[K
[32mTraining trees...                   38%|██████▏         |  ETA: 0:00:03[39m[K
[32mTraining trees...                   41%|██████▌         |  ETA: 0:00:03[39m[K
[32mTraining trees...                   44%|███████         |  ETA: 0:00:03[39m[K
[32mTraining trees...                   46%|███████▍        |  ETA: 0:00:03[39m[K
[32mTraining trees...                   49%|███████▉        |  ETA: 0:00:03[39m[K
[32mTraining trees...                   51%|████████▏       |  ETA: 0:00:02[39m[K
[32mTraining trees...                   53%|████████▌       |  ETA: 0:00:02[39m[K
[32mTraining trees...                   55%|████████▊       |  ETA: 0:00:02[39m[K
[32mTraining trees...                   57%|█████████▏      |  ETA: 0:00:02[39m[K
[32mTraining trees...                   60%|█████████▋      |  ETA: 0:00:02[39m[K
[32mTraining trees...                   62%|█████████▉      |  ETA: 0:00:02[39m[K
[32mTraining trees...                   64%|██████████▎     |  ETA: 0:00:02[39m[K
[32mTraining trees...                   67%|██████████▊     |  ETA: 0:00:02[39m[K
[32mTraining trees...                   70%|███████████▎    |  ETA: 0:00:02[39m[K
[32mTraining trees...                   73%|███████████▋    |  ETA: 0:00:01[39m[K
[32mTraining trees...                   76%|████████████▏   |  ETA: 0:00:01[39m[K
[32mTraining trees...                   79%|████████████▋   |  ETA: 0:00:01[39m[K
[32mTraining trees...                   81%|█████████████   |  ETA: 0:00:01[39m[K
[32mTraining trees...                   83%|█████████████▎  |  ETA: 0:00:01[39m[K
[32mTraining trees...                   86%|█████████████▊  |  ETA: 0:00:01[39m[K
[32mTraining trees...                   88%|██████████████▏ |  ETA: 0:00:01[39m[K
[32mTraining trees...                   91%|██████████████▌ |  ETA: 0:00:00[39m[K
[32mTraining trees...                   94%|███████████████ |  ETA: 0:00:00[39m[K
[32mTraining trees...                   97%|███████████████▌|  ETA: 0:00:00[39m[K
[32mTraining trees...                  100%|████████████████| Time: 0:00:04[39m[K
[32mTraining trees...                  100%|████████████████| Time: 0:00:04[39m[K
[?25hTrain accuracy: 0.5460804721275476
Test accuracy: 0.5498627630375115
Number of nodes: 1
Student reward: 9.44
Iteration 7/20
Training student with 55591 points
[?25l
[32mTraining trees...                    0%|                |  ETA: N/A[39m[K
[32mTraining trees...                    2%|▍               |  ETA: 0:00:05[39m[K
[32mTraining trees...                    5%|▊               |  ETA: 0:00:04[39m[K
[32mTraining trees...                    8%|█▎              |  ETA: 0:00:04[39m[K
[32mTraining trees...                   11%|█▊              |  ETA: 0:00:04[39m[K
[32mTraining trees...                   14%|██▎             |  ETA: 0:00:04[39m[K
[32mTraining trees...                   16%|██▌             |  ETA: 0:00:04[39m[K
[32mTraining trees...                   19%|███             |  ETA: 0:00:04[39m[K
[32mTraining trees...                   22%|███▌            |  ETA: 0:00:04[39m[K
[32mTraining trees...                   25%|████            |  ETA: 0:00:04[39m[K
[32mTraining trees...                   28%|████▌           |  ETA: 0:00:04[39m[K
[32mTraining trees...                   30%|████▊           |  ETA: 0:00:04[39m[K
[32mTraining trees...                   33%|█████▎          |  ETA: 0:00:03[39m[K
[32mTraining trees...                   35%|█████▋          |  ETA: 0:00:03[39m[K
[32mTraining trees...                   38%|██████▏         |  ETA: 0:00:03[39m[K
[32mTraining trees...                   41%|██████▌         |  ETA: 0:00:03[39m[K
[32mTraining trees...                   44%|███████         |  ETA: 0:00:03[39m[K
[32mTraining trees...                   46%|███████▍        |  ETA: 0:00:03[39m[K
[32mTraining trees...                   48%|███████▋        |  ETA: 0:00:03[39m[K
[32mTraining trees...                   50%|████████        |  ETA: 0:00:02[39m[K
[32mTraining trees...                   53%|████████▌       |  ETA: 0:00:02[39m[K
[32mTraining trees...                   56%|█████████       |  ETA: 0:00:02[39m[K
[32mTraining trees...                   58%|█████████▎      |  ETA: 0:00:02[39m[K
[32mTraining trees...                   61%|█████████▊      |  ETA: 0:00:02[39m[K
[32mTraining trees...                   63%|██████████▏     |  ETA: 0:00:02[39m[K
[32mTraining trees...                   66%|██████████▌     |  ETA: 0:00:02[39m[K
[32mTraining trees...                   69%|███████████     |  ETA: 0:00:02[39m[K
[32mTraining trees...                   72%|███████████▌    |  ETA: 0:00:01[39m[K
[32mTraining trees...                   74%|███████████▉    |  ETA: 0:00:01[39m[K
[32mTraining trees...                   77%|████████████▍   |  ETA: 0:00:01[39m[K
[32mTraining trees...                   79%|████████████▋   |  ETA: 0:00:01[39m[K
[32mTraining trees...                   81%|█████████████   |  ETA: 0:00:01[39m[K
[32mTraining trees...                   84%|█████████████▌  |  ETA: 0:00:01[39m[K
[32mTraining trees...                   87%|█████████████▉  |  ETA: 0:00:01[39m[K
[32mTraining trees...                   90%|██████████████▍ |  ETA: 0:00:00[39m[K
[32mTraining trees...                   93%|██████████████▉ |  ETA: 0:00:00[39m[K
[32mTraining trees...                   95%|███████████████▎|  ETA: 0:00:00[39m[K
[32mTraining trees...                   98%|███████████████▋|  ETA: 0:00:00[39m[K
[32mTraining trees...                  100%|████████████████| Time: 0:00:04[39m[K
[32mTraining trees...                  100%|████████████████| Time: 0:00:04[39m[K
[?25hTrain accuracy: 0.5685824788631049
Test accuracy: 0.5675870132206133
Number of nodes: 1
Student reward: 9.48
Iteration 8/20
Training student with 56539 points
[?25l
[32mTraining trees...                    0%|                |  ETA: N/A[39m[K
[32mTraining trees...                    3%|▌               |  ETA: 0:00:05[39m[K
[32mTraining trees...                    6%|█               |  ETA: 0:00:04[39m[K
[32mTraining trees...                    9%|█▌              |  ETA: 0:00:04[39m[K
[32mTraining trees...                   11%|█▊              |  ETA: 0:00:04[39m[K
[32mTraining trees...                   14%|██▎             |  ETA: 0:00:04[39m[K
[32mTraining trees...                   17%|██▊             |  ETA: 0:00:04[39m[K
[32mTraining trees...                   20%|███▎            |  ETA: 0:00:04[39m[K
[32mTraining trees...                   22%|███▌            |  ETA: 0:00:04[39m[K
[32mTraining trees...                   25%|████            |  ETA: 0:00:04[39m[K
[32mTraining trees...                   28%|████▌           |  ETA: 0:00:03[39m[K
[32mTraining trees...                   31%|█████           |  ETA: 0:00:03[39m[K
[32mTraining trees...                   34%|█████▌          |  ETA: 0:00:03[39m[K
[32mTraining trees...                   37%|█████▉          |  ETA: 0:00:03[39m[K
[32mTraining trees...                   40%|██████▍         |  ETA: 0:00:03[39m[K
[32mTraining trees...                   43%|██████▉         |  ETA: 0:00:03[39m[K
[32mTraining trees...                   46%|███████▍        |  ETA: 0:00:03[39m[K
[32mTraining trees...                   48%|███████▋        |  ETA: 0:00:02[39m[K
[32mTraining trees...                   51%|████████▏       |  ETA: 0:00:02[39m[K
[32mTraining trees...                   54%|████████▋       |  ETA: 0:00:02[39m[K
[32mTraining trees...                   57%|█████████▏      |  ETA: 0:00:02[39m[K
[32mTraining trees...                   60%|█████████▋      |  ETA: 0:00:02[39m[K
[32mTraining trees...                   63%|██████████▏     |  ETA: 0:00:02[39m[K
[32mTraining trees...                   65%|██████████▍     |  ETA: 0:00:02[39m[K
[32mTraining trees...                   67%|██████████▊     |  ETA: 0:00:02[39m[K
[32mTraining trees...                   70%|███████████▎    |  ETA: 0:00:01[39m[K
[32mTraining trees...                   72%|███████████▌    |  ETA: 0:00:01[39m[K
[32mTraining trees...                   74%|███████████▉    |  ETA: 0:00:01[39m[K
[32mTraining trees...                   76%|████████████▏   |  ETA: 0:00:01[39m[K
[32mTraining trees...                   79%|████████████▋   |  ETA: 0:00:01[39m[K
[32mTraining trees...                   81%|█████████████   |  ETA: 0:00:01[39m[K
[32mTraining trees...                   84%|█████████████▌  |  ETA: 0:00:01[39m[K
[32mTraining trees...                   86%|█████████████▊  |  ETA: 0:00:01[39m[K
[32mTraining trees...                   89%|██████████████▎ |  ETA: 0:00:01[39m[K
[32mTraining trees...                   91%|██████████████▌ |  ETA: 0:00:00[39m[K
[32mTraining trees...                   93%|██████████████▉ |  ETA: 0:00:00[39m[K
[32mTraining trees...                   95%|███████████████▎|  ETA: 0:00:00[39m[K
[32mTraining trees...                   97%|███████████████▌|  ETA: 0:00:00[39m[K
[32mTraining trees...                   99%|███████████████▉|  ETA: 0:00:00[39m[K
[32mTraining trees...                  100%|████████████████| Time: 0:00:04[39m[K
[32mTraining trees...                  100%|████████████████| Time: 0:00:04[39m[K
[?25hTrain accuracy: 0.5303221242068493
Test accuracy: 0.5294481782808631
Number of nodes: 1
Student reward: 9.4
Iteration 9/20
Training student with 57479 points
[?25l
[32mTraining trees...                    0%|                |  ETA: N/A[39m[K
[32mTraining trees...                    2%|▍               |  ETA: 0:00:05[39m[K
[32mTraining trees...                    4%|▋               |  ETA: 0:00:05[39m[K
[32mTraining trees...                    6%|█               |  ETA: 0:00:05[39m[K
[32mTraining trees...                    9%|█▌              |  ETA: 0:00:05[39m[K
[32mTraining trees...                   11%|█▊              |  ETA: 0:00:05[39m[K
[32mTraining trees...                   14%|██▎             |  ETA: 0:00:04[39m[K
[32mTraining trees...                   16%|██▌             |  ETA: 0:00:04[39m[K
[32mTraining trees...                   18%|██▉             |  ETA: 0:00:04[39m[K
[32mTraining trees...                   21%|███▍            |  ETA: 0:00:04[39m[K
[32mTraining trees...                   23%|███▋            |  ETA: 0:00:04[39m[K
[32mTraining trees...                   26%|████▏           |  ETA: 0:00:04[39m[K
[32mTraining trees...                   29%|████▋           |  ETA: 0:00:04[39m[K
[32mTraining trees...                   32%|█████▏          |  ETA: 0:00:04[39m[K
[32mTraining trees...                   35%|█████▋          |  ETA: 0:00:03[39m[K
[32mTraining trees...                   39%|██████▎         |  ETA: 0:00:03[39m[K
[32mTraining trees...                   42%|██████▊         |  ETA: 0:00:03[39m[K
[32mTraining trees...                   44%|███████         |  ETA: 0:00:03[39m[K
[32mTraining trees...                   47%|███████▌        |  ETA: 0:00:03[39m[K
[32mTraining trees...                   49%|███████▉        |  ETA: 0:00:03[39m[K
[32mTraining trees...                   51%|████████▏       |  ETA: 0:00:02[39m[K
[32mTraining trees...                   54%|████████▋       |  ETA: 0:00:02[39m[K
[32mTraining trees...                   56%|█████████       |  ETA: 0:00:02[39m[K
[32mTraining trees...                   58%|█████████▎      |  ETA: 0:00:02[39m[K
[32mTraining trees...                   60%|█████████▋      |  ETA: 0:00:02[39m[K
[32mTraining trees...                   62%|█████████▉      |  ETA: 0:00:02[39m[K
[32mTraining trees...                   64%|██████████▎     |  ETA: 0:00:02[39m[K
[32mTraining trees...                   66%|██████████▌     |  ETA: 0:00:02[39m[K
[32mTraining trees...                   69%|███████████     |  ETA: 0:00:02[39m[K
[32mTraining trees...                   72%|███████████▌    |  ETA: 0:00:01[39m[K
[32mTraining trees...                   74%|███████████▉    |  ETA: 0:00:01[39m[K
[32mTraining trees...                   76%|████████████▏   |  ETA: 0:00:01[39m[K
[32mTraining trees...                   78%|████████████▌   |  ETA: 0:00:01[39m[K
[32mTraining trees...                   80%|████████████▊   |  ETA: 0:00:01[39m[K
[32mTraining trees...                   82%|█████████████▏  |  ETA: 0:00:01[39m[K
[32mTraining trees...                   84%|█████████████▌  |  ETA: 0:00:01[39m[K
[32mTraining trees...                   86%|█████████████▊  |  ETA: 0:00:01[39m[K
[32mTraining trees...                   88%|██████████████▏ |  ETA: 0:00:01[39m[K
[32mTraining trees...                   91%|██████████████▌ |  ETA: 0:00:00[39m[K
[32mTraining trees...                   94%|███████████████ |  ETA: 0:00:00[39m[K
[32mTraining trees...                   96%|███████████████▍|  ETA: 0:00:00[39m[K
[32mTraining trees...                   98%|███████████████▋|  ETA: 0:00:00[39m[K
[32mTraining trees...                  100%|████████████████| Time: 0:00:05[39m[K
[32mTraining trees...                  100%|████████████████| Time: 0:00:05[39m[K
[?25hTrain accuracy: 0.5033381902007263
Test accuracy: 0.5034794711203897
Number of nodes: 1
Student reward: 9.43
Iteration 10/20
Training student with 58422 points
[?25l
[32mTraining trees...                    0%|                |  ETA: N/A[39m[K
[32mTraining trees...                    2%|▍               |  ETA: 0:00:05[39m[K
[32mTraining trees...                    5%|▊               |  ETA: 0:00:05[39m[K
[32mTraining trees...                    8%|█▎              |  ETA: 0:00:05[39m[K
[32mTraining trees...                   11%|█▊              |  ETA: 0:00:04[39m[K
[32mTraining trees...                   13%|██▏             |  ETA: 0:00:04[39m[K
[32mTraining trees...                   15%|██▍             |  ETA: 0:00:04[39m[K
[32mTraining trees...                   17%|██▊             |  ETA: 0:00:04[39m[K
[32mTraining trees...                   19%|███             |  ETA: 0:00:04[39m[K
[32mTraining trees...                   21%|███▍            |  ETA: 0:00:04[39m[K
[32mTraining trees...                   23%|███▋            |  ETA: 0:00:04[39m[K
[32mTraining trees...                   25%|████            |  ETA: 0:00:04[39m[K
[32mTraining trees...                   27%|████▍           |  ETA: 0:00:04[39m[K
[32mTraining trees...                   30%|████▊           |  ETA: 0:00:04[39m[K
[32mTraining trees...                   33%|█████▎          |  ETA: 0:00:04[39m[K
[32mTraining trees...                   35%|█████▋          |  ETA: 0:00:03[39m[K
[32mTraining trees...                   37%|█████▉          |  ETA: 0:00:03[39m[K
[32mTraining trees...                   39%|██████▎         |  ETA: 0:00:03[39m[K
[32mTraining trees...                   41%|██████▌         |  ETA: 0:00:03[39m[K
[32mTraining trees...                   43%|██████▉         |  ETA: 0:00:03[39m[K
[32mTraining trees...                   45%|███████▎        |  ETA: 0:00:03[39m[K
[32mTraining trees...                   47%|███████▌        |  ETA: 0:00:03[39m[K
[32mTraining trees...                   49%|███████▉        |  ETA: 0:00:03[39m[K
[32mTraining trees...                   52%|████████▍       |  ETA: 0:00:03[39m[K
[32mTraining trees...                   54%|████████▋       |  ETA: 0:00:02[39m[K
[32mTraining trees...                   56%|█████████       |  ETA: 0:00:02[39m[K
[32mTraining trees...                   59%|█████████▌      |  ETA: 0:00:02[39m[K
[32mTraining trees...                   62%|█████████▉      |  ETA: 0:00:02[39m[K
[32mTraining trees...                   64%|██████████▎     |  ETA: 0:00:02[39m[K
[32mTraining trees...                   67%|██████████▊     |  ETA: 0:00:02[39m[K
[32mTraining trees...                   69%|███████████     |  ETA: 0:00:02[39m[K
[32mTraining trees...                   71%|███████████▍    |  ETA: 0:00:02[39m[K
[32mTraining trees...                   73%|███████████▋    |  ETA: 0:00:01[39m[K
[32mTraining trees...                   76%|████████████▏   |  ETA: 0:00:01[39m[K
[32mTraining trees...                   79%|████████████▋   |  ETA: 0:00:01[39m[K
[32mTraining trees...                   81%|█████████████   |  ETA: 0:00:01[39m[K
[32mTraining trees...                   84%|█████████████▌  |  ETA: 0:00:01[39m[K
[32mTraining trees...                   86%|█████████████▊  |  ETA: 0:00:01[39m[K
[32mTraining trees...                   89%|██████████████▎ |  ETA: 0:00:01[39m[K
[32mTraining trees...                   91%|██████████████▌ |  ETA: 0:00:00[39m[K
[32mTraining trees...                   93%|██████████████▉ |  ETA: 0:00:00[39m[K
[32mTraining trees...                   95%|███████████████▎|  ETA: 0:00:00[39m[K
[32mTraining trees...                   97%|███████████████▌|  ETA: 0:00:00[39m[K
[32mTraining trees...                  100%|████████████████| Time: 0:00:05[39m[K
[32mTraining trees...                  100%|████████████████| Time: 0:00:05[39m[K
[?25hTrain accuracy: 0.5702548302201682
Test accuracy: 0.5669661959777492
Number of nodes: 1
Student reward: 9.33
Iteration 11/20
Training student with 59355 points
[?25l
[32mTraining trees...                    0%|                |  ETA: N/A[39m[K
[32mTraining trees...                    3%|▌               |  ETA: 0:00:05[39m[K
[32mTraining trees...                    5%|▊               |  ETA: 0:00:05[39m[K
[32mTraining trees...                    7%|█▏              |  ETA: 0:00:05[39m[K
[32mTraining trees...                    9%|█▌              |  ETA: 0:00:05[39m[K
[32mTraining trees...                   12%|█▉              |  ETA: 0:00:05[39m[K
[32mTraining trees...                   15%|██▍             |  ETA: 0:00:04[39m[K
[32mTraining trees...                   17%|██▊             |  ETA: 0:00:04[39m[K
[32mTraining trees...                   20%|███▎            |  ETA: 0:00:04[39m[K
[32mTraining trees...                   22%|███▌            |  ETA: 0:00:04[39m[K
[32mTraining trees...                   24%|███▉            |  ETA: 0:00:04[39m[K
[32mTraining trees...                   26%|████▏           |  ETA: 0:00:04[39m[K
[32mTraining trees...                   28%|████▌           |  ETA: 0:00:04[39m[K
[32mTraining trees...                   30%|████▊           |  ETA: 0:00:04[39m[K
[32mTraining trees...                   32%|█████▏          |  ETA: 0:00:04[39m[K
[32mTraining trees...                   34%|█████▌          |  ETA: 0:00:04[39m[K
[32mTraining trees...                   36%|█████▊          |  ETA: 0:00:04[39m[K
[32mTraining trees...                   38%|██████▏         |  ETA: 0:00:04[39m[K
[32mTraining trees...                   40%|██████▍         |  ETA: 0:00:03[39m[K
[32mTraining trees...                   42%|██████▊         |  ETA: 0:00:03[39m[K
[32mTraining trees...                   44%|███████         |  ETA: 0:00:03[39m[K
[32mTraining trees...                   46%|███████▍        |  ETA: 0:00:03[39m[K
[32mTraining trees...                   48%|███████▋        |  ETA: 0:00:03[39m[K
[32mTraining trees...                   50%|████████        |  ETA: 0:00:03[39m[K
[32mTraining trees...                   52%|████████▍       |  ETA: 0:00:03[39m[K
[32mTraining trees...                   54%|████████▋       |  ETA: 0:00:03[39m[K
[32mTraining trees...                   56%|█████████       |  ETA: 0:00:03[39m[K
[32mTraining trees...                   58%|█████████▎      |  ETA: 0:00:03[39m[K
[32mTraining trees...                   60%|█████████▋      |  ETA: 0:00:02[39m[K
[32mTraining trees...                   62%|█████████▉      |  ETA: 0:00:02[39m[K
[32mTraining trees...                   64%|██████████▎     |  ETA: 0:00:02[39m[K
[32mTraining trees...                   66%|██████████▌     |  ETA: 0:00:02[39m[K
[32mTraining trees...                   68%|██████████▉     |  ETA: 0:00:02[39m[K
[32mTraining trees...                   70%|███████████▎    |  ETA: 0:00:02[39m[K
[32mTraining trees...                   72%|███████████▌    |  ETA: 0:00:02[39m[K
[32mTraining trees...                   74%|███████████▉    |  ETA: 0:00:02[39m[K
[32mTraining trees...                   77%|████████████▍   |  ETA: 0:00:01[39m[K
[32mTraining trees...                   79%|████████████▋   |  ETA: 0:00:01[39m[K
[32mTraining trees...                   82%|█████████████▏  |  ETA: 0:00:01[39m[K
[32mTraining trees...                   84%|█████████████▌  |  ETA: 0:00:01[39m[K
[32mTraining trees...                   86%|█████████████▊  |  ETA: 0:00:01[39m[K
[32mTraining trees...                   88%|██████████████▏ |  ETA: 0:00:01[39m[K
[32mTraining trees...                   90%|██████████████▍ |  ETA: 0:00:01[39m[K
[32mTraining trees...                   93%|██████████████▉ |  ETA: 0:00:00[39m[K
[32mTraining trees...                   95%|███████████████▎|  ETA: 0:00:00[39m[K
[32mTraining trees...                   98%|███████████████▋|  ETA: 0:00:00[39m[K
[32mTraining trees...                  100%|████████████████| Time: 0:00:05[39m[K
[32mTraining trees...                  100%|████████████████| Time: 0:00:05[39m[K
[?25hTrain accuracy: 0.5388973127790414
Test accuracy: 0.5399713587734816
Number of nodes: 1
Student reward: 9.37
Iteration 12/20
Training student with 60292 points
[?25l
[32mTraining trees...                    0%|                |  ETA: N/A[39m[K
[32mTraining trees...                    2%|▍               |  ETA: 0:00:06[39m[K
[32mTraining trees...                    5%|▊               |  ETA: 0:00:05[39m[K
[32mTraining trees...                    8%|█▎              |  ETA: 0:00:05[39m[K
[32mTraining trees...                   10%|█▋              |  ETA: 0:00:05[39m[K
[32mTraining trees...                   12%|█▉              |  ETA: 0:00:05[39m[K
[32mTraining trees...                   14%|██▎             |  ETA: 0:00:05[39m[K
[32mTraining trees...                   16%|██▌             |  ETA: 0:00:05[39m[K
[32mTraining trees...                   18%|██▉             |  ETA: 0:00:05[39m[K
[32mTraining trees...                   20%|███▎            |  ETA: 0:00:04[39m[K
[32mTraining trees...                   22%|███▌            |  ETA: 0:00:04[39m[K
[32mTraining trees...                   25%|████            |  ETA: 0:00:04[39m[K
[32mTraining trees...                   27%|████▍           |  ETA: 0:00:04[39m[K
[32mTraining trees...                   29%|████▋           |  ETA: 0:00:04[39m[K
[32mTraining trees...                   31%|█████           |  ETA: 0:00:04[39m[K
[32mTraining trees...                   34%|█████▌          |  ETA: 0:00:04[39m[K
[32mTraining trees...                   37%|█████▉          |  ETA: 0:00:03[39m[K
[32mTraining trees...                   39%|██████▎         |  ETA: 0:00:03[39m[K
[32mTraining trees...                   41%|██████▌         |  ETA: 0:00:03[39m[K
[32mTraining trees...                   43%|██████▉         |  ETA: 0:00:03[39m[K
[32mTraining trees...                   45%|███████▎        |  ETA: 0:00:03[39m[K
[32mTraining trees...                   47%|███████▌        |  ETA: 0:00:03[39m[K
[32mTraining trees...                   49%|███████▉        |  ETA: 0:00:03[39m[K
[32mTraining trees...                   51%|████████▏       |  ETA: 0:00:03[39m[K
[32mTraining trees...                   54%|████████▋       |  ETA: 0:00:03[39m[K
[32mTraining trees...                   56%|█████████       |  ETA: 0:00:02[39m[K
[32mTraining trees...                   58%|█████████▎      |  ETA: 0:00:02[39m[K
[32mTraining trees...                   61%|█████████▊      |  ETA: 0:00:02[39m[K
[32mTraining trees...                   63%|██████████▏     |  ETA: 0:00:02[39m[K
[32mTraining trees...                   65%|██████████▍     |  ETA: 0:00:02[39m[K
[32mTraining trees...                   67%|██████████▊     |  ETA: 0:00:02[39m[K
[32mTraining trees...                   69%|███████████     |  ETA: 0:00:02[39m[K
[32mTraining trees...                   71%|███████████▍    |  ETA: 0:00:02[39m[K
[32mTraining trees...                   72%|███████████▌    |  ETA: 0:00:02[39m[K
[32mTraining trees...                   74%|███████████▉    |  ETA: 0:00:02[39m[K
[32mTraining trees...                   76%|████████████▏   |  ETA: 0:00:01[39m[K
[32mTraining trees...                   78%|████████████▌   |  ETA: 0:00:01[39m[K
[32mTraining trees...                   80%|████████████▊   |  ETA: 0:00:01[39m[K
[32mTraining trees...                   82%|█████████████▏  |  ETA: 0:00:01[39m[K
[32mTraining trees...                   84%|█████████████▌  |  ETA: 0:00:01[39m[K
[32mTraining trees...                   87%|█████████████▉  |  ETA: 0:00:01[39m[K
[32mTraining trees...                   89%|██████████████▎ |  ETA: 0:00:01[39m[K
[32mTraining trees...                   91%|██████████████▌ |  ETA: 0:00:01[39m[K
[32mTraining trees...                   93%|██████████████▉ |  ETA: 0:00:00[39m[K
[32mTraining trees...                   95%|███████████████▎|  ETA: 0:00:00[39m[K
[32mTraining trees...                   97%|███████████████▌|  ETA: 0:00:00[39m[K
[32mTraining trees...                   99%|███████████████▉|  ETA: 0:00:00[39m[K
[32mTraining trees...                  100%|████████████████| Time: 0:00:05[39m[K
[32mTraining trees...                  100%|████████████████| Time: 0:00:05[39m[K
[?25hTrain accuracy: 0.512180457363216
Test accuracy: 0.5114022721618708
Number of nodes: 1
Student reward: 9.43
Iteration 13/20
Training student with 61235 points
[?25l
[32mTraining trees...                    0%|                |  ETA: N/A[39m[K
[32mTraining trees...                    2%|▍               |  ETA: 0:00:06[39m[K
[32mTraining trees...                    4%|▋               |  ETA: 0:00:06[39m[K
[32mTraining trees...                    7%|█▏              |  ETA: 0:00:05[39m[K
[32mTraining trees...                    9%|█▌              |  ETA: 0:00:05[39m[K
[32mTraining trees...                   11%|█▊              |  ETA: 0:00:05[39m[K
[32mTraining trees...                   14%|██▎             |  ETA: 0:00:05[39m[K
[32mTraining trees...                   16%|██▌             |  ETA: 0:00:05[39m[K
[32mTraining trees...                   18%|██▉             |  ETA: 0:00:04[39m[K
[32mTraining trees...                   20%|███▎            |  ETA: 0:00:04[39m[K
[32mTraining trees...                   22%|███▌            |  ETA: 0:00:04[39m[K
[32mTraining trees...                   24%|███▉            |  ETA: 0:00:04[39m[K
[32mTraining trees...                   26%|████▏           |  ETA: 0:00:04[39m[K
[32mTraining trees...                   28%|████▌           |  ETA: 0:00:04[39m[K
[32mTraining trees...                   30%|████▊           |  ETA: 0:00:04[39m[K
[32mTraining trees...                   32%|█████▏          |  ETA: 0:00:04[39m[K
[32mTraining trees...                   34%|█████▌          |  ETA: 0:00:04[39m[K
[32mTraining trees...                   36%|█████▊          |  ETA: 0:00:04[39m[K
[32mTraining trees...                   38%|██████▏         |  ETA: 0:00:03[39m[K
[32mTraining trees...                   40%|██████▍         |  ETA: 0:00:03[39m[K
[32mTraining trees...                   42%|██████▊         |  ETA: 0:00:03[39m[K
[32mTraining trees...                   44%|███████         |  ETA: 0:00:03[39m[K
[32mTraining trees...                   46%|███████▍        |  ETA: 0:00:03[39m[K
[32mTraining trees...                   48%|███████▋        |  ETA: 0:00:03[39m[K
[32mTraining trees...                   51%|████████▏       |  ETA: 0:00:03[39m[K
[32mTraining trees...                   53%|████████▌       |  ETA: 0:00:03[39m[K
[32mTraining trees...                   55%|████████▊       |  ETA: 0:00:03[39m[K
[32mTraining trees...                   57%|█████████▏      |  ETA: 0:00:02[39m[K
[32mTraining trees...                   59%|█████████▌      |  ETA: 0:00:02[39m[K
[32mTraining trees...                   61%|█████████▊      |  ETA: 0:00:02[39m[K
[32mTraining trees...                   63%|██████████▏     |  ETA: 0:00:02[39m[K
[32mTraining trees...                   65%|██████████▍     |  ETA: 0:00:02[39m[K
[32mTraining trees...                   67%|██████████▊     |  ETA: 0:00:02[39m[K
[32mTraining trees...                   69%|███████████     |  ETA: 0:00:02[39m[K
[32mTraining trees...                   71%|███████████▍    |  ETA: 0:00:02[39m[K
[32mTraining trees...                   73%|███████████▋    |  ETA: 0:00:02[39m[K
[32mTraining trees...                   75%|████████████    |  ETA: 0:00:01[39m[K
[32mTraining trees...                   77%|████████████▍   |  ETA: 0:00:01[39m[K
[32mTraining trees...                   79%|████████████▋   |  ETA: 0:00:01[39m[K
[32mTraining trees...                   81%|█████████████   |  ETA: 0:00:01[39m[K
[32mTraining trees...                   83%|█████████████▎  |  ETA: 0:00:01[39m[K
[32mTraining trees...                   85%|█████████████▋  |  ETA: 0:00:01[39m[K
[32mTraining trees...                   87%|█████████████▉  |  ETA: 0:00:01[39m[K
[32mTraining trees...                   89%|██████████████▎ |  ETA: 0:00:01[39m[K
[32mTraining trees...                   92%|██████████████▊ |  ETA: 0:00:00[39m[K
[32mTraining trees...                   94%|███████████████ |  ETA: 0:00:00[39m[K
[32mTraining trees...                   96%|███████████████▍|  ETA: 0:00:00[39m[K
[32mTraining trees...                   98%|███████████████▋|  ETA: 0:00:00[39m[K
[32mTraining trees...                  100%|████████████████| Time: 0:00:05[39m[K
[32mTraining trees...                  100%|████████████████| Time: 0:00:05[39m[K
[?25hTrain accuracy: 0.5058177512860292
Test accuracy: 0.504939985302523
Number of nodes: 1
Student reward: 9.31
Iteration 14/20
Training student with 62166 points
[?25l
[32mTraining trees...                    0%|                |  ETA: N/A[39m[K
[32mTraining trees...                    2%|▍               |  ETA: 0:00:05[39m[K
[32mTraining trees...                    4%|▋               |  ETA: 0:00:05[39m[K
[32mTraining trees...                    6%|█               |  ETA: 0:00:05[39m[K
[32mTraining trees...                    8%|█▎              |  ETA: 0:00:05[39m[K
[32mTraining trees...                   10%|█▋              |  ETA: 0:00:05[39m[K
[32mTraining trees...                   13%|██▏             |  ETA: 0:00:05[39m[K
[32mTraining trees...                   15%|██▍             |  ETA: 0:00:05[39m[K
[32mTraining trees...                   17%|██▊             |  ETA: 0:00:04[39m[K
[32mTraining trees...                   19%|███             |  ETA: 0:00:04[39m[K
[32mTraining trees...                   21%|███▍            |  ETA: 0:00:04[39m[K
[32mTraining trees...                   23%|███▋            |  ETA: 0:00:04[39m[K
[32mTraining trees...                   25%|████            |  ETA: 0:00:04[39m[K
[32mTraining trees...                   27%|████▍           |  ETA: 0:00:04[39m[K
[32mTraining trees...                   30%|████▊           |  ETA: 0:00:04[39m[K
[32mTraining trees...                   32%|█████▏          |  ETA: 0:00:04[39m[K
[32mTraining trees...                   34%|█████▌          |  ETA: 0:00:03[39m[K
[32mTraining trees...                   36%|█████▊          |  ETA: 0:00:03[39m[K
[32mTraining trees...                   38%|██████▏         |  ETA: 0:00:03[39m[K
[32mTraining trees...                   40%|██████▍         |  ETA: 0:00:03[39m[K
[32mTraining trees...                   42%|██████▊         |  ETA: 0:00:03[39m[K
[32mTraining trees...                   44%|███████         |  ETA: 0:00:03[39m[K
[32mTraining trees...                   46%|███████▍        |  ETA: 0:00:03[39m[K
[32mTraining trees...                   49%|███████▉        |  ETA: 0:00:03[39m[K
[32mTraining trees...                   51%|████████▏       |  ETA: 0:00:03[39m[K
[32mTraining trees...                   53%|████████▌       |  ETA: 0:00:02[39m[K
[32mTraining trees...                   55%|████████▊       |  ETA: 0:00:02[39m[K
[32mTraining trees...                   57%|█████████▏      |  ETA: 0:00:02[39m[K
[32mTraining trees...                   59%|█████████▌      |  ETA: 0:00:02[39m[K
[32mTraining trees...                   62%|█████████▉      |  ETA: 0:00:02[39m[K
[32mTraining trees...                   64%|██████████▎     |  ETA: 0:00:02[39m[K
[32mTraining trees...                   67%|██████████▊     |  ETA: 0:00:02[39m[K
[32mTraining trees...                   70%|███████████▎    |  ETA: 0:00:02[39m[K
[32mTraining trees...                   72%|███████████▌    |  ETA: 0:00:01[39m[K
[32mTraining trees...                   74%|███████████▉    |  ETA: 0:00:01[39m[K
[32mTraining trees...                   77%|████████████▍   |  ETA: 0:00:01[39m[K
[32mTraining trees...                   79%|████████████▋   |  ETA: 0:00:01[39m[K
[32mTraining trees...                   81%|█████████████   |  ETA: 0:00:01[39m[K
[32mTraining trees...                   83%|█████████████▎  |  ETA: 0:00:01[39m[K
[32mTraining trees...                   85%|█████████████▋  |  ETA: 0:00:01[39m[K
[32mTraining trees...                   88%|██████████████▏ |  ETA: 0:00:01[39m[K
[32mTraining trees...                   90%|██████████████▍ |  ETA: 0:00:01[39m[K
[32mTraining trees...                   92%|██████████████▊ |  ETA: 0:00:00[39m[K
[32mTraining trees...                   94%|███████████████ |  ETA: 0:00:00[39m[K
[32mTraining trees...                   96%|███████████████▍|  ETA: 0:00:00[39m[K
[32mTraining trees...                   98%|███████████████▋|  ETA: 0:00:00[39m[K
[32mTraining trees...                  100%|████████████████| Time: 0:00:05[39m[K
[32mTraining trees...                  100%|████████████████| Time: 0:00:05[39m[K
[?25hTrain accuracy: 0.5457854097965092
Test accuracy: 0.5400514717709506
Number of nodes: 1
Student reward: 9.29
Iteration 15/20
Training student with 63095 points
[?25l
[32mTraining trees...                    0%|                |  ETA: N/A[39m[K
[32mTraining trees...                    2%|▍               |  ETA: 0:00:05[39m[K
[32mTraining trees...                    5%|▊               |  ETA: 0:00:05[39m[K
[32mTraining trees...                    7%|█▏              |  ETA: 0:00:05[39m[K
[32mTraining trees...                    9%|█▌              |  ETA: 0:00:05[39m[K
[32mTraining trees...                   11%|█▊              |  ETA: 0:00:05[39m[K
[32mTraining trees...                   13%|██▏             |  ETA: 0:00:05[39m[K
[32mTraining trees...                   15%|██▍             |  ETA: 0:00:05[39m[K
[32mTraining trees...                   17%|██▊             |  ETA: 0:00:05[39m[K
[32mTraining trees...                   19%|███             |  ETA: 0:00:04[39m[K
[32mTraining trees...                   21%|███▍            |  ETA: 0:00:04[39m[K
[32mTraining trees...                   23%|███▋            |  ETA: 0:00:04[39m[K
[32mTraining trees...                   25%|████            |  ETA: 0:00:04[39m[K
[32mTraining trees...                   28%|████▌           |  ETA: 0:00:04[39m[K
[32mTraining trees...                   30%|████▊           |  ETA: 0:00:04[39m[K
[32mTraining trees...                   32%|█████▏          |  ETA: 0:00:04[39m[K
[32mTraining trees...                   34%|█████▌          |  ETA: 0:00:04[39m[K
[32mTraining trees...                   36%|█████▊          |  ETA: 0:00:04[39m[K
[32mTraining trees...                   38%|██████▏         |  ETA: 0:00:03[39m[K
[32mTraining trees...                   40%|██████▍         |  ETA: 0:00:03[39m[K
[32mTraining trees...                   42%|██████▊         |  ETA: 0:00:03[39m[K
[32mTraining trees...                   44%|███████         |  ETA: 0:00:03[39m[K
[32mTraining trees...                   46%|███████▍        |  ETA: 0:00:03[39m[K
[32mTraining trees...                   48%|███████▋        |  ETA: 0:00:03[39m[K
[32mTraining trees...                   50%|████████        |  ETA: 0:00:03[39m[K
[32mTraining trees...                   52%|████████▍       |  ETA: 0:00:03[39m[K
[32mTraining trees...                   54%|████████▋       |  ETA: 0:00:03[39m[K
[32mTraining trees...                   56%|█████████       |  ETA: 0:00:02[39m[K
[32mTraining trees...                   58%|█████████▎      |  ETA: 0:00:02[39m[K
[32mTraining trees...                   60%|█████████▋      |  ETA: 0:00:02[39m[K
[32mTraining trees...                   62%|█████████▉      |  ETA: 0:00:02[39m[K
[32mTraining trees...                   65%|██████████▍     |  ETA: 0:00:02[39m[K
[32mTraining trees...                   67%|██████████▊     |  ETA: 0:00:02[39m[K
[32mTraining trees...                   69%|███████████     |  ETA: 0:00:02[39m[K
[32mTraining trees...                   71%|███████████▍    |  ETA: 0:00:02[39m[K
[32mTraining trees...                   73%|███████████▋    |  ETA: 0:00:02[39m[K
[32mTraining trees...                   75%|████████████    |  ETA: 0:00:01[39m[K
[32mTraining trees...                   77%|████████████▍   |  ETA: 0:00:01[39m[K
[32mTraining trees...                   80%|████████████▊   |  ETA: 0:00:01[39m[K
[32mTraining trees...                   82%|█████████████▏  |  ETA: 0:00:01[39m[K
[32mTraining trees...                   85%|█████████████▋  |  ETA: 0:00:01[39m[K
[32mTraining trees...                   88%|██████████████▏ |  ETA: 0:00:01[39m[K
[32mTraining trees...                   90%|██████████████▍ |  ETA: 0:00:01[39m[K
[32mTraining trees...                   92%|██████████████▊ |  ETA: 0:00:00[39m[K
[32mTraining trees...                   94%|███████████████ |  ETA: 0:00:00[39m[K
[32mTraining trees...                   96%|███████████████▍|  ETA: 0:00:00[39m[K
[32mTraining trees...                   98%|███████████████▋|  ETA: 0:00:00[39m[K
[32mTraining trees...                  100%|████████████████| Time: 0:00:05[39m[K
[32mTraining trees...                  100%|████████████████| Time: 0:00:05[39m[K
[?25hTrain accuracy: 0.5250019811395514
Test accuracy: 0.5316586100324907
Number of nodes: 1
Student reward: 9.34
Iteration 16/20
Training student with 64029 points
[?25l
[32mTraining trees...                    0%|                |  ETA: N/A[39m[K
[32mTraining trees...                    3%|▌               |  ETA: 0:00:05[39m[K
[32mTraining trees...                    5%|▊               |  ETA: 0:00:05[39m[K
[32mTraining trees...                    7%|█▏              |  ETA: 0:00:05[39m[K
[32mTraining trees...                    9%|█▌              |  ETA: 0:00:05[39m[K
[32mTraining trees...                   11%|█▊              |  ETA: 0:00:05[39m[K
[32mTraining trees...                   13%|██▏             |  ETA: 0:00:05[39m[K
[32mTraining trees...                   15%|██▍             |  ETA: 0:00:05[39m[K
[32mTraining trees...                   17%|██▊             |  ETA: 0:00:05[39m[K
[32mTraining trees...                   19%|███             |  ETA: 0:00:05[39m[K
[32mTraining trees...                   21%|███▍            |  ETA: 0:00:04[39m[K
[32mTraining trees...                   23%|███▋            |  ETA: 0:00:04[39m[K
[32mTraining trees...                   25%|████            |  ETA: 0:00:04[39m[K
[32mTraining trees...                   27%|████▍           |  ETA: 0:00:04[39m[K
[32mTraining trees...                   29%|████▋           |  ETA: 0:00:04[39m[K
[32mTraining trees...                   31%|█████           |  ETA: 0:00:04[39m[K
[32mTraining trees...                   33%|█████▎          |  ETA: 0:00:04[39m[K
[32mTraining trees...                   35%|█████▋          |  ETA: 0:00:04[39m[K
[32mTraining trees...                   37%|█████▉          |  ETA: 0:00:04[39m[K
[32mTraining trees...                   39%|██████▎         |  ETA: 0:00:03[39m[K
[32mTraining trees...                   41%|██████▌         |  ETA: 0:00:03[39m[K
[32mTraining trees...                   43%|██████▉         |  ETA: 0:00:03[39m[K
[32mTraining trees...                   45%|███████▎        |  ETA: 0:00:03[39m[K
[32mTraining trees...                   47%|███████▌        |  ETA: 0:00:03[39m[K
[32mTraining trees...                   49%|███████▉        |  ETA: 0:00:03[39m[K
[32mTraining trees...                   51%|████████▏       |  ETA: 0:00:03[39m[K
[32mTraining trees...                   53%|████████▌       |  ETA: 0:00:03[39m[K
[32mTraining trees...                   55%|████████▊       |  ETA: 0:00:03[39m[K
[32mTraining trees...                   57%|█████████▏      |  ETA: 0:00:02[39m[K
[32mTraining trees...                   59%|█████████▌      |  ETA: 0:00:02[39m[K
[32mTraining trees...                   61%|█████████▊      |  ETA: 0:00:02[39m[K
[32mTraining trees...                   64%|██████████▎     |  ETA: 0:00:02[39m[K
[32mTraining trees...                   66%|██████████▌     |  ETA: 0:00:02[39m[K
[32mTraining trees...                   68%|██████████▉     |  ETA: 0:00:02[39m[K
[32mTraining trees...                   71%|███████████▍    |  ETA: 0:00:02[39m[K
[32mTraining trees...                   73%|███████████▋    |  ETA: 0:00:02[39m[K
[32mTraining trees...                   75%|████████████    |  ETA: 0:00:01[39m[K
[32mTraining trees...                   77%|████████████▍   |  ETA: 0:00:01[39m[K
[32mTraining trees...                   79%|████████████▋   |  ETA: 0:00:01[39m[K
[32mTraining trees...                   81%|█████████████   |  ETA: 0:00:01[39m[K
[32mTraining trees...                   83%|█████████████▎  |  ETA: 0:00:01[39m[K
[32mTraining trees...                   85%|█████████████▋  |  ETA: 0:00:01[39m[K
[32mTraining trees...                   87%|█████████████▉  |  ETA: 0:00:01[39m[K
[32mTraining trees...                   89%|██████████████▎ |  ETA: 0:00:01[39m[K
[32mTraining trees...                   91%|██████████████▌ |  ETA: 0:00:01[39m[K
[32mTraining trees...                   93%|██████████████▉ |  ETA: 0:00:00[39m[K
[32mTraining trees...                   95%|███████████████▎|  ETA: 0:00:00[39m[K
[32mTraining trees...                   98%|███████████████▋|  ETA: 0:00:00[39m[K
[32mTraining trees...                  100%|████████████████| Time: 0:00:05[39m[K
[32mTraining trees...                  100%|████████████████| Time: 0:00:05[39m[K
[?25hTrain accuracy: 0.5059641176815103
Test accuracy: 0.49945338122754956
Number of nodes: 1
Student reward: 9.35
Iteration 17/20
Training student with 64964 points
[?25l
[32mTraining trees...                    0%|                |  ETA: N/A[39m[K
[32mTraining trees...                    2%|▍               |  ETA: 0:00:05[39m[K
[32mTraining trees...                    4%|▋               |  ETA: 0:00:06[39m[K
[32mTraining trees...                    6%|█               |  ETA: 0:00:06[39m[K
[32mTraining trees...                    8%|█▎              |  ETA: 0:00:07[39m[K
[32mTraining trees...                   10%|█▋              |  ETA: 0:00:06[39m[K
[32mTraining trees...                   12%|█▉              |  ETA: 0:00:06[39m[K
[32mTraining trees...                   15%|██▍             |  ETA: 0:00:05[39m[K
[32mTraining trees...                   17%|██▊             |  ETA: 0:00:05[39m[K
[32mTraining trees...                   19%|███             |  ETA: 0:00:05[39m[K
[32mTraining trees...                   22%|███▌            |  ETA: 0:00:05[39m[K
[32mTraining trees...                   25%|████            |  ETA: 0:00:04[39m[K
[32mTraining trees...                   27%|████▍           |  ETA: 0:00:04[39m[K
[32mTraining trees...                   29%|████▋           |  ETA: 0:00:04[39m[K
[32mTraining trees...                   31%|█████           |  ETA: 0:00:04[39m[K
[32mTraining trees...                   33%|█████▎          |  ETA: 0:00:04[39m[K
[32mTraining trees...                   35%|█████▋          |  ETA: 0:00:04[39m[K
[32mTraining trees...                   37%|█████▉          |  ETA: 0:00:04[39m[K
[32mTraining trees...                   39%|██████▎         |  ETA: 0:00:04[39m[K
[32mTraining trees...                   41%|██████▌         |  ETA: 0:00:03[39m[K
[32mTraining trees...                   43%|██████▉         |  ETA: 0:00:03[39m[K
[32mTraining trees...                   45%|███████▎        |  ETA: 0:00:03[39m[K
[32mTraining trees...                   47%|███████▌        |  ETA: 0:00:03[39m[K
[32mTraining trees...                   49%|███████▉        |  ETA: 0:00:03[39m[K
[32mTraining trees...                   51%|████████▏       |  ETA: 0:00:03[39m[K
[32mTraining trees...                   53%|████████▌       |  ETA: 0:00:03[39m[K
[32mTraining trees...                   55%|████████▊       |  ETA: 0:00:03[39m[K
[32mTraining trees...                   57%|█████████▏      |  ETA: 0:00:03[39m[K
[32mTraining trees...                   59%|█████████▌      |  ETA: 0:00:02[39m[K
[32mTraining trees...                   61%|█████████▊      |  ETA: 0:00:02[39m[K
[32mTraining trees...                   63%|██████████▏     |  ETA: 0:00:02[39m[K
[32mTraining trees...                   65%|██████████▍     |  ETA: 0:00:02[39m[K
[32mTraining trees...                   67%|██████████▊     |  ETA: 0:00:02[39m[K
[32mTraining trees...                   69%|███████████     |  ETA: 0:00:02[39m[K
[32mTraining trees...                   71%|███████████▍    |  ETA: 0:00:02[39m[K
[32mTraining trees...                   73%|███████████▋    |  ETA: 0:00:02[39m[K
[32mTraining trees...                   75%|████████████    |  ETA: 0:00:01[39m[K
[32mTraining trees...                   77%|████████████▍   |  ETA: 0:00:01[39m[K
[32mTraining trees...                   79%|████████████▋   |  ETA: 0:00:01[39m[K
[32mTraining trees...                   81%|█████████████   |  ETA: 0:00:01[39m[K
[32mTraining trees...                   83%|█████████████▎  |  ETA: 0:00:01[39m[K
[32mTraining trees...                   85%|█████████████▋  |  ETA: 0:00:01[39m[K
[32mTraining trees...                   87%|█████████████▉  |  ETA: 0:00:01[39m[K
[32mTraining trees...                   89%|██████████████▎ |  ETA: 0:00:01[39m[K
[32mTraining trees...                   91%|██████████████▌ |  ETA: 0:00:01[39m[K
[32mTraining trees...                   93%|██████████████▉ |  ETA: 0:00:00[39m[K
[32mTraining trees...                   95%|███████████████▎|  ETA: 0:00:00[39m[K
[32mTraining trees...                   98%|███████████████▋|  ETA: 0:00:00[39m[K
[32mTraining trees...                  100%|████████████████| Time: 0:00:05[39m[K
[32mTraining trees...                  100%|████████████████| Time: 0:00:05[39m[K
[?25hTrain accuracy: 0.511900867791653
Test accuracy: 0.5152004925729239
Number of nodes: 1
Student reward: 9.33
Iteration 18/20
Training student with 65897 points
[?25l
[32mTraining trees...                    0%|                |  ETA: N/A[39m[K
[32mTraining trees...                    2%|▍               |  ETA: 0:00:06[39m[K
[32mTraining trees...                    4%|▋               |  ETA: 0:00:07[39m[K
[32mTraining trees...                    5%|▊               |  ETA: 0:00:08[39m[K
[32mTraining trees...                    7%|█▏              |  ETA: 0:00:07[39m[K
[32mTraining trees...                    9%|█▌              |  ETA: 0:00:07[39m[K
[32mTraining trees...                   11%|█▊              |  ETA: 0:00:06[39m[K
[32mTraining trees...                   13%|██▏             |  ETA: 0:00:06[39m[K
[32mTraining trees...                   15%|██▍             |  ETA: 0:00:06[39m[K
[32mTraining trees...                   17%|██▊             |  ETA: 0:00:06[39m[K
[32mTraining trees...                   19%|███             |  ETA: 0:00:05[39m[K
[32mTraining trees...                   22%|███▌            |  ETA: 0:00:05[39m[K
[32mTraining trees...                   25%|████            |  ETA: 0:00:05[39m[K
[32mTraining trees...                   27%|████▍           |  ETA: 0:00:04[39m[K
[32mTraining trees...                   29%|████▋           |  ETA: 0:00:04[39m[K
[32mTraining trees...                   31%|█████           |  ETA: 0:00:04[39m[K
[32mTraining trees...                   33%|█████▎          |  ETA: 0:00:04[39m[K
[32mTraining trees...                   35%|█████▋          |  ETA: 0:00:04[39m[K
[32mTraining trees...                   37%|█████▉          |  ETA: 0:00:04[39m[K
[32mTraining trees...                   39%|██████▎         |  ETA: 0:00:04[39m[K
[32mTraining trees...                   41%|██████▌         |  ETA: 0:00:04[39m[K
[32mTraining trees...                   43%|██████▉         |  ETA: 0:00:03[39m[K
[32mTraining trees...                   45%|███████▎        |  ETA: 0:00:03[39m[K
[32mTraining trees...                   47%|███████▌        |  ETA: 0:00:03[39m[K
[32mTraining trees...                   49%|███████▉        |  ETA: 0:00:03[39m[K
[32mTraining trees...                   51%|████████▏       |  ETA: 0:00:03[39m[K
[32mTraining trees...                   53%|████████▌       |  ETA: 0:00:03[39m[K
[32mTraining trees...                   55%|████████▊       |  ETA: 0:00:03[39m[K
[32mTraining trees...                   57%|█████████▏      |  ETA: 0:00:03[39m[K
[32mTraining trees...                   59%|█████████▌      |  ETA: 0:00:02[39m[K
[32mTraining trees...                   61%|█████████▊      |  ETA: 0:00:02[39m[K
[32mTraining trees...                   63%|██████████▏     |  ETA: 0:00:02[39m[K
[32mTraining trees...                   65%|██████████▍     |  ETA: 0:00:02[39m[K
[32mTraining trees...                   67%|██████████▊     |  ETA: 0:00:02[39m[K
[32mTraining trees...                   69%|███████████     |  ETA: 0:00:02[39m[K
[32mTraining trees...                   71%|███████████▍    |  ETA: 0:00:02[39m[K
[32mTraining trees...                   73%|███████████▋    |  ETA: 0:00:02[39m[K
[32mTraining trees...                   75%|████████████    |  ETA: 0:00:01[39m[K
[32mTraining trees...                   77%|████████████▍   |  ETA: 0:00:01[39m[K
[32mTraining trees...                   79%|████████████▋   |  ETA: 0:00:01[39m[K
[32mTraining trees...                   81%|█████████████   |  ETA: 0:00:01[39m[K
[32mTraining trees...                   83%|█████████████▎  |  ETA: 0:00:01[39m[K
[32mTraining trees...                   85%|█████████████▋  |  ETA: 0:00:01[39m[K
[32mTraining trees...                   87%|█████████████▉  |  ETA: 0:00:01[39m[K
[32mTraining trees...                   89%|██████████████▎ |  ETA: 0:00:01[39m[K
[32mTraining trees...                   91%|██████████████▌ |  ETA: 0:00:01[39m[K
[32mTraining trees...                   93%|██████████████▉ |  ETA: 0:00:00[39m[K
[32mTraining trees...                   95%|███████████████▎|  ETA: 0:00:00[39m[K
[32mTraining trees...                   98%|███████████████▋|  ETA: 0:00:00[39m[K
[32mTraining trees...                  100%|████████████████| Time: 0:00:05[39m[K
[32mTraining trees...                  100%|████████████████| Time: 0:00:05[39m[K
[?25hTrain accuracy: 0.5324658079936263
Test accuracy: 0.5341426403641881
Number of nodes: 1
Student reward: 9.42
Iteration 19/20
Training student with 66839 points
[?25l
[32mTraining trees...                    0%|                |  ETA: N/A[39m[K
[32mTraining trees...                    2%|▍               |  ETA: 0:00:06[39m[K
[32mTraining trees...                    4%|▋               |  ETA: 0:00:05[39m[K
[32mTraining trees...                    6%|█               |  ETA: 0:00:06[39m[K
[32mTraining trees...                    8%|█▎              |  ETA: 0:00:06[39m[K
[32mTraining trees...                   10%|█▋              |  ETA: 0:00:05[39m[K
[32mTraining trees...                   12%|█▉              |  ETA: 0:00:05[39m[K
[32mTraining trees...                   14%|██▎             |  ETA: 0:00:05[39m[K
[32mTraining trees...                   16%|██▌             |  ETA: 0:00:05[39m[K
[32mTraining trees...                   18%|██▉             |  ETA: 0:00:05[39m[K
[32mTraining trees...                   20%|███▎            |  ETA: 0:00:05[39m[K
[32mTraining trees...                   22%|███▌            |  ETA: 0:00:05[39m[K
[32mTraining trees...                   24%|███▉            |  ETA: 0:00:04[39m[K
[32mTraining trees...                   26%|████▏           |  ETA: 0:00:04[39m[K
[32mTraining trees...                   28%|████▌           |  ETA: 0:00:04[39m[K
[32mTraining trees...                   30%|████▊           |  ETA: 0:00:04[39m[K
[32mTraining trees...                   32%|█████▏          |  ETA: 0:00:04[39m[K
[32mTraining trees...                   34%|█████▌          |  ETA: 0:00:04[39m[K
[32mTraining trees...                   36%|█████▊          |  ETA: 0:00:04[39m[K
[32mTraining trees...                   38%|██████▏         |  ETA: 0:00:04[39m[K
[32mTraining trees...                   40%|██████▍         |  ETA: 0:00:04[39m[K
[32mTraining trees...                   42%|██████▊         |  ETA: 0:00:03[39m[K
[32mTraining trees...                   44%|███████         |  ETA: 0:00:03[39m[K
[32mTraining trees...                   46%|███████▍        |  ETA: 0:00:03[39m[K
[32mTraining trees...                   48%|███████▋        |  ETA: 0:00:03[39m[K
[32mTraining trees...                   50%|████████        |  ETA: 0:00:03[39m[K
[32mTraining trees...                   52%|████████▍       |  ETA: 0:00:03[39m[K
[32mTraining trees...                   54%|████████▋       |  ETA: 0:00:03[39m[K
[32mTraining trees...                   56%|█████████       |  ETA: 0:00:03[39m[K
[32mTraining trees...                   58%|█████████▎      |  ETA: 0:00:02[39m[K
[32mTraining trees...                   60%|█████████▋      |  ETA: 0:00:02[39m[K
[32mTraining trees...                   62%|█████████▉      |  ETA: 0:00:02[39m[K
[32mTraining trees...                   64%|██████████▎     |  ETA: 0:00:02[39m[K
[32mTraining trees...                   66%|██████████▌     |  ETA: 0:00:02[39m[K
[32mTraining trees...                   68%|██████████▉     |  ETA: 0:00:02[39m[K
[32mTraining trees...                   70%|███████████▎    |  ETA: 0:00:02[39m[K
[32mTraining trees...                   72%|███████████▌    |  ETA: 0:00:02[39m[K
[32mTraining trees...                   74%|███████████▉    |  ETA: 0:00:02[39m[K
[32mTraining trees...                   76%|████████████▏   |  ETA: 0:00:01[39m[K
[32mTraining trees...                   78%|████████████▌   |  ETA: 0:00:01[39m[K
[32mTraining trees...                   80%|████████████▊   |  ETA: 0:00:01[39m[K
[32mTraining trees...                   82%|█████████████▏  |  ETA: 0:00:01[39m[K
[32mTraining trees...                   84%|█████████████▌  |  ETA: 0:00:01[39m[K
[32mTraining trees...                   86%|█████████████▊  |  ETA: 0:00:01[39m[K
[32mTraining trees...                   88%|██████████████▏ |  ETA: 0:00:01[39m[K
[32mTraining trees...                   90%|██████████████▍ |  ETA: 0:00:01[39m[K
[32mTraining trees...                   92%|██████████████▊ |  ETA: 0:00:00[39m[K
[32mTraining trees...                   94%|███████████████ |  ETA: 0:00:00[39m[K
[32mTraining trees...                   96%|███████████████▍|  ETA: 0:00:00[39m[K
[32mTraining trees...                   98%|███████████████▋|  ETA: 0:00:00[39m[K
[32mTraining trees...                  100%|████████████████| Time: 0:00:05[39m[K
[32mTraining trees...                  100%|████████████████| Time: 0:00:05[39m[K
[?25hTrain accuracy: 0.5181874286996689
Test accuracy: 0.5178785158587672
Number of nodes: 1
Student reward: 9.49
Iteration 20/20
Training student with 67788 points
[?25l
[32mTraining trees...                    0%|                |  ETA: N/A[39m[K
[32mTraining trees...                    2%|▍               |  ETA: 0:00:06[39m[K
[32mTraining trees...                    4%|▋               |  ETA: 0:00:06[39m[K
[32mTraining trees...                    6%|█               |  ETA: 0:00:05[39m[K
[32mTraining trees...                    8%|█▎              |  ETA: 0:00:05[39m[K
[32mTraining trees...                   10%|█▋              |  ETA: 0:00:05[39m[K
[32mTraining trees...                   12%|█▉              |  ETA: 0:00:05[39m[K
[32mTraining trees...                   14%|██▎             |  ETA: 0:00:05[39m[K
[32mTraining trees...                   16%|██▌             |  ETA: 0:00:05[39m[K
[32mTraining trees...                   18%|██▉             |  ETA: 0:00:05[39m[K
[32mTraining trees...                   20%|███▎            |  ETA: 0:00:05[39m[K
[32mTraining trees...                   22%|███▌            |  ETA: 0:00:05[39m[K
[32mTraining trees...                   24%|███▉            |  ETA: 0:00:05[39m[K
[32mTraining trees...                   26%|████▏           |  ETA: 0:00:04[39m[K
[32mTraining trees...                   28%|████▌           |  ETA: 0:00:04[39m[K
[32mTraining trees...                   30%|████▊           |  ETA: 0:00:04[39m[K
[32mTraining trees...                   32%|█████▏          |  ETA: 0:00:04[39m[K
[32mTraining trees...                   34%|█████▌          |  ETA: 0:00:04[39m[K
[32mTraining trees...                   36%|█████▊          |  ETA: 0:00:04[39m[K
[32mTraining trees...                   38%|██████▏         |  ETA: 0:00:04[39m[K
[32mTraining trees...                   40%|██████▍         |  ETA: 0:00:04[39m[K
[32mTraining trees...                   42%|██████▊         |  ETA: 0:00:03[39m[K
[32mTraining trees...                   44%|███████         |  ETA: 0:00:03[39m[K
[32mTraining trees...                   46%|███████▍        |  ETA: 0:00:03[39m[K
[32mTraining trees...                   49%|███████▉        |  ETA: 0:00:03[39m[K
[32mTraining trees...                   51%|████████▏       |  ETA: 0:00:03[39m[K
[32mTraining trees...                   53%|████████▌       |  ETA: 0:00:03[39m[K
[32mTraining trees...                   55%|████████▊       |  ETA: 0:00:03[39m[K
[32mTraining trees...                   57%|█████████▏      |  ETA: 0:00:03[39m[K
[32mTraining trees...                   59%|█████████▌      |  ETA: 0:00:02[39m[K
[32mTraining trees...                   61%|█████████▊      |  ETA: 0:00:02[39m[K
[32mTraining trees...                   63%|██████████▏     |  ETA: 0:00:02[39m[K
[32mTraining trees...                   65%|██████████▍     |  ETA: 0:00:02[39m[K
[32mTraining trees...                   67%|██████████▊     |  ETA: 0:00:02[39m[K
[32mTraining trees...                   69%|███████████     |  ETA: 0:00:02[39m[K
[32mTraining trees...                   71%|███████████▍    |  ETA: 0:00:02[39m[K
[32mTraining trees...                   73%|███████████▋    |  ETA: 0:00:02[39m[K
[32mTraining trees...                   75%|████████████    |  ETA: 0:00:01[39m[K
[32mTraining trees...                   77%|████████████▍   |  ETA: 0:00:01[39m[K
[32mTraining trees...                   79%|████████████▋   |  ETA: 0:00:01[39m[K
[32mTraining trees...                   81%|█████████████   |  ETA: 0:00:01[39m[K
[32mTraining trees...                   83%|█████████████▎  |  ETA: 0:00:01[39m[K
[32mTraining trees...                   85%|█████████████▋  |  ETA: 0:00:01[39m[K
[32mTraining trees...                   87%|█████████████▉  |  ETA: 0:00:01[39m[K
[32mTraining trees...                   89%|██████████████▎ |  ETA: 0:00:01[39m[K
[32mTraining trees...                   91%|██████████████▌ |  ETA: 0:00:01[39m[K
[32mTraining trees...                   93%|██████████████▉ |  ETA: 0:00:00[39m[K
[32mTraining trees...                   95%|███████████████▎|  ETA: 0:00:00[39m[K
[32mTraining trees...                   97%|███████████████▌|  ETA: 0:00:00[39m[K
[32mTraining trees...                   99%|███████████████▉|  ETA: 0:00:00[39m[K
[32mTraining trees...                  100%|████████████████| Time: 0:00:06[39m[K
[32mTraining trees...                  100%|████████████████| Time: 0:00:06[39m[K
[?25hTrain accuracy: 0.5039830352203577
Test accuracy: 0.5034665879923292
Number of nodes: 1
Student reward: 9.34
Initial policy count: 20
Current policy count: 10
Reward update: 9.49 -> 9.56
Reward update: 9.49 -> 9.41
Reward update: 9.48 -> 9.31
Reward update: 9.44 -> 9.29
Reward update: 9.44 -> 9.34
Reward update: 9.43 -> 9.35
Reward update: 9.43 -> 9.37
Reward update: 9.42 -> 9.32
Reward update: 9.4 -> 9.32
Reward update: 9.37 -> 9.38
Current policy count: 5
Reward update: 9.56 -> 9.39
Reward update: 9.41 -> 9.41
Reward update: 9.38 -> 9.41
Reward update: 9.37 -> 9.41
Reward update: 9.35 -> 9.33
Current policy count: 3
Reward update: 9.41 -> 9.27
Reward update: 9.41 -> 9.3
Reward update: 9.41 -> 9.34
Current policy count: 2
Reward update: 9.34 -> 9.29
Reward update: 9.3 -> 9.35
Current policy count: 1
Reward update: 9.35 -> 9.27
Training Behavioral Cloning tree with 100000 points
[?25l
[32mTraining trees...                    0%|                |  ETA: N/A[39m[K
[32mTraining trees...                    1%|▏               |  ETA: 0:00:21[39m[K
[32mTraining trees...                    2%|▍               |  ETA: 0:00:25[39m[K
[32mTraining trees...                    3%|▌               |  ETA: 0:00:24[39m[K
[32mTraining trees...                    4%|▋               |  ETA: 0:00:23[39m[K
[32mTraining trees...                    5%|▊               |  ETA: 0:00:21[39m[K
[32mTraining trees...                    6%|█               |  ETA: 0:00:20[39m[K
[32mTraining trees...                    7%|█▏              |  ETA: 0:00:19[39m[K
[32mTraining trees...                    8%|█▎              |  ETA: 0:00:18[39m[K
[32mTraining trees...                    9%|█▌              |  ETA: 0:00:18[39m[K
[32mTraining trees...                   10%|█▋              |  ETA: 0:00:18[39m[K
[32mTraining trees...                   11%|█▊              |  ETA: 0:00:17[39m[K
[32mTraining trees...                   12%|█▉              |  ETA: 0:00:17[39m[K
[32mTraining trees...                   13%|██▏             |  ETA: 0:00:16[39m[K
[32mTraining trees...                   14%|██▎             |  ETA: 0:00:16[39m[K
[32mTraining trees...                   15%|██▍             |  ETA: 0:00:17[39m[K
[32mTraining trees...                   16%|██▌             |  ETA: 0:00:17[39m[K
[32mTraining trees...                   17%|██▊             |  ETA: 0:00:17[39m[K
[32mTraining trees...                   18%|██▉             |  ETA: 0:00:16[39m[K
[32mTraining trees...                   19%|███             |  ETA: 0:00:16[39m[K
[32mTraining trees...                   20%|███▎            |  ETA: 0:00:16[39m[K
[32mTraining trees...                   21%|███▍            |  ETA: 0:00:15[39m[K
[32mTraining trees...                   22%|███▌            |  ETA: 0:00:15[39m[K
[32mTraining trees...                   23%|███▋            |  ETA: 0:00:15[39m[K
[32mTraining trees...                   24%|███▉            |  ETA: 0:00:14[39m[K
[32mTraining trees...                   25%|████            |  ETA: 0:00:14[39m[K
[32mTraining trees...                   26%|████▏           |  ETA: 0:00:14[39m[K
[32mTraining trees...                   27%|████▍           |  ETA: 0:00:13[39m[K
[32mTraining trees...                   28%|████▌           |  ETA: 0:00:13[39m[K
[32mTraining trees...                   29%|████▋           |  ETA: 0:00:13[39m[K
[32mTraining trees...                   30%|████▊           |  ETA: 0:00:13[39m[K
[32mTraining trees...                   31%|█████           |  ETA: 0:00:12[39m[K
[32mTraining trees...                   32%|█████▏          |  ETA: 0:00:12[39m[K
[32mTraining trees...                   33%|█████▎          |  ETA: 0:00:12[39m[K
[32mTraining trees...                   34%|█████▌          |  ETA: 0:00:11[39m[K
[32mTraining trees...                   35%|█████▋          |  ETA: 0:00:11[39m[K
[32mTraining trees...                   36%|█████▊          |  ETA: 0:00:11[39m[K
[32mTraining trees...                   37%|█████▉          |  ETA: 0:00:11[39m[K
[32mTraining trees...                   38%|██████▏         |  ETA: 0:00:11[39m[K
[32mTraining trees...                   39%|██████▎         |  ETA: 0:00:10[39m[K
[32mTraining trees...                   40%|██████▍         |  ETA: 0:00:10[39m[K
[32mTraining trees...                   41%|██████▌         |  ETA: 0:00:10[39m[K
[32mTraining trees...                   42%|██████▊         |  ETA: 0:00:10[39m[K
[32mTraining trees...                   43%|██████▉         |  ETA: 0:00:10[39m[K
[32mTraining trees...                   44%|███████         |  ETA: 0:00:10[39m[K
[32mTraining trees...                   45%|███████▎        |  ETA: 0:00:09[39m[K
[32mTraining trees...                   46%|███████▍        |  ETA: 0:00:09[39m[K
[32mTraining trees...                   47%|███████▌        |  ETA: 0:00:09[39m[K
[32mTraining trees...                   48%|███████▋        |  ETA: 0:00:09[39m[K
[32mTraining trees...                   49%|███████▉        |  ETA: 0:00:09[39m[K
[32mTraining trees...                   50%|████████        |  ETA: 0:00:08[39m[K
[32mTraining trees...                   51%|████████▏       |  ETA: 0:00:08[39m[K
[32mTraining trees...                   52%|████████▍       |  ETA: 0:00:08[39m[K
[32mTraining trees...                   53%|████████▌       |  ETA: 0:00:08[39m[K
[32mTraining trees...                   54%|████████▋       |  ETA: 0:00:08[39m[K
[32mTraining trees...                   55%|████████▊       |  ETA: 0:00:07[39m[K
[32mTraining trees...                   56%|█████████       |  ETA: 0:00:07[39m[K
[32mTraining trees...                   57%|█████████▏      |  ETA: 0:00:07[39m[K
[32mTraining trees...                   58%|█████████▎      |  ETA: 0:00:07[39m[K
[32mTraining trees...                   59%|█████████▌      |  ETA: 0:00:07[39m[K
[32mTraining trees...                   60%|█████████▋      |  ETA: 0:00:06[39m[K
[32mTraining trees...                   61%|█████████▊      |  ETA: 0:00:06[39m[K
[32mTraining trees...                   62%|█████████▉      |  ETA: 0:00:06[39m[K
[32mTraining trees...                   63%|██████████▏     |  ETA: 0:00:06[39m[K
[32mTraining trees...                   64%|██████████▎     |  ETA: 0:00:06[39m[K
[32mTraining trees...                   65%|██████████▍     |  ETA: 0:00:06[39m[K
[32mTraining trees...                   66%|██████████▌     |  ETA: 0:00:05[39m[K
[32mTraining trees...                   67%|██████████▊     |  ETA: 0:00:05[39m[K
[32mTraining trees...                   68%|██████████▉     |  ETA: 0:00:05[39m[K
[32mTraining trees...                   69%|███████████     |  ETA: 0:00:05[39m[K
[32mTraining trees...                   70%|███████████▎    |  ETA: 0:00:05[39m[K
[32mTraining trees...                   71%|███████████▍    |  ETA: 0:00:05[39m[K
[32mTraining trees...                   72%|███████████▌    |  ETA: 0:00:04[39m[K
[32mTraining trees...                   73%|███████████▋    |  ETA: 0:00:04[39m[K
[32mTraining trees...                   74%|███████████▉    |  ETA: 0:00:04[39m[K
[32mTraining trees...                   75%|████████████    |  ETA: 0:00:04[39m[K
[32mTraining trees...                   76%|████████████▏   |  ETA: 0:00:04[39m[K
[32mTraining trees...                   77%|████████████▍   |  ETA: 0:00:04[39m[K
[32mTraining trees...                   78%|████████████▌   |  ETA: 0:00:03[39m[K
[32mTraining trees...                   79%|████████████▋   |  ETA: 0:00:03[39m[K
[32mTraining trees...                   80%|████████████▊   |  ETA: 0:00:03[39m[K
[32mTraining trees...                   81%|█████████████   |  ETA: 0:00:03[39m[K
[32mTraining trees...                   82%|█████████████▏  |  ETA: 0:00:03[39m[K
[32mTraining trees...                   83%|█████████████▎  |  ETA: 0:00:03[39m[K
[32mTraining trees...                   84%|█████████████▌  |  ETA: 0:00:02[39m[K
[32mTraining trees...                   85%|█████████████▋  |  ETA: 0:00:02[39m[K
[32mTraining trees...                   86%|█████████████▊  |  ETA: 0:00:02[39m[K
[32mTraining trees...                   87%|█████████████▉  |  ETA: 0:00:02[39m[K
[32mTraining trees...                   88%|██████████████▏ |  ETA: 0:00:02[39m[K
[32mTraining trees...                   89%|██████████████▎ |  ETA: 0:00:02[39m[K
[32mTraining trees...                   90%|██████████████▍ |  ETA: 0:00:02[39m[K
[32mTraining trees...                   91%|██████████████▌ |  ETA: 0:00:01[39m[K
[32mTraining trees...                   92%|██████████████▊ |  ETA: 0:00:01[39m[K
[32mTraining trees...                   93%|██████████████▉ |  ETA: 0:00:01[39m[K
[32mTraining trees...                   94%|███████████████ |  ETA: 0:00:01[39m[K
[32mTraining trees...                   95%|███████████████▎|  ETA: 0:00:01[39m[K
[32mTraining trees...                   96%|███████████████▍|  ETA: 0:00:01[39m[K
[32mTraining trees...                   97%|███████████████▌|  ETA: 0:00:00[39m[K
[32mTraining trees...                   98%|███████████████▋|  ETA: 0:00:00[39m[K
[32mTraining trees...                   99%|███████████████▉|  ETA: 0:00:00[39m[K
[32mTraining trees...                  100%|████████████████| Time: 0:00:15[39m[K
[32mTraining trees...                  100%|████████████████| Time: 0:00:15[39m[K
[?25hTrain accuracy: 0.501125
Test accuracy: 0.4955
Number of nodes: 1
getting 200 rollouts
Oracle average: 500.00 with std: 0.00
Student avg: 9.39 with std 0.73. Difference = 490.61 and min = 8.00. Match score = 0.00
Bc avg: 9.42 with std 0.82. Difference = 490.58 and min = 8.00. Match score = 0.00
Simple avg: 197.91 with std 39.90. Difference = 302.09 and min = 132.00. Match score = 0.00
Student fidelity in oracle trace 0.50
Bc fidelity in oracle trace 0.50
Simple fidelity in oracle trace 0.82
Student expected depth of decision 0.00
Bc expected depth of decision 0.00
Simple expected depth of decision 0.00
Student expected uniqueness ratio 0.00
Bc expected uniqueness ratio 0.00
Simple expected uniqueness ratio 0.00
Student decision nodes used: 1
Bc decision nodes used: 1
Simple decision nodes used: 0
Student completeness ratio: 0.14
Bc completeness ratio: 0.14
Simple completeness ratio: 1.00
Student has importance score 1.00
Bc has importance score 1.00
Simple has importance score 0.00
Student has 0.00 insignificant splits
Bc has 0.00 insignificant splits
Simple has 0.00 insignificant splits
Student had 0.00 unique features in each path
Bc had 0.00 unique features in each path
Simple had 1.00 unique features in each path
Student could prune 0.00 of nodes without reducing performance
Bc could prune 0.00 of nodes without reducing performance
Simple couldn't prune
Student has no repeating features
Bc has no repeating features
Simple has an average standard deviation of 0.00 among repeating features (max 0.00, min 0.00)
Student has no repeating features
Bc has no repeating features
Simple has an average standard deviation of 0.00 among repeating features in a path (max 0.00, min 0.00)
None
./scripts/run_docker.sh: line 22: kill: (19228) - No such process
