Executing in the docker (cpu image):
python -m src.main --optimal_tree --env_name MountainCar-v0 --max_depth 1 --cp 0.5 --student_path _depth_1 --bc_path _depth_1
WARNING: Published ports are discarded when using host network mode
+ display=2
+ export DISPLAY=:2
+ DISPLAY=:2
+ Xvfb :2 -screen 0 1024x768x24
+ file=/tmp/.X11-unix/X2
+ sleep 1
++ seq 1 10
+ for i in $(seq 1 10)
+ '[' -e /tmp/.X11-unix/X2 ']'
+ break
+ '[' -e /tmp/.X11-unix/X2 ']'
+ exec bash -c 'cd /root/code/rl_zoo/ && python -m src.main --optimal_tree --env_name MountainCar-v0 --max_depth 1 --cp 0.5 --student_path _depth_1 --bc_path _depth_1'
/usr/local/lib/python3.5/site-packages/tensorflow/python/framework/dtypes.py:519: FutureWarning: Passing (type, 1) or '1type' as a synonym of type is deprecated; in a future version of numpy, it will be understood as (type, (1,)) / '(1,)type'.
  _np_qint8 = np.dtype([("qint8", np.int8, 1)])
/usr/local/lib/python3.5/site-packages/tensorflow/python/framework/dtypes.py:520: FutureWarning: Passing (type, 1) or '1type' as a synonym of type is deprecated; in a future version of numpy, it will be understood as (type, (1,)) / '(1,)type'.
  _np_quint8 = np.dtype([("quint8", np.uint8, 1)])
/usr/local/lib/python3.5/site-packages/tensorflow/python/framework/dtypes.py:521: FutureWarning: Passing (type, 1) or '1type' as a synonym of type is deprecated; in a future version of numpy, it will be understood as (type, (1,)) / '(1,)type'.
  _np_qint16 = np.dtype([("qint16", np.int16, 1)])
/usr/local/lib/python3.5/site-packages/tensorflow/python/framework/dtypes.py:522: FutureWarning: Passing (type, 1) or '1type' as a synonym of type is deprecated; in a future version of numpy, it will be understood as (type, (1,)) / '(1,)type'.
  _np_quint16 = np.dtype([("quint16", np.uint16, 1)])
/usr/local/lib/python3.5/site-packages/tensorflow/python/framework/dtypes.py:523: FutureWarning: Passing (type, 1) or '1type' as a synonym of type is deprecated; in a future version of numpy, it will be understood as (type, (1,)) / '(1,)type'.
  _np_qint32 = np.dtype([("qint32", np.int32, 1)])
/usr/local/lib/python3.5/site-packages/tensorflow/python/framework/dtypes.py:528: FutureWarning: Passing (type, 1) or '1type' as a synonym of type is deprecated; in a future version of numpy, it will be understood as (type, (1,)) / '(1,)type'.
  np_resource = np.dtype([("resource", np.ubyte, 1)])
DQN/MountainCar-v0.pkl
Loading a model without an environment, this model cannot be trained until it has a valid environment.
Iteration 1/20
Training student with 13916 points
[?25l
[32mTraining trees...                    0%|                |  ETA: N/A[39m[K
[32mTraining trees...                  100%|████████████████| Time: 0:00:01[39m[K
[32mTraining trees...                  100%|████████████████| Time: 0:00:01[39m[K
[?25hTrain accuracy: 0.9713438735177866
Test accuracy: 0.9680316091954023
Number of nodes: 3
Student reward: -143.69
Iteration 2/20
Training student with 28285 points
[?25l
[32mTraining trees...                    0%|                |  ETA: N/A[39m[K
[32mTraining trees...                    6%|█               |  ETA: 0:00:02[39m[K
[32mTraining trees...                   12%|█▉              |  ETA: 0:00:02[39m[K
[32mTraining trees...                   18%|██▉             |  ETA: 0:00:02[39m[K
[32mTraining trees...                   24%|███▉            |  ETA: 0:00:01[39m[K
[32mTraining trees...                   30%|████▊           |  ETA: 0:00:01[39m[K
[32mTraining trees...                   36%|█████▊          |  ETA: 0:00:01[39m[K
[32mTraining trees...                   42%|██████▊         |  ETA: 0:00:01[39m[K
[32mTraining trees...                   48%|███████▋        |  ETA: 0:00:01[39m[K
[32mTraining trees...                   53%|████████▌       |  ETA: 0:00:01[39m[K
[32mTraining trees...                   58%|█████████▎      |  ETA: 0:00:01[39m[K
[32mTraining trees...                   62%|█████████▉      |  ETA: 0:00:01[39m[K
[32mTraining trees...                   65%|██████████▍     |  ETA: 0:00:01[39m[K
[32mTraining trees...                   67%|██████████▊     |  ETA: 0:00:01[39m[K
[32mTraining trees...                   69%|███████████     |  ETA: 0:00:01[39m[K
[32mTraining trees...                   73%|███████████▋    |  ETA: 0:00:01[39m[K
[32mTraining trees...                   78%|████████████▌   |  ETA: 0:00:01[39m[K
[32mTraining trees...                   84%|█████████████▌  |  ETA: 0:00:00[39m[K
[32mTraining trees...                   90%|██████████████▍ |  ETA: 0:00:00[39m[K
[32mTraining trees...                   96%|███████████████▍|  ETA: 0:00:00[39m[K
[32mTraining trees...                  100%|████████████████| Time: 0:00:02[39m[K
[32mTraining trees...                  100%|████████████████| Time: 0:00:02[39m[K
[?25hTrain accuracy: 0.9422397030228036
Test accuracy: 0.945023864238996
Number of nodes: 3
Student reward: -134.4
Iteration 3/20
Training student with 40000 points
[?25l
[32mTraining trees...                    0%|                |  ETA: N/A[39m[K
[32mTraining trees...                    4%|▋               |  ETA: 0:00:03[39m[K
[32mTraining trees...                    9%|█▌              |  ETA: 0:00:03[39m[K
[32mTraining trees...                   13%|██▏             |  ETA: 0:00:02[39m[K
[32mTraining trees...                   17%|██▊             |  ETA: 0:00:02[39m[K
[32mTraining trees...                   21%|███▍            |  ETA: 0:00:02[39m[K
[32mTraining trees...                   25%|████            |  ETA: 0:00:02[39m[K
[32mTraining trees...                   29%|████▋           |  ETA: 0:00:02[39m[K
[32mTraining trees...                   34%|█████▌          |  ETA: 0:00:02[39m[K
[32mTraining trees...                   38%|██████▏         |  ETA: 0:00:02[39m[K
[32mTraining trees...                   42%|██████▊         |  ETA: 0:00:02[39m[K
[32mTraining trees...                   46%|███████▍        |  ETA: 0:00:01[39m[K
[32mTraining trees...                   51%|████████▏       |  ETA: 0:00:01[39m[K
[32mTraining trees...                   55%|████████▊       |  ETA: 0:00:01[39m[K
[32mTraining trees...                   59%|█████████▌      |  ETA: 0:00:01[39m[K
[32mTraining trees...                   63%|██████████▏     |  ETA: 0:00:01[39m[K
[32mTraining trees...                   67%|██████████▊     |  ETA: 0:00:01[39m[K
[32mTraining trees...                   71%|███████████▍    |  ETA: 0:00:01[39m[K
[32mTraining trees...                   76%|████████████▏   |  ETA: 0:00:01[39m[K
[32mTraining trees...                   81%|█████████████   |  ETA: 0:00:01[39m[K
[32mTraining trees...                   86%|█████████████▊  |  ETA: 0:00:00[39m[K
[32mTraining trees...                   90%|██████████████▍ |  ETA: 0:00:00[39m[K
[32mTraining trees...                   94%|███████████████ |  ETA: 0:00:00[39m[K
[32mTraining trees...                   98%|███████████████▋|  ETA: 0:00:00[39m[K
[32mTraining trees...                  100%|████████████████| Time: 0:00:02[39m[K
[32mTraining trees...                  100%|████████████████| Time: 0:00:02[39m[K
[?25hTrain accuracy: 0.93228125
Test accuracy: 0.93575
Number of nodes: 3
Student reward: -156.11
Iteration 4/20
Training student with 40000 points
[?25l
[32mTraining trees...                    0%|                |  ETA: N/A[39m[K
[32mTraining trees...                    3%|▌               |  ETA: 0:00:04[39m[K
[32mTraining trees...                    7%|█▏              |  ETA: 0:00:03[39m[K
[32mTraining trees...                   11%|█▊              |  ETA: 0:00:03[39m[K
[32mTraining trees...                   16%|██▌             |  ETA: 0:00:03[39m[K
[32mTraining trees...                   20%|███▎            |  ETA: 0:00:02[39m[K
[32mTraining trees...                   24%|███▉            |  ETA: 0:00:02[39m[K
[32mTraining trees...                   28%|████▌           |  ETA: 0:00:02[39m[K
[32mTraining trees...                   33%|█████▎          |  ETA: 0:00:02[39m[K
[32mTraining trees...                   38%|██████▏         |  ETA: 0:00:02[39m[K
[32mTraining trees...                   43%|██████▉         |  ETA: 0:00:02[39m[K
[32mTraining trees...                   47%|███████▌        |  ETA: 0:00:01[39m[K
[32mTraining trees...                   52%|████████▍       |  ETA: 0:00:01[39m[K
[32mTraining trees...                   57%|█████████▏      |  ETA: 0:00:01[39m[K
[32mTraining trees...                   61%|█████████▊      |  ETA: 0:00:01[39m[K
[32mTraining trees...                   66%|██████████▌     |  ETA: 0:00:01[39m[K
[32mTraining trees...                   71%|███████████▍    |  ETA: 0:00:01[39m[K
[32mTraining trees...                   75%|████████████    |  ETA: 0:00:01[39m[K
[32mTraining trees...                   79%|████████████▋   |  ETA: 0:00:01[39m[K
[32mTraining trees...                   83%|█████████████▎  |  ETA: 0:00:00[39m[K
[32mTraining trees...                   87%|█████████████▉  |  ETA: 0:00:00[39m[K
[32mTraining trees...                   92%|██████████████▊ |  ETA: 0:00:00[39m[K
[32mTraining trees...                   96%|███████████████▍|  ETA: 0:00:00[39m[K
[32mTraining trees...                  100%|████████████████| Time: 0:00:02[39m[K
[32mTraining trees...                  100%|████████████████| Time: 0:00:02[39m[K
[?25hTrain accuracy: 0.9268125
Test accuracy: 0.927875
Number of nodes: 3
Student reward: -138.63
Iteration 5/20
Training student with 40000 points
[?25l
[32mTraining trees...                    0%|                |  ETA: N/A[39m[K
[32mTraining trees...                    4%|▋               |  ETA: 0:00:03[39m[K
[32mTraining trees...                    8%|█▎              |  ETA: 0:00:03[39m[K
[32mTraining trees...                   12%|█▉              |  ETA: 0:00:02[39m[K
[32mTraining trees...                   17%|██▊             |  ETA: 0:00:02[39m[K
[32mTraining trees...                   21%|███▍            |  ETA: 0:00:02[39m[K
[32mTraining trees...                   26%|████▏           |  ETA: 0:00:02[39m[K
[32mTraining trees...                   31%|█████           |  ETA: 0:00:02[39m[K
[32mTraining trees...                   35%|█████▋          |  ETA: 0:00:02[39m[K
[32mTraining trees...                   39%|██████▎         |  ETA: 0:00:02[39m[K
[32mTraining trees...                   44%|███████         |  ETA: 0:00:01[39m[K
[32mTraining trees...                   49%|███████▉        |  ETA: 0:00:01[39m[K
[32mTraining trees...                   53%|████████▌       |  ETA: 0:00:01[39m[K
[32mTraining trees...                   58%|█████████▎      |  ETA: 0:00:01[39m[K
[32mTraining trees...                   63%|██████████▏     |  ETA: 0:00:01[39m[K
[32mTraining trees...                   68%|██████████▉     |  ETA: 0:00:01[39m[K
[32mTraining trees...                   73%|███████████▋    |  ETA: 0:00:01[39m[K
[32mTraining trees...                   78%|████████████▌   |  ETA: 0:00:01[39m[K
[32mTraining trees...                   82%|█████████████▏  |  ETA: 0:00:00[39m[K
[32mTraining trees...                   87%|█████████████▉  |  ETA: 0:00:00[39m[K
[32mTraining trees...                   91%|██████████████▌ |  ETA: 0:00:00[39m[K
[32mTraining trees...                   95%|███████████████▎|  ETA: 0:00:00[39m[K
[32mTraining trees...                  100%|████████████████| Time: 0:00:02[39m[K
[32mTraining trees...                  100%|████████████████| Time: 0:00:02[39m[K
[?25hTrain accuracy: 0.9250625
Test accuracy: 0.92325
Number of nodes: 3
Student reward: -132.7
Iteration 6/20
Training student with 40000 points
[?25l
[32mTraining trees...                    0%|                |  ETA: N/A[39m[K
[32mTraining trees...                    4%|▋               |  ETA: 0:00:02[39m[K
[32mTraining trees...                    8%|█▎              |  ETA: 0:00:02[39m[K
[32mTraining trees...                   12%|█▉              |  ETA: 0:00:02[39m[K
[32mTraining trees...                   16%|██▌             |  ETA: 0:00:02[39m[K
[32mTraining trees...                   20%|███▎            |  ETA: 0:00:02[39m[K
[32mTraining trees...                   24%|███▉            |  ETA: 0:00:02[39m[K
[32mTraining trees...                   28%|████▌           |  ETA: 0:00:02[39m[K
[32mTraining trees...                   32%|█████▏          |  ETA: 0:00:02[39m[K
[32mTraining trees...                   37%|█████▉          |  ETA: 0:00:02[39m[K
[32mTraining trees...                   41%|██████▌         |  ETA: 0:00:02[39m[K
[32mTraining trees...                   45%|███████▎        |  ETA: 0:00:01[39m[K
[32mTraining trees...                   49%|███████▉        |  ETA: 0:00:01[39m[K
[32mTraining trees...                   53%|████████▌       |  ETA: 0:00:01[39m[K
[32mTraining trees...                   57%|█████████▏      |  ETA: 0:00:01[39m[K
[32mTraining trees...                   61%|█████████▊      |  ETA: 0:00:01[39m[K
[32mTraining trees...                   65%|██████████▍     |  ETA: 0:00:01[39m[K
[32mTraining trees...                   69%|███████████     |  ETA: 0:00:01[39m[K
[32mTraining trees...                   73%|███████████▋    |  ETA: 0:00:01[39m[K
[32mTraining trees...                   77%|████████████▍   |  ETA: 0:00:01[39m[K
[32mTraining trees...                   81%|█████████████   |  ETA: 0:00:01[39m[K
[32mTraining trees...                   85%|█████████████▋  |  ETA: 0:00:00[39m[K
[32mTraining trees...                   89%|██████████████▎ |  ETA: 0:00:00[39m[K
[32mTraining trees...                   93%|██████████████▉ |  ETA: 0:00:00[39m[K
[32mTraining trees...                   97%|███████████████▌|  ETA: 0:00:00[39m[K
[32mTraining trees...                  100%|████████████████| Time: 0:00:02[39m[K
[32mTraining trees...                  100%|████████████████| Time: 0:00:02[39m[K
[?25hTrain accuracy: 0.92346875
Test accuracy: 0.924625
Number of nodes: 3
Student reward: -157.04
Iteration 7/20
Training student with 40000 points
[?25l
[32mTraining trees...                    0%|                |  ETA: N/A[39m[K
[32mTraining trees...                    4%|▋               |  ETA: 0:00:03[39m[K
[32mTraining trees...                    8%|█▎              |  ETA: 0:00:03[39m[K
[32mTraining trees...                   12%|█▉              |  ETA: 0:00:02[39m[K
[32mTraining trees...                   17%|██▊             |  ETA: 0:00:02[39m[K
[32mTraining trees...                   21%|███▍            |  ETA: 0:00:02[39m[K
[32mTraining trees...                   26%|████▏           |  ETA: 0:00:02[39m[K
[32mTraining trees...                   31%|█████           |  ETA: 0:00:02[39m[K
[32mTraining trees...                   35%|█████▋          |  ETA: 0:00:02[39m[K
[32mTraining trees...                   39%|██████▎         |  ETA: 0:00:02[39m[K
[32mTraining trees...                   43%|██████▉         |  ETA: 0:00:02[39m[K
[32mTraining trees...                   47%|███████▌        |  ETA: 0:00:01[39m[K
[32mTraining trees...                   51%|████████▏       |  ETA: 0:00:01[39m[K
[32mTraining trees...                   55%|████████▊       |  ETA: 0:00:01[39m[K
[32mTraining trees...                   59%|█████████▌      |  ETA: 0:00:01[39m[K
[32mTraining trees...                   63%|██████████▏     |  ETA: 0:00:01[39m[K
[32mTraining trees...                   67%|██████████▊     |  ETA: 0:00:01[39m[K
[32mTraining trees...                   72%|███████████▌    |  ETA: 0:00:01[39m[K
[32mTraining trees...                   76%|████████████▏   |  ETA: 0:00:01[39m[K
[32mTraining trees...                   80%|████████████▊   |  ETA: 0:00:01[39m[K
[32mTraining trees...                   85%|█████████████▋  |  ETA: 0:00:00[39m[K
[32mTraining trees...                   89%|██████████████▎ |  ETA: 0:00:00[39m[K
[32mTraining trees...                   93%|██████████████▉ |  ETA: 0:00:00[39m[K
[32mTraining trees...                   97%|███████████████▌|  ETA: 0:00:00[39m[K
[32mTraining trees...                  100%|████████████████| Time: 0:00:02[39m[K
[32mTraining trees...                  100%|████████████████| Time: 0:00:02[39m[K
[?25hTrain accuracy: 0.92565625
Test accuracy: 0.92425
Number of nodes: 3
Student reward: -134.52
Iteration 8/20
Training student with 40000 points
[?25l
[32mTraining trees...                    0%|                |  ETA: N/A[39m[K
[32mTraining trees...                    4%|▋               |  ETA: 0:00:03[39m[K
[32mTraining trees...                    8%|█▎              |  ETA: 0:00:03[39m[K
[32mTraining trees...                   12%|█▉              |  ETA: 0:00:03[39m[K
[32mTraining trees...                   16%|██▌             |  ETA: 0:00:02[39m[K
[32mTraining trees...                   20%|███▎            |  ETA: 0:00:02[39m[K
[32mTraining trees...                   24%|███▉            |  ETA: 0:00:02[39m[K
[32mTraining trees...                   28%|████▌           |  ETA: 0:00:02[39m[K
[32mTraining trees...                   32%|█████▏          |  ETA: 0:00:02[39m[K
[32mTraining trees...                   36%|█████▊          |  ETA: 0:00:02[39m[K
[32mTraining trees...                   40%|██████▍         |  ETA: 0:00:02[39m[K
[32mTraining trees...                   44%|███████         |  ETA: 0:00:02[39m[K
[32mTraining trees...                   48%|███████▋        |  ETA: 0:00:01[39m[K
[32mTraining trees...                   52%|████████▍       |  ETA: 0:00:01[39m[K
[32mTraining trees...                   56%|█████████       |  ETA: 0:00:01[39m[K
[32mTraining trees...                   60%|█████████▋      |  ETA: 0:00:01[39m[K
[32mTraining trees...                   64%|██████████▎     |  ETA: 0:00:01[39m[K
[32mTraining trees...                   68%|██████████▉     |  ETA: 0:00:01[39m[K
[32mTraining trees...                   72%|███████████▌    |  ETA: 0:00:01[39m[K
[32mTraining trees...                   76%|████████████▏   |  ETA: 0:00:01[39m[K
[32mTraining trees...                   80%|████████████▊   |  ETA: 0:00:01[39m[K
[32mTraining trees...                   84%|█████████████▌  |  ETA: 0:00:00[39m[K
[32mTraining trees...                   88%|██████████████▏ |  ETA: 0:00:00[39m[K
[32mTraining trees...                   92%|██████████████▊ |  ETA: 0:00:00[39m[K
[32mTraining trees...                   96%|███████████████▍|  ETA: 0:00:00[39m[K
[32mTraining trees...                  100%|████████████████| Time: 0:00:02[39m[K
[32mTraining trees...                  100%|████████████████| Time: 0:00:02[39m[K
[?25hTrain accuracy: 0.92075
Test accuracy: 0.92575
Number of nodes: 3
Student reward: -141.33
Iteration 9/20
Training student with 40000 points
[?25l
[32mTraining trees...                    0%|                |  ETA: N/A[39m[K
[32mTraining trees...                    4%|▋               |  ETA: 0:00:03[39m[K
[32mTraining trees...                    8%|█▎              |  ETA: 0:00:03[39m[K
[32mTraining trees...                   12%|█▉              |  ETA: 0:00:02[39m[K
[32mTraining trees...                   16%|██▌             |  ETA: 0:00:02[39m[K
[32mTraining trees...                   20%|███▎            |  ETA: 0:00:02[39m[K
[32mTraining trees...                   24%|███▉            |  ETA: 0:00:02[39m[K
[32mTraining trees...                   28%|████▌           |  ETA: 0:00:02[39m[K
[32mTraining trees...                   32%|█████▏          |  ETA: 0:00:02[39m[K
[32mTraining trees...                   36%|█████▊          |  ETA: 0:00:02[39m[K
[32mTraining trees...                   39%|██████▎         |  ETA: 0:00:02[39m[K
[32mTraining trees...                   42%|██████▊         |  ETA: 0:00:02[39m[K
[32mTraining trees...                   46%|███████▍        |  ETA: 0:00:02[39m[K
[32mTraining trees...                   50%|████████        |  ETA: 0:00:01[39m[K
[32mTraining trees...                   54%|████████▋       |  ETA: 0:00:01[39m[K
[32mTraining trees...                   58%|█████████▎      |  ETA: 0:00:01[39m[K
[32mTraining trees...                   63%|██████████▏     |  ETA: 0:00:01[39m[K
[32mTraining trees...                   67%|██████████▊     |  ETA: 0:00:01[39m[K
[32mTraining trees...                   71%|███████████▍    |  ETA: 0:00:01[39m[K
[32mTraining trees...                   75%|████████████    |  ETA: 0:00:01[39m[K
[32mTraining trees...                   79%|████████████▋   |  ETA: 0:00:01[39m[K
[32mTraining trees...                   83%|█████████████▎  |  ETA: 0:00:00[39m[K
[32mTraining trees...                   87%|█████████████▉  |  ETA: 0:00:00[39m[K
[32mTraining trees...                   91%|██████████████▌ |  ETA: 0:00:00[39m[K
[32mTraining trees...                   95%|███████████████▎|  ETA: 0:00:00[39m[K
[32mTraining trees...                   99%|███████████████▉|  ETA: 0:00:00[39m[K
[32mTraining trees...                  100%|████████████████| Time: 0:00:02[39m[K
[32mTraining trees...                  100%|████████████████| Time: 0:00:02[39m[K
[?25hTrain accuracy: 0.92509375
Test accuracy: 0.922
Number of nodes: 3
Student reward: -128.68
Iteration 10/20
Training student with 40000 points
[?25l
[32mTraining trees...                    0%|                |  ETA: N/A[39m[K
[32mTraining trees...                    5%|▊               |  ETA: 0:00:02[39m[K
[32mTraining trees...                   10%|█▋              |  ETA: 0:00:02[39m[K
[32mTraining trees...                   14%|██▎             |  ETA: 0:00:02[39m[K
[32mTraining trees...                   18%|██▉             |  ETA: 0:00:02[39m[K
[32mTraining trees...                   22%|███▌            |  ETA: 0:00:02[39m[K
[32mTraining trees...                   26%|████▏           |  ETA: 0:00:02[39m[K
[32mTraining trees...                   31%|█████           |  ETA: 0:00:02[39m[K
[32mTraining trees...                   36%|█████▊          |  ETA: 0:00:02[39m[K
[32mTraining trees...                   40%|██████▍         |  ETA: 0:00:02[39m[K
[32mTraining trees...                   44%|███████         |  ETA: 0:00:01[39m[K
[32mTraining trees...                   49%|███████▉        |  ETA: 0:00:01[39m[K
[32mTraining trees...                   54%|████████▋       |  ETA: 0:00:01[39m[K
[32mTraining trees...                   59%|█████████▌      |  ETA: 0:00:01[39m[K
[32mTraining trees...                   63%|██████████▏     |  ETA: 0:00:01[39m[K
[32mTraining trees...                   68%|██████████▉     |  ETA: 0:00:01[39m[K
[32mTraining trees...                   72%|███████████▌    |  ETA: 0:00:01[39m[K
[32mTraining trees...                   76%|████████████▏   |  ETA: 0:00:01[39m[K
[32mTraining trees...                   80%|████████████▊   |  ETA: 0:00:01[39m[K
[32mTraining trees...                   84%|█████████████▌  |  ETA: 0:00:00[39m[K
[32mTraining trees...                   88%|██████████████▏ |  ETA: 0:00:00[39m[K
[32mTraining trees...                   92%|██████████████▊ |  ETA: 0:00:00[39m[K
[32mTraining trees...                   96%|███████████████▍|  ETA: 0:00:00[39m[K
[32mTraining trees...                  100%|████████████████| Time: 0:00:02[39m[K
[32mTraining trees...                  100%|████████████████| Time: 0:00:02[39m[K
[?25hTrain accuracy: 0.9208125
Test accuracy: 0.919625
Number of nodes: 3
^[[5BStudent reward: -138.9
Iteration 11/20
Training student with 40000 points
[?25l
[32mTraining trees...                    0%|                |  ETA: N/A[39m[K
[32mTraining trees...                    4%|▋               |  ETA: 0:00:03[39m[K
[32mTraining trees...                    8%|█▎              |  ETA: 0:00:03[39m[K
[32mTraining trees...                   12%|█▉              |  ETA: 0:00:02[39m[K
[32mTraining trees...                   16%|██▌             |  ETA: 0:00:02[39m[K
[32mTraining trees...                   20%|███▎            |  ETA: 0:00:03[39m[K
[32mTraining trees...                   22%|███▌            |  ETA: 0:00:03[39m[K
[32mTraining trees...                   25%|████            |  ETA: 0:00:03[39m[K
[32mTraining trees...                   27%|████▍           |  ETA: 0:00:03[39m[K
[32mTraining trees...                   30%|████▊           |  ETA: 0:00:03[39m[K
[32mTraining trees...                   32%|█████▏          |  ETA: 0:00:03[39m[K
[32mTraining trees...                   35%|█████▋          |  ETA: 0:00:03[39m[K
[32mTraining trees...                   39%|██████▎         |  ETA: 0:00:02[39m[K
[32mTraining trees...                   41%|██████▌         |  ETA: 0:00:02[39m[K
[32mTraining trees...                   45%|███████▎        |  ETA: 0:00:02[39m[K
[32mTraining trees...                   48%|███████▋        |  ETA: 0:00:02[39m[K
[32mTraining trees...                   50%|████████        |  ETA: 0:00:02[39m[K
[32mTraining trees...                   53%|████████▌       |  ETA: 0:00:02[39m[K
[32mTraining trees...                   55%|████████▊       |  ETA: 0:00:02[39m[K
[32mTraining trees...                   58%|█████████▎      |  ETA: 0:00:02[39m[K
[32mTraining trees...                   61%|█████████▊      |  ETA: 0:00:02[39m[K
[32mTraining trees...                   64%|██████████▎     |  ETA: 0:00:01[39m[K
[32mTraining trees...                   67%|██████████▊     |  ETA: 0:00:01[39m[K
[32mTraining trees...                   71%|███████████▍    |  ETA: 0:00:01[39m[K
[32mTraining trees...                   75%|████████████    |  ETA: 0:00:01[39m[K
[32mTraining trees...                   79%|████████████▋   |  ETA: 0:00:01[39m[K
[32mTraining trees...                   83%|█████████████▎  |  ETA: 0:00:01[39m[K
[32mTraining trees...                   87%|█████████████▉  |  ETA: 0:00:00[39m[K
[32mTraining trees...                   91%|██████████████▌ |  ETA: 0:00:00[39m[K
[32mTraining trees...                   95%|███████████████▎|  ETA: 0:00:00[39m[K
[32mTraining trees...                   97%|███████████████▌|  ETA: 0:00:00[39m[K
[32mTraining trees...                  100%|████████████████| Time: 0:00:03[39m[K
[32mTraining trees...                  100%|████████████████| Time: 0:00:03[39m[K
[?25hTrain accuracy: 0.92096875
Test accuracy: 0.92475
Number of nodes: 3
Student reward: -146.14
Iteration 12/20
Training student with 40000 points
[?25l
[32mTraining trees...                    0%|                |  ETA: N/A[39m[K
[32mTraining trees...                    4%|▋               |  ETA: 0:00:03[39m[K
[32mTraining trees...                    8%|█▎              |  ETA: 0:00:02[39m[K
[32mTraining trees...                   12%|█▉              |  ETA: 0:00:02[39m[K
[32mTraining trees...                   16%|██▌             |  ETA: 0:00:02[39m[K
[32mTraining trees...                   20%|███▎            |  ETA: 0:00:02[39m[K
[32mTraining trees...                   24%|███▉            |  ETA: 0:00:02[39m[K
[32mTraining trees...                   28%|████▌           |  ETA: 0:00:02[39m[K
[32mTraining trees...                   32%|█████▏          |  ETA: 0:00:02[39m[K
[32mTraining trees...                   36%|█████▊          |  ETA: 0:00:02[39m[K
[32mTraining trees...                   40%|██████▍         |  ETA: 0:00:02[39m[K
[32mTraining trees...                   44%|███████         |  ETA: 0:00:02[39m[K
[32mTraining trees...                   48%|███████▋        |  ETA: 0:00:01[39m[K
[32mTraining trees...                   52%|████████▍       |  ETA: 0:00:01[39m[K
[32mTraining trees...                   56%|█████████       |  ETA: 0:00:01[39m[K
[32mTraining trees...                   60%|█████████▋      |  ETA: 0:00:01[39m[K
[32mTraining trees...                   64%|██████████▎     |  ETA: 0:00:01[39m[K
[32mTraining trees...                   68%|██████████▉     |  ETA: 0:00:01[39m[K
[32mTraining trees...                   72%|███████████▌    |  ETA: 0:00:01[39m[K
[32mTraining trees...                   76%|████████████▏   |  ETA: 0:00:01[39m[K
[32mTraining trees...                   80%|████████████▊   |  ETA: 0:00:01[39m[K
[32mTraining trees...                   84%|█████████████▌  |  ETA: 0:00:00[39m[K
[32mTraining trees...                   88%|██████████████▏ |  ETA: 0:00:00[39m[K
[32mTraining trees...                   92%|██████████████▊ |  ETA: 0:00:00[39m[K
[32mTraining trees...                   96%|███████████████▍|  ETA: 0:00:00[39m[K
[32mTraining trees...                  100%|████████████████| Time: 0:00:02[39m[K
[32mTraining trees...                  100%|████████████████| Time: 0:00:02[39m[K
[?25hTrain accuracy: 0.92128125
Test accuracy: 0.91475
Number of nodes: 3
Student reward: -165.38
Iteration 13/20
Training student with 40000 points
[?25l
[32mTraining trees...                    0%|                |  ETA: N/A[39m[K
[32mTraining trees...                    4%|▋               |  ETA: 0:00:02[39m[K
[32mTraining trees...                    8%|█▎              |  ETA: 0:00:02[39m[K
[32mTraining trees...                   12%|█▉              |  ETA: 0:00:02[39m[K
[32mTraining trees...                   16%|██▌             |  ETA: 0:00:02[39m[K
[32mTraining trees...                   20%|███▎            |  ETA: 0:00:02[39m[K
[32mTraining trees...                   24%|███▉            |  ETA: 0:00:02[39m[K
[32mTraining trees...                   28%|████▌           |  ETA: 0:00:02[39m[K
[32mTraining trees...                   32%|█████▏          |  ETA: 0:00:02[39m[K
[32mTraining trees...                   36%|█████▊          |  ETA: 0:00:02[39m[K
[32mTraining trees...                   40%|██████▍         |  ETA: 0:00:02[39m[K
[32mTraining trees...                   44%|███████         |  ETA: 0:00:02[39m[K
[32mTraining trees...                   48%|███████▋        |  ETA: 0:00:01[39m[K
[32mTraining trees...                   52%|████████▍       |  ETA: 0:00:01[39m[K
[32mTraining trees...                   56%|█████████       |  ETA: 0:00:01[39m[K
[32mTraining trees...                   60%|█████████▋      |  ETA: 0:00:01[39m[K
[32mTraining trees...                   64%|██████████▎     |  ETA: 0:00:01[39m[K
[32mTraining trees...                   68%|██████████▉     |  ETA: 0:00:01[39m[K
[32mTraining trees...                   72%|███████████▌    |  ETA: 0:00:01[39m[K
[32mTraining trees...                   76%|████████████▏   |  ETA: 0:00:01[39m[K
[32mTraining trees...                   80%|████████████▊   |  ETA: 0:00:01[39m[K
[32mTraining trees...                   84%|█████████████▌  |  ETA: 0:00:00[39m[K
[32mTraining trees...                   88%|██████████████▏ |  ETA: 0:00:00[39m[K
[32mTraining trees...                   92%|██████████████▊ |  ETA: 0:00:00[39m[K
[32mTraining trees...                   96%|███████████████▍|  ETA: 0:00:00[39m[K
[32mTraining trees...                  100%|████████████████| Time: 0:00:02[39m[K
[32mTraining trees...                  100%|████████████████| Time: 0:00:02[39m[K
[?25hTrain accuracy: 0.9235625
Test accuracy: 0.925
Number of nodes: 3
Student reward: -135.79
Iteration 14/20
Training student with 40000 points
[?25l
[32mTraining trees...                    0%|                |  ETA: N/A[39m[K
[32mTraining trees...                    4%|▋               |  ETA: 0:00:02[39m[K
[32mTraining trees...                    8%|█▎              |  ETA: 0:00:02[39m[K
[32mTraining trees...                   13%|██▏             |  ETA: 0:00:02[39m[K
[32mTraining trees...                   18%|██▉             |  ETA: 0:00:02[39m[K
[32mTraining trees...                   23%|███▋            |  ETA: 0:00:02[39m[K
[32mTraining trees...                   28%|████▌           |  ETA: 0:00:02[39m[K
[32mTraining trees...                   32%|█████▏          |  ETA: 0:00:02[39m[K
[32mTraining trees...                   36%|█████▊          |  ETA: 0:00:02[39m[K
[32mTraining trees...                   41%|██████▌         |  ETA: 0:00:01[39m[K
[32mTraining trees...                   45%|███████▎        |  ETA: 0:00:01[39m[K
[32mTraining trees...                   49%|███████▉        |  ETA: 0:00:01[39m[K
[32mTraining trees...                   54%|████████▋       |  ETA: 0:00:01[39m[K
[32mTraining trees...                   59%|█████████▌      |  ETA: 0:00:01[39m[K
[32mTraining trees...                   63%|██████████▏     |  ETA: 0:00:01[39m[K
[32mTraining trees...                   67%|██████████▊     |  ETA: 0:00:01[39m[K
[32mTraining trees...                   71%|███████████▍    |  ETA: 0:00:01[39m[K
[32mTraining trees...                   75%|████████████    |  ETA: 0:00:01[39m[K
[32mTraining trees...                   80%|████████████▊   |  ETA: 0:00:01[39m[K
[32mTraining trees...                   84%|█████████████▌  |  ETA: 0:00:00[39m[K
[32mTraining trees...                   89%|██████████████▎ |  ETA: 0:00:00[39m[K
[32mTraining trees...                   94%|███████████████ |  ETA: 0:00:00[39m[K
[32mTraining trees...                   99%|███████████████▉|  ETA: 0:00:00[39m[K
[32mTraining trees...                  100%|████████████████| Time: 0:00:02[39m[K
[32mTraining trees...                  100%|████████████████| Time: 0:00:02[39m[K
[?25hTrain accuracy: 0.9193125
Test accuracy: 0.920125
Number of nodes: 3
Student reward: -129.65
Iteration 15/20
Training student with 40000 points
[?25l
[32mTraining trees...                    0%|                |  ETA: N/A[39m[K
[32mTraining trees...                    4%|▋               |  ETA: 0:00:03[39m[K
[32mTraining trees...                    8%|█▎              |  ETA: 0:00:02[39m[K
[32mTraining trees...                   13%|██▏             |  ETA: 0:00:02[39m[K
[32mTraining trees...                   17%|██▊             |  ETA: 0:00:02[39m[K
[32mTraining trees...                   21%|███▍            |  ETA: 0:00:02[39m[K
[32mTraining trees...                   25%|████            |  ETA: 0:00:02[39m[K
[32mTraining trees...                   29%|████▋           |  ETA: 0:00:02[39m[K
[32mTraining trees...                   34%|█████▌          |  ETA: 0:00:02[39m[K
[32mTraining trees...                   39%|██████▎         |  ETA: 0:00:02[39m[K
[32mTraining trees...                   44%|███████         |  ETA: 0:00:01[39m[K
[32mTraining trees...                   49%|███████▉        |  ETA: 0:00:01[39m[K
[32mTraining trees...                   53%|████████▌       |  ETA: 0:00:01[39m[K
[32mTraining trees...                   57%|█████████▏      |  ETA: 0:00:01[39m[K
[32mTraining trees...                   61%|█████████▊      |  ETA: 0:00:01[39m[K
[32mTraining trees...                   66%|██████████▌     |  ETA: 0:00:01[39m[K
[32mTraining trees...                   70%|███████████▎    |  ETA: 0:00:01[39m[K
[32mTraining trees...                   74%|███████████▉    |  ETA: 0:00:01[39m[K
[32mTraining trees...                   78%|████████████▌   |  ETA: 0:00:01[39m[K
[32mTraining trees...                   83%|█████████████▎  |  ETA: 0:00:00[39m[K
[32mTraining trees...                   88%|██████████████▏ |  ETA: 0:00:00[39m[K
[32mTraining trees...                   93%|██████████████▉ |  ETA: 0:00:00[39m[K
[32mTraining trees...                   98%|███████████████▋|  ETA: 0:00:00[39m[K
[32mTraining trees...                  100%|████████████████| Time: 0:00:02[39m[K
[32mTraining trees...                  100%|████████████████| Time: 0:00:02[39m[K
[?25hTrain accuracy: 0.91965625
Test accuracy: 0.921875
Number of nodes: 3
Student reward: -136.69
Iteration 16/20
Training student with 40000 points
[?25l
[32mTraining trees...                    0%|                |  ETA: N/A[39m[K
[32mTraining trees...                    4%|▋               |  ETA: 0:00:03[39m[K
[32mTraining trees...                    8%|█▎              |  ETA: 0:00:03[39m[K
[32mTraining trees...                   12%|█▉              |  ETA: 0:00:03[39m[K
[32mTraining trees...                   16%|██▌             |  ETA: 0:00:02[39m[K
[32mTraining trees...                   21%|███▍            |  ETA: 0:00:02[39m[K
[32mTraining trees...                   25%|████            |  ETA: 0:00:02[39m[K
[32mTraining trees...                   29%|████▋           |  ETA: 0:00:02[39m[K
[32mTraining trees...                   33%|█████▎          |  ETA: 0:00:02[39m[K
[32mTraining trees...                   38%|██████▏         |  ETA: 0:00:02[39m[K
[32mTraining trees...                   43%|██████▉         |  ETA: 0:00:02[39m[K
[32mTraining trees...                   47%|███████▌        |  ETA: 0:00:01[39m[K
[32mTraining trees...                   51%|████████▏       |  ETA: 0:00:01[39m[K
[32mTraining trees...                   56%|█████████       |  ETA: 0:00:01[39m[K
[32mTraining trees...                   61%|█████████▊      |  ETA: 0:00:01[39m[K
[32mTraining trees...                   66%|██████████▌     |  ETA: 0:00:01[39m[K
[32mTraining trees...                   71%|███████████▍    |  ETA: 0:00:01[39m[K
[32mTraining trees...                   75%|████████████    |  ETA: 0:00:01[39m[K
[32mTraining trees...                   79%|████████████▋   |  ETA: 0:00:01[39m[K
[32mTraining trees...                   84%|█████████████▌  |  ETA: 0:00:00[39m[K
[32mTraining trees...                   88%|██████████████▏ |  ETA: 0:00:00[39m[K
[32mTraining trees...                   92%|██████████████▊ |  ETA: 0:00:00[39m[K
[32mTraining trees...                   96%|███████████████▍|  ETA: 0:00:00[39m[K
[32mTraining trees...                  100%|████████████████| Time: 0:00:02[39m[K
[32mTraining trees...                  100%|████████████████| Time: 0:00:02[39m[K
[?25hTrain accuracy: 0.92090625
Test accuracy: 0.9235
Number of nodes: 3
Student reward: -133.05
Iteration 17/20
Training student with 40000 points
[?25l
[32mTraining trees...                    0%|                |  ETA: N/A[39m[K
[32mTraining trees...                    4%|▋               |  ETA: 0:00:03[39m[K
[32mTraining trees...                    8%|█▎              |  ETA: 0:00:03[39m[K
[32mTraining trees...                   12%|█▉              |  ETA: 0:00:03[39m[K
[32mTraining trees...                   16%|██▌             |  ETA: 0:00:02[39m[K
[32mTraining trees...                   20%|███▎            |  ETA: 0:00:02[39m[K
[32mTraining trees...                   24%|███▉            |  ETA: 0:00:02[39m[K
[32mTraining trees...                   28%|████▌           |  ETA: 0:00:02[39m[K
[32mTraining trees...                   32%|█████▏          |  ETA: 0:00:02[39m[K
[32mTraining trees...                   36%|█████▊          |  ETA: 0:00:02[39m[K
[32mTraining trees...                   40%|██████▍         |  ETA: 0:00:02[39m[K
[32mTraining trees...                   44%|███████         |  ETA: 0:00:02[39m[K
[32mTraining trees...                   48%|███████▋        |  ETA: 0:00:01[39m[K
[32mTraining trees...                   52%|████████▍       |  ETA: 0:00:01[39m[K
[32mTraining trees...                   56%|█████████       |  ETA: 0:00:01[39m[K
[32mTraining trees...                   60%|█████████▋      |  ETA: 0:00:01[39m[K
[32mTraining trees...                   64%|██████████▎     |  ETA: 0:00:01[39m[K
[32mTraining trees...                   68%|██████████▉     |  ETA: 0:00:01[39m[K
[32mTraining trees...                   72%|███████████▌    |  ETA: 0:00:01[39m[K
[32mTraining trees...                   76%|████████████▏   |  ETA: 0:00:01[39m[K
[32mTraining trees...                   80%|████████████▊   |  ETA: 0:00:01[39m[K
[32mTraining trees...                   84%|█████████████▌  |  ETA: 0:00:00[39m[K
[32mTraining trees...                   88%|██████████████▏ |  ETA: 0:00:00[39m[K
[32mTraining trees...                   92%|██████████████▊ |  ETA: 0:00:00[39m[K
[32mTraining trees...                   96%|███████████████▍|  ETA: 0:00:00[39m[K
[32mTraining trees...                  100%|████████████████| Time: 0:00:02[39m[K
[32mTraining trees...                  100%|████████████████| Time: 0:00:02[39m[K
[?25hTrain accuracy: 0.9223125
Test accuracy: 0.919125
Number of nodes: 3
Student reward: -151.84
Iteration 18/20
Training student with 40000 points
[?25l
[32mTraining trees...                    0%|                |  ETA: N/A[39m[K
[32mTraining trees...                    4%|▋               |  ETA: 0:00:03[39m[K
[32mTraining trees...                    8%|█▎              |  ETA: 0:00:03[39m[K
[32mTraining trees...                   12%|█▉              |  ETA: 0:00:02[39m[K
[32mTraining trees...                   16%|██▌             |  ETA: 0:00:02[39m[K
[32mTraining trees...                   20%|███▎            |  ETA: 0:00:02[39m[K
[32mTraining trees...                   24%|███▉            |  ETA: 0:00:02[39m[K
[32mTraining trees...                   28%|████▌           |  ETA: 0:00:02[39m[K
[32mTraining trees...                   32%|█████▏          |  ETA: 0:00:02[39m[K
[32mTraining trees...                   36%|█████▊          |  ETA: 0:00:02[39m[K
[32mTraining trees...                   40%|██████▍         |  ETA: 0:00:02[39m[K
[32mTraining trees...                   43%|██████▉         |  ETA: 0:00:02[39m[K
[32mTraining trees...                   46%|███████▍        |  ETA: 0:00:02[39m[K
[32mTraining trees...                   49%|███████▉        |  ETA: 0:00:02[39m[K
[32mTraining trees...                   53%|████████▌       |  ETA: 0:00:01[39m[K
[32mTraining trees...                   56%|█████████       |  ETA: 0:00:01[39m[K
[32mTraining trees...                   60%|█████████▋      |  ETA: 0:00:01[39m[K
[32mTraining trees...                   64%|██████████▎     |  ETA: 0:00:01[39m[K
[32mTraining trees...                   68%|██████████▉     |  ETA: 0:00:01[39m[K
[32mTraining trees...                   72%|███████████▌    |  ETA: 0:00:01[39m[K
[32mTraining trees...                   76%|████████████▏   |  ETA: 0:00:01[39m[K
[32mTraining trees...                   80%|████████████▊   |  ETA: 0:00:01[39m[K
[32mTraining trees...                   84%|█████████████▌  |  ETA: 0:00:00[39m[K
[32mTraining trees...                   88%|██████████████▏ |  ETA: 0:00:00[39m[K
[32mTraining trees...                   92%|██████████████▊ |  ETA: 0:00:00[39m[K
[32mTraining trees...                   96%|███████████████▍|  ETA: 0:00:00[39m[K
[32mTraining trees...                  100%|████████████████| Time: 0:00:02[39m[K
[32mTraining trees...                  100%|████████████████| Time: 0:00:02[39m[K
[?25hTrain accuracy: 0.917625
Test accuracy: 0.921
Number of nodes: 3
Student reward: -141.09
Iteration 19/20
Training student with 40000 points
[?25l
[32mTraining trees...                    0%|                |  ETA: N/A[39m[K
[32mTraining trees...                    4%|▋               |  ETA: 0:00:03[39m[K
[32mTraining trees...                    8%|█▎              |  ETA: 0:00:03[39m[K
[32mTraining trees...                   13%|██▏             |  ETA: 0:00:02[39m[K
[32mTraining trees...                   17%|██▊             |  ETA: 0:00:02[39m[K
[32mTraining trees...                   21%|███▍            |  ETA: 0:00:02[39m[K
[32mTraining trees...                   25%|████            |  ETA: 0:00:02[39m[K
[32mTraining trees...                   29%|████▋           |  ETA: 0:00:02[39m[K
[32mTraining trees...                   33%|█████▎          |  ETA: 0:00:02[39m[K
[32mTraining trees...                   38%|██████▏         |  ETA: 0:00:02[39m[K
[32mTraining trees...                   43%|██████▉         |  ETA: 0:00:02[39m[K
[32mTraining trees...                   48%|███████▋        |  ETA: 0:00:01[39m[K
[32mTraining trees...                   52%|████████▍       |  ETA: 0:00:01[39m[K
[32mTraining trees...                   57%|█████████▏      |  ETA: 0:00:01[39m[K
[32mTraining trees...                   61%|█████████▊      |  ETA: 0:00:01[39m[K
[32mTraining trees...                   66%|██████████▌     |  ETA: 0:00:01[39m[K
[32mTraining trees...                   71%|███████████▍    |  ETA: 0:00:01[39m[K
[32mTraining trees...                   76%|████████████▏   |  ETA: 0:00:01[39m[K
[32mTraining trees...                   81%|█████████████   |  ETA: 0:00:01[39m[K
[32mTraining trees...                   85%|█████████████▋  |  ETA: 0:00:00[39m[K
[32mTraining trees...                   89%|██████████████▎ |  ETA: 0:00:00[39m[K
[32mTraining trees...                   93%|██████████████▉ |  ETA: 0:00:00[39m[K
[32mTraining trees...                   97%|███████████████▌|  ETA: 0:00:00[39m[K
[32mTraining trees...                  100%|████████████████| Time: 0:00:02[39m[K
[32mTraining trees...                  100%|████████████████| Time: 0:00:02[39m[K
[?25hTrain accuracy: 0.91803125
Test accuracy: 0.922875
Number of nodes: 3
Student reward: -134.38
Iteration 20/20
Training student with 40000 points
[?25l
[32mTraining trees...                    0%|                |  ETA: N/A[39m[K
[32mTraining trees...                    3%|▌               |  ETA: 0:00:04[39m[K
[32mTraining trees...                    6%|█               |  ETA: 0:00:03[39m[K
[32mTraining trees...                   10%|█▋              |  ETA: 0:00:03[39m[K
[32mTraining trees...                   14%|██▎             |  ETA: 0:00:03[39m[K
[32mTraining trees...                   18%|██▉             |  ETA: 0:00:03[39m[K
[32mTraining trees...                   22%|███▌            |  ETA: 0:00:02[39m[K
[32mTraining trees...                   26%|████▏           |  ETA: 0:00:02[39m[K
[32mTraining trees...                   30%|████▊           |  ETA: 0:00:02[39m[K
[32mTraining trees...                   34%|█████▌          |  ETA: 0:00:02[39m[K
[32mTraining trees...                   38%|██████▏         |  ETA: 0:00:02[39m[K
[32mTraining trees...                   42%|██████▊         |  ETA: 0:00:02[39m[K
[32mTraining trees...                   46%|███████▍        |  ETA: 0:00:02[39m[K
[32mTraining trees...                   50%|████████        |  ETA: 0:00:01[39m[K
[32mTraining trees...                   54%|████████▋       |  ETA: 0:00:01[39m[K
[32mTraining trees...                   58%|█████████▎      |  ETA: 0:00:01[39m[K
[32mTraining trees...                   62%|█████████▉      |  ETA: 0:00:01[39m[K
[32mTraining trees...                   66%|██████████▌     |  ETA: 0:00:01[39m[K
[32mTraining trees...                   70%|███████████▎    |  ETA: 0:00:01[39m[K
[32mTraining trees...                   74%|███████████▉    |  ETA: 0:00:01[39m[K
[32mTraining trees...                   78%|████████████▌   |  ETA: 0:00:01[39m[K
[32mTraining trees...                   82%|█████████████▏  |  ETA: 0:00:01[39m[K
[32mTraining trees...                   86%|█████████████▊  |  ETA: 0:00:00[39m[K
[32mTraining trees...                   90%|██████████████▍ |  ETA: 0:00:00[39m[K
[32mTraining trees...                   94%|███████████████ |  ETA: 0:00:00[39m[K
[32mTraining trees...                   98%|███████████████▋|  ETA: 0:00:00[39m[K
[32mTraining trees...                  100%|████████████████| Time: 0:00:02[39m[K
[32mTraining trees...                  100%|████████████████| Time: 0:00:02[39m[K
[?25hTrain accuracy: 0.91846875
Test accuracy: 0.919625
Number of nodes: 3
Student reward: -163.1
Initial policy count: 20
Current policy count: 10
Reward update: -128.68 -> -134.3
Reward update: -129.65 -> -140.27
Reward update: -132.7 -> -131.75
Reward update: -133.05 -> -133.08
Reward update: -134.38 -> -132.56
Reward update: -134.4 -> -132.42
Reward update: -134.52 -> -135.16
Reward update: -135.79 -> -131.22
Reward update: -136.69 -> -136.07
Reward update: -138.63 -> -125.56
Current policy count: 5
Reward update: -125.56 -> -132.38
Reward update: -131.22 -> -139.58
Reward update: -131.75 -> -131.67
Reward update: -132.42 -> -138.77
Reward update: -132.56 -> -136.48
Current policy count: 3
Reward update: -131.67 -> -134.26
Reward update: -132.38 -> -127.73
Reward update: -136.48 -> -137.14
Current policy count: 2
Reward update: -127.73 -> -142.26
Reward update: -134.26 -> -135.22
Current policy count: 1
Reward update: -135.22 -> -140.14
Training Behavioral Cloning tree with 26736 points
[?25l
[32mTraining trees...                    0%|                |  ETA: N/A[39m[K
[32mTraining trees...                    5%|▊               |  ETA: 0:00:02[39m[K
[32mTraining trees...                   10%|█▋              |  ETA: 0:00:02[39m[K
[32mTraining trees...                   15%|██▍             |  ETA: 0:00:02[39m[K
[32mTraining trees...                   20%|███▎            |  ETA: 0:00:02[39m[K
[32mTraining trees...                   25%|████            |  ETA: 0:00:02[39m[K
[32mTraining trees...                   30%|████▊           |  ETA: 0:00:02[39m[K
[32mTraining trees...                   35%|█████▋          |  ETA: 0:00:01[39m[K
[32mTraining trees...                   40%|██████▍         |  ETA: 0:00:01[39m[K
[32mTraining trees...                   45%|███████▎        |  ETA: 0:00:01[39m[K
[32mTraining trees...                   50%|████████        |  ETA: 0:00:01[39m[K
[32mTraining trees...                   55%|████████▊       |  ETA: 0:00:01[39m[K
[32mTraining trees...                   60%|█████████▋      |  ETA: 0:00:01[39m[K
[32mTraining trees...                   65%|██████████▍     |  ETA: 0:00:01[39m[K
[32mTraining trees...                   70%|███████████▎    |  ETA: 0:00:01[39m[K
[32mTraining trees...                   74%|███████████▉    |  ETA: 0:00:01[39m[K
[32mTraining trees...                   79%|████████████▋   |  ETA: 0:00:00[39m[K
[32mTraining trees...                   84%|█████████████▌  |  ETA: 0:00:00[39m[K
[32mTraining trees...                   89%|██████████████▎ |  ETA: 0:00:00[39m[K
[32mTraining trees...                   94%|███████████████ |  ETA: 0:00:00[39m[K
[32mTraining trees...                   99%|███████████████▉|  ETA: 0:00:00[39m[K
[32mTraining trees...                  100%|████████████████| Time: 0:00:02[39m[K
[32mTraining trees...                  100%|████████████████| Time: 0:00:02[39m[K
[?25hTrain accuracy: 0.9065363755376847
Test accuracy: 0.9029543754674645
Number of nodes: 3
getting 200 rollouts
Oracle average: -136.38 with std: 23.60
Student avg: -137.37 with std 33.45. Difference = 0.99 and min = -183.00. Match score = 0.83
Bc avg: -132.41 with std 33.75. Difference = -3.97 and min = -185.00. Match score = 0.82
Simple avg: -119.39 with std 3.78. Difference = -16.99 and min = -125.00. Match score = 0.24
Student fidelity in oracle trace 0.90
Bc fidelity in oracle trace 0.90
Simple fidelity in oracle trace 0.88
Student expected depth of decision 1.00
Bc expected depth of decision 1.00
Simple expected depth of decision 0.00
Student expected uniqueness ratio 1.00
Bc expected uniqueness ratio 1.00
Simple expected uniqueness ratio 0.00
Student decision nodes used: 3
Bc decision nodes used: 3
Simple decision nodes used: 0
Student completeness ratio: 1.00
Bc completeness ratio: 1.00
Simple completeness ratio: 1.00
Student has importance score 0.00
Bc has importance score 0.00
Simple has importance score 0.00
Student has 0.00 insignificant splits
Bc has 0.00 insignificant splits
Simple has 0.00 insignificant splits
Student had 0.50 unique features in each path
Bc had 0.50 unique features in each path
Simple had 1.00 unique features in each path
Student could prune 0.00 of nodes without reducing performance
Bc could prune 0.00 of nodes without reducing performance
Simple couldn't prune
Student has no repeating features
Bc has no repeating features
Simple has an average standard deviation of 0.00 among repeating features (max 0.00, min 0.00)
Student has no repeating features
Bc has no repeating features
Simple has an average standard deviation of 0.00 among repeating features in a path (max 0.00, min 0.00)
None
./scripts/run_docker.sh: line 22: kill: (17035) - No such process
