Executing in the docker (cpu image):
python -m src.main --optimal_tree --env_name MountainCar-v0 --max_depth 2 --cp 0.5 --student_path _depth_2 --bc_path _depth_2
WARNING: Published ports are discarded when using host network mode
+ display=2
+ export DISPLAY=:2
+ DISPLAY=:2
+ Xvfb :2 -screen 0 1024x768x24
+ file=/tmp/.X11-unix/X2
+ sleep 1
++ seq 1 10
+ for i in $(seq 1 10)
+ '[' -e /tmp/.X11-unix/X2 ']'
+ break
+ '[' -e /tmp/.X11-unix/X2 ']'
+ exec bash -c 'cd /root/code/rl_zoo/ && python -m src.main --optimal_tree --env_name MountainCar-v0 --max_depth 2 --cp 0.5 --student_path _depth_2 --bc_path _depth_2'
/usr/local/lib/python3.5/site-packages/tensorflow/python/framework/dtypes.py:519: FutureWarning: Passing (type, 1) or '1type' as a synonym of type is deprecated; in a future version of numpy, it will be understood as (type, (1,)) / '(1,)type'.
  _np_qint8 = np.dtype([("qint8", np.int8, 1)])
/usr/local/lib/python3.5/site-packages/tensorflow/python/framework/dtypes.py:520: FutureWarning: Passing (type, 1) or '1type' as a synonym of type is deprecated; in a future version of numpy, it will be understood as (type, (1,)) / '(1,)type'.
  _np_quint8 = np.dtype([("quint8", np.uint8, 1)])
/usr/local/lib/python3.5/site-packages/tensorflow/python/framework/dtypes.py:521: FutureWarning: Passing (type, 1) or '1type' as a synonym of type is deprecated; in a future version of numpy, it will be understood as (type, (1,)) / '(1,)type'.
  _np_qint16 = np.dtype([("qint16", np.int16, 1)])
/usr/local/lib/python3.5/site-packages/tensorflow/python/framework/dtypes.py:522: FutureWarning: Passing (type, 1) or '1type' as a synonym of type is deprecated; in a future version of numpy, it will be understood as (type, (1,)) / '(1,)type'.
  _np_quint16 = np.dtype([("quint16", np.uint16, 1)])
/usr/local/lib/python3.5/site-packages/tensorflow/python/framework/dtypes.py:523: FutureWarning: Passing (type, 1) or '1type' as a synonym of type is deprecated; in a future version of numpy, it will be understood as (type, (1,)) / '(1,)type'.
  _np_qint32 = np.dtype([("qint32", np.int32, 1)])
/usr/local/lib/python3.5/site-packages/tensorflow/python/framework/dtypes.py:528: FutureWarning: Passing (type, 1) or '1type' as a synonym of type is deprecated; in a future version of numpy, it will be understood as (type, (1,)) / '(1,)type'.
  np_resource = np.dtype([("resource", np.ubyte, 1)])
DQN/MountainCar-v0.pkl
Loading a model without an environment, this model cannot be trained until it has a valid environment.
Iteration 1/20
Training student with 13848 points
[?25l
[32mTraining trees...                    0%|                |  ETA: N/A[39m[K
[32mTraining trees...                   50%|████████        |  ETA: 0:00:01[39m[K
[32mTraining trees...                   97%|███████████████▌|  ETA: 0:00:00[39m[K
[32mTraining trees...                  100%|████████████████| Time: 0:00:01[39m[K
[32mTraining trees...                  100%|████████████████| Time: 0:00:01[39m[K
[?25hTrain accuracy: 0.969759884455678
Test accuracy: 0.9703971119133574
Number of nodes: 3
Student reward: -143.12
Iteration 2/20
Training student with 28160 points
[?25l
[32mTraining trees...                    0%|                |  ETA: N/A[39m[K
[32mTraining trees...                    4%|▋               |  ETA: 0:00:03[39m[K
[32mTraining trees...                    8%|█▎              |  ETA: 0:00:03[39m[K
[32mTraining trees...                   12%|█▉              |  ETA: 0:00:02[39m[K
[32mTraining trees...                   16%|██▌             |  ETA: 0:00:02[39m[K
[32mTraining trees...                   20%|███▎            |  ETA: 0:00:02[39m[K
[32mTraining trees...                   24%|███▉            |  ETA: 0:00:02[39m[K
[32mTraining trees...                   28%|████▌           |  ETA: 0:00:02[39m[K
[32mTraining trees...                   32%|█████▏          |  ETA: 0:00:02[39m[K
[32mTraining trees...                   36%|█████▊          |  ETA: 0:00:02[39m[K
[32mTraining trees...                   40%|██████▍         |  ETA: 0:00:02[39m[K
[32mTraining trees...                   44%|███████         |  ETA: 0:00:02[39m[K
[32mTraining trees...                   48%|███████▋        |  ETA: 0:00:01[39m[K
[32mTraining trees...                   52%|████████▍       |  ETA: 0:00:01[39m[K
[32mTraining trees...                   56%|█████████       |  ETA: 0:00:01[39m[K
[32mTraining trees...                   60%|█████████▋      |  ETA: 0:00:01[39m[K
[32mTraining trees...                   64%|██████████▎     |  ETA: 0:00:01[39m[K
[32mTraining trees...                   68%|██████████▉     |  ETA: 0:00:01[39m[K
[32mTraining trees...                   72%|███████████▌    |  ETA: 0:00:01[39m[K
[32mTraining trees...                   76%|████████████▏   |  ETA: 0:00:01[39m[K
[32mTraining trees...                   80%|████████████▊   |  ETA: 0:00:01[39m[K
[32mTraining trees...                   84%|█████████████▌  |  ETA: 0:00:00[39m[K
[32mTraining trees...                   88%|██████████████▏ |  ETA: 0:00:00[39m[K
[32mTraining trees...                   92%|██████████████▊ |  ETA: 0:00:00[39m[K
[32mTraining trees...                   96%|███████████████▍|  ETA: 0:00:00[39m[K
[32mTraining trees...                  100%|████████████████| Time: 0:00:02[39m[K
[32mTraining trees...                  100%|████████████████| Time: 0:00:02[39m[K
[?25hTrain accuracy: 0.9436257102272727
Test accuracy: 0.9392755681818182
Number of nodes: 3
Student reward: -133.8
Iteration 3/20
Training student with 40000 points
[?25l
[32mTraining trees...                    0%|                |  ETA: N/A[39m[K
[32mTraining trees...                    3%|▌               |  ETA: 0:00:04[39m[K
[32mTraining trees...                    6%|█               |  ETA: 0:00:04[39m[K
[32mTraining trees...                    9%|█▌              |  ETA: 0:00:04[39m[K
[32mTraining trees...                   12%|█▉              |  ETA: 0:00:04[39m[K
[32mTraining trees...                   15%|██▍             |  ETA: 0:00:04[39m[K
[32mTraining trees...                   18%|██▉             |  ETA: 0:00:03[39m[K
[32mTraining trees...                   21%|███▍            |  ETA: 0:00:03[39m[K
[32mTraining trees...                   24%|███▉            |  ETA: 0:00:03[39m[K
[32mTraining trees...                   27%|████▍           |  ETA: 0:00:03[39m[K
[32mTraining trees...                   30%|████▊           |  ETA: 0:00:03[39m[K
[32mTraining trees...                   33%|█████▎          |  ETA: 0:00:03[39m[K
[32mTraining trees...                   36%|█████▊          |  ETA: 0:00:03[39m[K
[32mTraining trees...                   39%|██████▎         |  ETA: 0:00:03[39m[K
[32mTraining trees...                   42%|██████▊         |  ETA: 0:00:02[39m[K
[32mTraining trees...                   45%|███████▎        |  ETA: 0:00:02[39m[K
[32mTraining trees...                   48%|███████▋        |  ETA: 0:00:02[39m[K
[32mTraining trees...                   51%|████████▏       |  ETA: 0:00:02[39m[K
[32mTraining trees...                   54%|████████▋       |  ETA: 0:00:02[39m[K
[32mTraining trees...                   57%|█████████▏      |  ETA: 0:00:02[39m[K
[32mTraining trees...                   60%|█████████▋      |  ETA: 0:00:02[39m[K
[32mTraining trees...                   63%|██████████▏     |  ETA: 0:00:02[39m[K
[32mTraining trees...                   66%|██████████▌     |  ETA: 0:00:01[39m[K
[32mTraining trees...                   69%|███████████     |  ETA: 0:00:01[39m[K
[32mTraining trees...                   72%|███████████▌    |  ETA: 0:00:01[39m[K
[32mTraining trees...                   75%|████████████    |  ETA: 0:00:01[39m[K
[32mTraining trees...                   78%|████████████▌   |  ETA: 0:00:01[39m[K
[32mTraining trees...                   81%|█████████████   |  ETA: 0:00:01[39m[K
[32mTraining trees...                   84%|█████████████▌  |  ETA: 0:00:01[39m[K
[32mTraining trees...                   87%|█████████████▉  |  ETA: 0:00:01[39m[K
[32mTraining trees...                   90%|██████████████▍ |  ETA: 0:00:00[39m[K
[32mTraining trees...                   93%|██████████████▉ |  ETA: 0:00:00[39m[K
[32mTraining trees...                   96%|███████████████▍|  ETA: 0:00:00[39m[K
[32mTraining trees...                   99%|███████████████▉|  ETA: 0:00:00[39m[K
[32mTraining trees...                  100%|████████████████| Time: 0:00:04[39m[K
[32mTraining trees...                  100%|████████████████| Time: 0:00:04[39m[K
[?25hTrain accuracy: 0.93840625
Test accuracy: 0.934625
Number of nodes: 3
Student reward: -160.1
Iteration 4/20
Training student with 40000 points
[?25l
[32mTraining trees...                    0%|                |  ETA: N/A[39m[K
[32mTraining trees...                    3%|▌               |  ETA: 0:00:04[39m[K
[32mTraining trees...                    6%|█               |  ETA: 0:00:04[39m[K
[32mTraining trees...                    9%|█▌              |  ETA: 0:00:04[39m[K
[32mTraining trees...                   12%|█▉              |  ETA: 0:00:04[39m[K
[32mTraining trees...                   15%|██▍             |  ETA: 0:00:04[39m[K
[32mTraining trees...                   18%|██▉             |  ETA: 0:00:03[39m[K
[32mTraining trees...                   21%|███▍            |  ETA: 0:00:03[39m[K
[32mTraining trees...                   24%|███▉            |  ETA: 0:00:03[39m[K
[32mTraining trees...                   27%|████▍           |  ETA: 0:00:03[39m[K
[32mTraining trees...                   30%|████▊           |  ETA: 0:00:03[39m[K
[32mTraining trees...                   33%|█████▎          |  ETA: 0:00:03[39m[K
[32mTraining trees...                   36%|█████▊          |  ETA: 0:00:03[39m[K
[32mTraining trees...                   39%|██████▎         |  ETA: 0:00:03[39m[K
[32mTraining trees...                   42%|██████▊         |  ETA: 0:00:02[39m[K
[32mTraining trees...                   45%|███████▎        |  ETA: 0:00:02[39m[K
[32mTraining trees...                   48%|███████▋        |  ETA: 0:00:02[39m[K
[32mTraining trees...                   51%|████████▏       |  ETA: 0:00:02[39m[K
[32mTraining trees...                   54%|████████▋       |  ETA: 0:00:02[39m[K
[32mTraining trees...                   57%|█████████▏      |  ETA: 0:00:02[39m[K
[32mTraining trees...                   60%|█████████▋      |  ETA: 0:00:02[39m[K
[32mTraining trees...                   63%|██████████▏     |  ETA: 0:00:02[39m[K
[32mTraining trees...                   66%|██████████▌     |  ETA: 0:00:01[39m[K
[32mTraining trees...                   69%|███████████     |  ETA: 0:00:01[39m[K
[32mTraining trees...                   72%|███████████▌    |  ETA: 0:00:01[39m[K
[32mTraining trees...                   75%|████████████    |  ETA: 0:00:01[39m[K
[32mTraining trees...                   78%|████████████▌   |  ETA: 0:00:01[39m[K
[32mTraining trees...                   81%|█████████████   |  ETA: 0:00:01[39m[K
[32mTraining trees...                   84%|█████████████▌  |  ETA: 0:00:01[39m[K
[32mTraining trees...                   87%|█████████████▉  |  ETA: 0:00:01[39m[K
[32mTraining trees...                   90%|██████████████▍ |  ETA: 0:00:00[39m[K
[32mTraining trees...                   93%|██████████████▉ |  ETA: 0:00:00[39m[K
[32mTraining trees...                   96%|███████████████▍|  ETA: 0:00:00[39m[K
[32mTraining trees...                   99%|███████████████▉|  ETA: 0:00:00[39m[K
[32mTraining trees...                  100%|████████████████| Time: 0:00:04[39m[K
[32mTraining trees...                  100%|████████████████| Time: 0:00:04[39m[K
[?25hTrain accuracy: 0.92915625
Test accuracy: 0.9355
Number of nodes: 3
Student reward: -137.39
Iteration 5/20
Training student with 40000 points
[?25l
[32mTraining trees...                    0%|                |  ETA: N/A[39m[K
[32mTraining trees...                    3%|▌               |  ETA: 0:00:04[39m[K
[32mTraining trees...                    6%|█               |  ETA: 0:00:04[39m[K
[32mTraining trees...                    9%|█▌              |  ETA: 0:00:04[39m[K
[32mTraining trees...                   12%|█▉              |  ETA: 0:00:04[39m[K
[32mTraining trees...                   15%|██▍             |  ETA: 0:00:03[39m[K
[32mTraining trees...                   18%|██▉             |  ETA: 0:00:03[39m[K
[32mTraining trees...                   21%|███▍            |  ETA: 0:00:03[39m[K
[32mTraining trees...                   24%|███▉            |  ETA: 0:00:03[39m[K
[32mTraining trees...                   27%|████▍           |  ETA: 0:00:03[39m[K
[32mTraining trees...                   30%|████▊           |  ETA: 0:00:03[39m[K
[32mTraining trees...                   33%|█████▎          |  ETA: 0:00:03[39m[K
[32mTraining trees...                   36%|█████▊          |  ETA: 0:00:03[39m[K
[32mTraining trees...                   39%|██████▎         |  ETA: 0:00:02[39m[K
[32mTraining trees...                   42%|██████▊         |  ETA: 0:00:02[39m[K
[32mTraining trees...                   45%|███████▎        |  ETA: 0:00:02[39m[K
[32mTraining trees...                   48%|███████▋        |  ETA: 0:00:02[39m[K
[32mTraining trees...                   51%|████████▏       |  ETA: 0:00:02[39m[K
[32mTraining trees...                   54%|████████▋       |  ETA: 0:00:02[39m[K
[32mTraining trees...                   57%|█████████▏      |  ETA: 0:00:02[39m[K
[32mTraining trees...                   60%|█████████▋      |  ETA: 0:00:02[39m[K
[32mTraining trees...                   63%|██████████▏     |  ETA: 0:00:02[39m[K
[32mTraining trees...                   66%|██████████▌     |  ETA: 0:00:01[39m[K
[32mTraining trees...                   69%|███████████     |  ETA: 0:00:01[39m[K
[32mTraining trees...                   72%|███████████▌    |  ETA: 0:00:01[39m[K
[32mTraining trees...                   75%|████████████    |  ETA: 0:00:01[39m[K
[32mTraining trees...                   78%|████████████▌   |  ETA: 0:00:01[39m[K
[32mTraining trees...                   81%|█████████████   |  ETA: 0:00:01[39m[K
[32mTraining trees...                   84%|█████████████▌  |  ETA: 0:00:01[39m[K
[32mTraining trees...                   87%|█████████████▉  |  ETA: 0:00:01[39m[K
[32mTraining trees...                   90%|██████████████▍ |  ETA: 0:00:00[39m[K
[32mTraining trees...                   93%|██████████████▉ |  ETA: 0:00:00[39m[K
[32mTraining trees...                   96%|███████████████▍|  ETA: 0:00:00[39m[K
[32mTraining trees...                   99%|███████████████▉|  ETA: 0:00:00[39m[K
[32mTraining trees...                  100%|████████████████| Time: 0:00:04[39m[K
[32mTraining trees...                  100%|████████████████| Time: 0:00:04[39m[K
[?25hTrain accuracy: 0.928
Test accuracy: 0.93125
Number of nodes: 3
Student reward: -137.17
Iteration 6/20
Training student with 40000 points
[?25l
[32mTraining trees...                    0%|                |  ETA: N/A[39m[K
[32mTraining trees...                    3%|▌               |  ETA: 0:00:04[39m[K
[32mTraining trees...                    6%|█               |  ETA: 0:00:04[39m[K
[32mTraining trees...                    9%|█▌              |  ETA: 0:00:04[39m[K
[32mTraining trees...                   12%|█▉              |  ETA: 0:00:04[39m[K
[32mTraining trees...                   15%|██▍             |  ETA: 0:00:04[39m[K
[32mTraining trees...                   18%|██▉             |  ETA: 0:00:04[39m[K
[32mTraining trees...                   21%|███▍            |  ETA: 0:00:03[39m[K
[32mTraining trees...                   24%|███▉            |  ETA: 0:00:03[39m[K
[32mTraining trees...                   27%|████▍           |  ETA: 0:00:03[39m[K
[32mTraining trees...                   30%|████▊           |  ETA: 0:00:03[39m[K
[32mTraining trees...                   33%|█████▎          |  ETA: 0:00:03[39m[K
[32mTraining trees...                   36%|█████▊          |  ETA: 0:00:03[39m[K
[32mTraining trees...                   39%|██████▎         |  ETA: 0:00:03[39m[K
[32mTraining trees...                   42%|██████▊         |  ETA: 0:00:02[39m[K
[32mTraining trees...                   45%|███████▎        |  ETA: 0:00:02[39m[K
[32mTraining trees...                   48%|███████▋        |  ETA: 0:00:02[39m[K
[32mTraining trees...                   51%|████████▏       |  ETA: 0:00:02[39m[K
[32mTraining trees...                   54%|████████▋       |  ETA: 0:00:02[39m[K
[32mTraining trees...                   57%|█████████▏      |  ETA: 0:00:02[39m[K
[32mTraining trees...                   60%|█████████▋      |  ETA: 0:00:02[39m[K
[32mTraining trees...                   63%|██████████▏     |  ETA: 0:00:02[39m[K
[32mTraining trees...                   66%|██████████▌     |  ETA: 0:00:01[39m[K
[32mTraining trees...                   69%|███████████     |  ETA: 0:00:01[39m[K
[32mTraining trees...                   72%|███████████▌    |  ETA: 0:00:01[39m[K
[32mTraining trees...                   75%|████████████    |  ETA: 0:00:01[39m[K
[32mTraining trees...                   78%|████████████▌   |  ETA: 0:00:01[39m[K
[32mTraining trees...                   81%|█████████████   |  ETA: 0:00:01[39m[K
[32mTraining trees...                   84%|█████████████▌  |  ETA: 0:00:01[39m[K
[32mTraining trees...                   87%|█████████████▉  |  ETA: 0:00:01[39m[K
[32mTraining trees...                   90%|██████████████▍ |  ETA: 0:00:00[39m[K
[32mTraining trees...                   93%|██████████████▉ |  ETA: 0:00:00[39m[K
[32mTraining trees...                   96%|███████████████▍|  ETA: 0:00:00[39m[K
[32mTraining trees...                   99%|███████████████▉|  ETA: 0:00:00[39m[K
[32mTraining trees...                  100%|████████████████| Time: 0:00:04[39m[K
[32mTraining trees...                  100%|████████████████| Time: 0:00:04[39m[K
[?25hTrain accuracy: 0.92746875
Test accuracy: 0.931625
Number of nodes: 3
Student reward: -152.46
Iteration 7/20
Training student with 40000 points
[?25l
[32mTraining trees...                    0%|                |  ETA: N/A[39m[K
[32mTraining trees...                    3%|▌               |  ETA: 0:00:04[39m[K
[32mTraining trees...                    6%|█               |  ETA: 0:00:04[39m[K
[32mTraining trees...                    9%|█▌              |  ETA: 0:00:04[39m[K
[32mTraining trees...                   12%|█▉              |  ETA: 0:00:04[39m[K
[32mTraining trees...                   15%|██▍             |  ETA: 0:00:03[39m[K
[32mTraining trees...                   18%|██▉             |  ETA: 0:00:03[39m[K
[32mTraining trees...                   21%|███▍            |  ETA: 0:00:03[39m[K
[32mTraining trees...                   24%|███▉            |  ETA: 0:00:03[39m[K
[32mTraining trees...                   27%|████▍           |  ETA: 0:00:03[39m[K
[32mTraining trees...                   30%|████▊           |  ETA: 0:00:03[39m[K
[32mTraining trees...                   33%|█████▎          |  ETA: 0:00:03[39m[K
[32mTraining trees...                   36%|█████▊          |  ETA: 0:00:03[39m[K
[32mTraining trees...                   39%|██████▎         |  ETA: 0:00:02[39m[K
[32mTraining trees...                   42%|██████▊         |  ETA: 0:00:02[39m[K
[32mTraining trees...                   45%|███████▎        |  ETA: 0:00:02[39m[K
[32mTraining trees...                   48%|███████▋        |  ETA: 0:00:02[39m[K
[32mTraining trees...                   51%|████████▏       |  ETA: 0:00:02[39m[K
[32mTraining trees...                   54%|████████▋       |  ETA: 0:00:02[39m[K
[32mTraining trees...                   57%|█████████▏      |  ETA: 0:00:02[39m[K
[32mTraining trees...                   60%|█████████▋      |  ETA: 0:00:02[39m[K
[32mTraining trees...                   63%|██████████▏     |  ETA: 0:00:02[39m[K
[32mTraining trees...                   66%|██████████▌     |  ETA: 0:00:01[39m[K
[32mTraining trees...                   69%|███████████     |  ETA: 0:00:01[39m[K
[32mTraining trees...                   72%|███████████▌    |  ETA: 0:00:01[39m[K
[32mTraining trees...                   75%|████████████    |  ETA: 0:00:01[39m[K
[32mTraining trees...                   78%|████████████▌   |  ETA: 0:00:01[39m[K
[32mTraining trees...                   81%|█████████████   |  ETA: 0:00:01[39m[K
[32mTraining trees...                   84%|█████████████▌  |  ETA: 0:00:01[39m[K
[32mTraining trees...                   87%|█████████████▉  |  ETA: 0:00:01[39m[K
[32mTraining trees...                   90%|██████████████▍ |  ETA: 0:00:00[39m[K
[32mTraining trees...                   93%|██████████████▉ |  ETA: 0:00:00[39m[K
[32mTraining trees...                   96%|███████████████▍|  ETA: 0:00:00[39m[K
[32mTraining trees...                   99%|███████████████▉|  ETA: 0:00:00[39m[K
[32mTraining trees...                  100%|████████████████| Time: 0:00:04[39m[K
[32mTraining trees...                  100%|████████████████| Time: 0:00:04[39m[K
[?25hTrain accuracy: 0.92128125
Test accuracy: 0.925625
Number of nodes: 3
Student reward: -145.65
Iteration 8/20
Training student with 40000 points
[?25l
[32mTraining trees...                    0%|                |  ETA: N/A[39m[K
[32mTraining trees...                    3%|▌               |  ETA: 0:00:04[39m[K
[32mTraining trees...                    6%|█               |  ETA: 0:00:04[39m[K
[32mTraining trees...                    9%|█▌              |  ETA: 0:00:04[39m[K
[32mTraining trees...                   12%|█▉              |  ETA: 0:00:04[39m[K
[32mTraining trees...                   15%|██▍             |  ETA: 0:00:03[39m[K
[32mTraining trees...                   18%|██▉             |  ETA: 0:00:03[39m[K
[32mTraining trees...                   21%|███▍            |  ETA: 0:00:03[39m[K
[32mTraining trees...                   24%|███▉            |  ETA: 0:00:03[39m[K
[32mTraining trees...                   27%|████▍           |  ETA: 0:00:03[39m[K
[32mTraining trees...                   30%|████▊           |  ETA: 0:00:03[39m[K
[32mTraining trees...                   33%|█████▎          |  ETA: 0:00:03[39m[K
[32mTraining trees...                   36%|█████▊          |  ETA: 0:00:03[39m[K
[32mTraining trees...                   39%|██████▎         |  ETA: 0:00:02[39m[K
[32mTraining trees...                   42%|██████▊         |  ETA: 0:00:02[39m[K
[32mTraining trees...                   45%|███████▎        |  ETA: 0:00:02[39m[K
[32mTraining trees...                   48%|███████▋        |  ETA: 0:00:02[39m[K
[32mTraining trees...                   51%|████████▏       |  ETA: 0:00:02[39m[K
[32mTraining trees...                   54%|████████▋       |  ETA: 0:00:02[39m[K
[32mTraining trees...                   57%|█████████▏      |  ETA: 0:00:02[39m[K
[32mTraining trees...                   60%|█████████▋      |  ETA: 0:00:02[39m[K
[32mTraining trees...                   63%|██████████▏     |  ETA: 0:00:02[39m[K
[32mTraining trees...                   66%|██████████▌     |  ETA: 0:00:01[39m[K
[32mTraining trees...                   69%|███████████     |  ETA: 0:00:01[39m[K
[32mTraining trees...                   72%|███████████▌    |  ETA: 0:00:01[39m[K
[32mTraining trees...                   75%|████████████    |  ETA: 0:00:01[39m[K
[32mTraining trees...                   78%|████████████▌   |  ETA: 0:00:01[39m[K
[32mTraining trees...                   81%|█████████████   |  ETA: 0:00:01[39m[K
[32mTraining trees...                   84%|█████████████▌  |  ETA: 0:00:01[39m[K
[32mTraining trees...                   87%|█████████████▉  |  ETA: 0:00:01[39m[K
[32mTraining trees...                   90%|██████████████▍ |  ETA: 0:00:00[39m[K
[32mTraining trees...                   93%|██████████████▉ |  ETA: 0:00:00[39m[K
[32mTraining trees...                   96%|███████████████▍|  ETA: 0:00:00[39m[K
[32mTraining trees...                   99%|███████████████▉|  ETA: 0:00:00[39m[K
[32mTraining trees...                  100%|████████████████| Time: 0:00:04[39m[K
[32mTraining trees...                  100%|████████████████| Time: 0:00:04[39m[K
[?25hTrain accuracy: 0.9229375
Test accuracy: 0.92075
Number of nodes: 3
Student reward: -164.38
Iteration 9/20
Training student with 40000 points
[?25l
[32mTraining trees...                    0%|                |  ETA: N/A[39m[K
[32mTraining trees...                    3%|▌               |  ETA: 0:00:04[39m[K
[32mTraining trees...                    6%|█               |  ETA: 0:00:04[39m[K
[32mTraining trees...                    9%|█▌              |  ETA: 0:00:04[39m[K
[32mTraining trees...                   12%|█▉              |  ETA: 0:00:04[39m[K
[32mTraining trees...                   15%|██▍             |  ETA: 0:00:04[39m[K
[32mTraining trees...                   18%|██▉             |  ETA: 0:00:03[39m[K
[32mTraining trees...                   21%|███▍            |  ETA: 0:00:03[39m[K
[32mTraining trees...                   24%|███▉            |  ETA: 0:00:03[39m[K
[32mTraining trees...                   26%|████▏           |  ETA: 0:00:03[39m[K
[32mTraining trees...                   29%|████▋           |  ETA: 0:00:03[39m[K
[32mTraining trees...                   32%|█████▏          |  ETA: 0:00:03[39m[K
[32mTraining trees...                   35%|█████▋          |  ETA: 0:00:03[39m[K
[32mTraining trees...                   37%|█████▉          |  ETA: 0:00:03[39m[K
[32mTraining trees...                   40%|██████▍         |  ETA: 0:00:03[39m[K
[32mTraining trees...                   43%|██████▉         |  ETA: 0:00:02[39m[K
[32mTraining trees...                   46%|███████▍        |  ETA: 0:00:02[39m[K
[32mTraining trees...                   49%|███████▉        |  ETA: 0:00:02[39m[K
[32mTraining trees...                   52%|████████▍       |  ETA: 0:00:02[39m[K
[32mTraining trees...                   55%|████████▊       |  ETA: 0:00:02[39m[K
[32mTraining trees...                   58%|█████████▎      |  ETA: 0:00:02[39m[K
[32mTraining trees...                   61%|█████████▊      |  ETA: 0:00:02[39m[K
[32mTraining trees...                   64%|██████████▎     |  ETA: 0:00:02[39m[K
[32mTraining trees...                   67%|██████████▊     |  ETA: 0:00:01[39m[K
[32mTraining trees...                   70%|███████████▎    |  ETA: 0:00:01[39m[K
[32mTraining trees...                   73%|███████████▋    |  ETA: 0:00:01[39m[K
[32mTraining trees...                   76%|████████████▏   |  ETA: 0:00:01[39m[K
[32mTraining trees...                   79%|████████████▋   |  ETA: 0:00:01[39m[K
[32mTraining trees...                   82%|█████████████▏  |  ETA: 0:00:01[39m[K
[32mTraining trees...                   85%|█████████████▋  |  ETA: 0:00:01[39m[K
[32mTraining trees...                   88%|██████████████▏ |  ETA: 0:00:01[39m[K
[32mTraining trees...                   91%|██████████████▌ |  ETA: 0:00:00[39m[K
[32mTraining trees...                   94%|███████████████ |  ETA: 0:00:00[39m[K
[32mTraining trees...                   97%|███████████████▌|  ETA: 0:00:00[39m[K
[32mTraining trees...                  100%|████████████████| Time: 0:00:04[39m[K
[32mTraining trees...                  100%|████████████████| Time: 0:00:04[39m[K
[?25hTrain accuracy: 0.92453125
Test accuracy: 0.9265
Number of nodes: 3
Student reward: -130.84
Iteration 10/20
Training student with 40000 points
[?25l
[32mTraining trees...                    0%|                |  ETA: N/A[39m[K
[32mTraining trees...                    3%|▌               |  ETA: 0:00:04[39m[K
[32mTraining trees...                    5%|▊               |  ETA: 0:00:04[39m[K
[32mTraining trees...                    8%|█▎              |  ETA: 0:00:04[39m[K
[32mTraining trees...                   11%|█▊              |  ETA: 0:00:04[39m[K
[32mTraining trees...                   14%|██▎             |  ETA: 0:00:04[39m[K
[32mTraining trees...                   17%|██▊             |  ETA: 0:00:04[39m[K
[32mTraining trees...                   20%|███▎            |  ETA: 0:00:03[39m[K
[32mTraining trees...                   23%|███▋            |  ETA: 0:00:03[39m[K
[32mTraining trees...                   26%|████▏           |  ETA: 0:00:03[39m[K
[32mTraining trees...                   29%|████▋           |  ETA: 0:00:03[39m[K
[32mTraining trees...                   32%|█████▏          |  ETA: 0:00:03[39m[K
[32mTraining trees...                   35%|█████▋          |  ETA: 0:00:03[39m[K
[32mTraining trees...                   38%|██████▏         |  ETA: 0:00:03[39m[K
[32mTraining trees...                   41%|██████▌         |  ETA: 0:00:02[39m[K
[32mTraining trees...                   44%|███████         |  ETA: 0:00:02[39m[K
[32mTraining trees...                   47%|███████▌        |  ETA: 0:00:02[39m[K
[32mTraining trees...                   50%|████████        |  ETA: 0:00:02[39m[K
[32mTraining trees...                   53%|████████▌       |  ETA: 0:00:02[39m[K
[32mTraining trees...                   56%|█████████       |  ETA: 0:00:02[39m[K
[32mTraining trees...                   59%|█████████▌      |  ETA: 0:00:02[39m[K
[32mTraining trees...                   62%|█████████▉      |  ETA: 0:00:02[39m[K
[32mTraining trees...                   65%|██████████▍     |  ETA: 0:00:01[39m[K
[32mTraining trees...                   68%|██████████▉     |  ETA: 0:00:01[39m[K
[32mTraining trees...                   71%|███████████▍    |  ETA: 0:00:01[39m[K
[32mTraining trees...                   74%|███████████▉    |  ETA: 0:00:01[39m[K
[32mTraining trees...                   77%|████████████▍   |  ETA: 0:00:01[39m[K
[32mTraining trees...                   80%|████████████▊   |  ETA: 0:00:01[39m[K
[32mTraining trees...                   83%|█████████████▎  |  ETA: 0:00:01[39m[K
[32mTraining trees...                   86%|█████████████▊  |  ETA: 0:00:01[39m[K
[32mTraining trees...                   89%|██████████████▎ |  ETA: 0:00:00[39m[K
[32mTraining trees...                   92%|██████████████▊ |  ETA: 0:00:00[39m[K
[32mTraining trees...                   95%|███████████████▎|  ETA: 0:00:00[39m[K
[32mTraining trees...                   98%|███████████████▋|  ETA: 0:00:00[39m[K
[32mTraining trees...                  100%|████████████████| Time: 0:00:03[39m[K
[32mTraining trees...                  100%|████████████████| Time: 0:00:03[39m[K
[?25hTrain accuracy: 0.92178125
Test accuracy: 0.9235
Number of nodes: 3
Student reward: -130.95
Iteration 11/20
Training student with 40000 points
[?25l
[32mTraining trees...                    0%|                |  ETA: N/A[39m[K
[32mTraining trees...                    3%|▌               |  ETA: 0:00:04[39m[K
[32mTraining trees...                    6%|█               |  ETA: 0:00:04[39m[K
[32mTraining trees...                    9%|█▌              |  ETA: 0:00:04[39m[K
[32mTraining trees...                   12%|█▉              |  ETA: 0:00:04[39m[K
[32mTraining trees...                   15%|██▍             |  ETA: 0:00:04[39m[K
[32mTraining trees...                   18%|██▉             |  ETA: 0:00:03[39m[K
[32mTraining trees...                   21%|███▍            |  ETA: 0:00:03[39m[K
[32mTraining trees...                   24%|███▉            |  ETA: 0:00:03[39m[K
[32mTraining trees...                   27%|████▍           |  ETA: 0:00:03[39m[K
[32mTraining trees...                   30%|████▊           |  ETA: 0:00:03[39m[K
[32mTraining trees...                   33%|█████▎          |  ETA: 0:00:03[39m[K
[32mTraining trees...                   36%|█████▊          |  ETA: 0:00:03[39m[K
[32mTraining trees...                   39%|██████▎         |  ETA: 0:00:02[39m[K
[32mTraining trees...                   42%|██████▊         |  ETA: 0:00:02[39m[K
[32mTraining trees...                   45%|███████▎        |  ETA: 0:00:02[39m[K
[32mTraining trees...                   48%|███████▋        |  ETA: 0:00:02[39m[K
[32mTraining trees...                   51%|████████▏       |  ETA: 0:00:02[39m[K
[32mTraining trees...                   54%|████████▋       |  ETA: 0:00:02[39m[K
[32mTraining trees...                   57%|█████████▏      |  ETA: 0:00:02[39m[K
[32mTraining trees...                   60%|█████████▋      |  ETA: 0:00:02[39m[K
[32mTraining trees...                   63%|██████████▏     |  ETA: 0:00:01[39m[K
[32mTraining trees...                   66%|██████████▌     |  ETA: 0:00:01[39m[K
[32mTraining trees...                   69%|███████████     |  ETA: 0:00:01[39m[K
[32mTraining trees...                   72%|███████████▌    |  ETA: 0:00:01[39m[K
[32mTraining trees...                   75%|████████████    |  ETA: 0:00:01[39m[K
[32mTraining trees...                   78%|████████████▌   |  ETA: 0:00:01[39m[K
[32mTraining trees...                   81%|█████████████   |  ETA: 0:00:01[39m[K
[32mTraining trees...                   84%|█████████████▌  |  ETA: 0:00:01[39m[K
[32mTraining trees...                   87%|█████████████▉  |  ETA: 0:00:01[39m[K
[32mTraining trees...                   90%|██████████████▍ |  ETA: 0:00:00[39m[K
[32mTraining trees...                   93%|██████████████▉ |  ETA: 0:00:00[39m[K
[32mTraining trees...                   96%|███████████████▍|  ETA: 0:00:00[39m[K
[32mTraining trees...                   99%|███████████████▉|  ETA: 0:00:00[39m[K
[32mTraining trees...                  100%|████████████████| Time: 0:00:04[39m[K
[32mTraining trees...                  100%|████████████████| Time: 0:00:04[39m[K
[?25hTrain accuracy: 0.9215625
Test accuracy: 0.916375
Number of nodes: 3
Student reward: -139.1
Iteration 12/20
Training student with 40000 points
[?25l
[32mTraining trees...                    0%|                |  ETA: N/A[39m[K
[32mTraining trees...                    3%|▌               |  ETA: 0:00:05[39m[K
[32mTraining trees...                    6%|█               |  ETA: 0:00:05[39m[K
[32mTraining trees...                    9%|█▌              |  ETA: 0:00:04[39m[K
[32mTraining trees...                   11%|█▊              |  ETA: 0:00:04[39m[K
[32mTraining trees...                   14%|██▎             |  ETA: 0:00:04[39m[K
[32mTraining trees...                   17%|██▊             |  ETA: 0:00:04[39m[K
[32mTraining trees...                   20%|███▎            |  ETA: 0:00:04[39m[K
[32mTraining trees...                   22%|███▌            |  ETA: 0:00:04[39m[K
[32mTraining trees...                   24%|███▉            |  ETA: 0:00:04[39m[K
[32mTraining trees...                   27%|████▍           |  ETA: 0:00:04[39m[K
[32mTraining trees...                   30%|████▊           |  ETA: 0:00:03[39m[K
[32mTraining trees...                   32%|█████▏          |  ETA: 0:00:03[39m[K
[32mTraining trees...                   34%|█████▌          |  ETA: 0:00:03[39m[K
[32mTraining trees...                   36%|█████▊          |  ETA: 0:00:03[39m[K
[32mTraining trees...                   38%|██████▏         |  ETA: 0:00:03[39m[K
[32mTraining trees...                   40%|██████▍         |  ETA: 0:00:03[39m[K
[32mTraining trees...                   43%|██████▉         |  ETA: 0:00:03[39m[K
[32mTraining trees...                   45%|███████▎        |  ETA: 0:00:03[39m[K
[32mTraining trees...                   47%|███████▌        |  ETA: 0:00:03[39m[K
[32mTraining trees...                   49%|███████▉        |  ETA: 0:00:03[39m[K
[32mTraining trees...                   50%|████████        |  ETA: 0:00:03[39m[K
[32mTraining trees...                   52%|████████▍       |  ETA: 0:00:03[39m[K
[32mTraining trees...                   54%|████████▋       |  ETA: 0:00:03[39m[K
[32mTraining trees...                   56%|█████████       |  ETA: 0:00:03[39m[K
[32mTraining trees...                   58%|█████████▎      |  ETA: 0:00:03[39m[K
[32mTraining trees...                   60%|█████████▋      |  ETA: 0:00:02[39m[K
[32mTraining trees...                   63%|██████████▏     |  ETA: 0:00:02[39m[K
[32mTraining trees...                   65%|██████████▍     |  ETA: 0:00:02[39m[K
[32mTraining trees...                   67%|██████████▊     |  ETA: 0:00:02[39m[K
[32mTraining trees...                   69%|███████████     |  ETA: 0:00:02[39m[K
[32mTraining trees...                   72%|███████████▌    |  ETA: 0:00:02[39m[K
[32mTraining trees...                   74%|███████████▉    |  ETA: 0:00:02[39m[K
[32mTraining trees...                   77%|████████████▍   |  ETA: 0:00:01[39m[K
[32mTraining trees...                   80%|████████████▊   |  ETA: 0:00:01[39m[K
[32mTraining trees...                   83%|█████████████▎  |  ETA: 0:00:01[39m[K
[32mTraining trees...                   86%|█████████████▊  |  ETA: 0:00:01[39m[K
[32mTraining trees...                   89%|██████████████▎ |  ETA: 0:00:01[39m[K
[32mTraining trees...                   91%|██████████████▌ |  ETA: 0:00:01[39m[K
[32mTraining trees...                   94%|███████████████ |  ETA: 0:00:00[39m[K
[32mTraining trees...                   96%|███████████████▍|  ETA: 0:00:00[39m[K
[32mTraining trees...                   99%|███████████████▉|  ETA: 0:00:00[39m[K
[32mTraining trees...                  100%|████████████████| Time: 0:00:05[39m[K
[32mTraining trees...                  100%|████████████████| Time: 0:00:05[39m[K
[?25hTrain accuracy: 0.9229375
Test accuracy: 0.92
Number of nodes: 3
Student reward: -148.33
Iteration 13/20
Training student with 40000 points
[?25l
[32mTraining trees...                    0%|                |  ETA: N/A[39m[K
[32mTraining trees...                    3%|▌               |  ETA: 0:00:04[39m[K
[32mTraining trees...                    5%|▊               |  ETA: 0:00:05[39m[K
[32mTraining trees...                    8%|█▎              |  ETA: 0:00:05[39m[K
[32mTraining trees...                   11%|█▊              |  ETA: 0:00:04[39m[K
[32mTraining trees...                   13%|██▏             |  ETA: 0:00:04[39m[K
[32mTraining trees...                   16%|██▌             |  ETA: 0:00:04[39m[K
[32mTraining trees...                   18%|██▉             |  ETA: 0:00:04[39m[K
[32mTraining trees...                   21%|███▍            |  ETA: 0:00:04[39m[K
[32mTraining trees...                   24%|███▉            |  ETA: 0:00:04[39m[K
[32mTraining trees...                   26%|████▏           |  ETA: 0:00:04[39m[K
[32mTraining trees...                   28%|████▌           |  ETA: 0:00:04[39m[K
[32mTraining trees...                   31%|█████           |  ETA: 0:00:03[39m[K
[32mTraining trees...                   34%|█████▌          |  ETA: 0:00:03[39m[K
[32mTraining trees...                   36%|█████▊          |  ETA: 0:00:03[39m[K
[32mTraining trees...                   38%|██████▏         |  ETA: 0:00:03[39m[K
[32mTraining trees...                   41%|██████▌         |  ETA: 0:00:03[39m[K
[32mTraining trees...                   43%|██████▉         |  ETA: 0:00:03[39m[K
[32mTraining trees...                   46%|███████▍        |  ETA: 0:00:03[39m[K
[32mTraining trees...                   49%|███████▉        |  ETA: 0:00:02[39m[K
[32mTraining trees...                   51%|████████▏       |  ETA: 0:00:02[39m[K
[32mTraining trees...                   53%|████████▌       |  ETA: 0:00:02[39m[K
[32mTraining trees...                   55%|████████▊       |  ETA: 0:00:02[39m[K
[32mTraining trees...                   57%|█████████▏      |  ETA: 0:00:02[39m[K
[32mTraining trees...                   60%|█████████▋      |  ETA: 0:00:02[39m[K
[32mTraining trees...                   63%|██████████▏     |  ETA: 0:00:02[39m[K
[32mTraining trees...                   66%|██████████▌     |  ETA: 0:00:02[39m[K
[32mTraining trees...                   68%|██████████▉     |  ETA: 0:00:02[39m[K
[32mTraining trees...                   71%|███████████▍    |  ETA: 0:00:01[39m[K
[32mTraining trees...                   74%|███████████▉    |  ETA: 0:00:01[39m[K
[32mTraining trees...                   77%|████████████▍   |  ETA: 0:00:01[39m[K
[32mTraining trees...                   79%|████████████▋   |  ETA: 0:00:01[39m[K
[32mTraining trees...                   82%|█████████████▏  |  ETA: 0:00:01[39m[K
[32mTraining trees...                   85%|█████████████▋  |  ETA: 0:00:01[39m[K
[32mTraining trees...                   87%|█████████████▉  |  ETA: 0:00:01[39m[K
[32mTraining trees...                   90%|██████████████▍ |  ETA: 0:00:00[39m[K
[32mTraining trees...                   93%|██████████████▉ |  ETA: 0:00:00[39m[K
[32mTraining trees...                   96%|███████████████▍|  ETA: 0:00:00[39m[K
[32mTraining trees...                   98%|███████████████▋|  ETA: 0:00:00[39m[K
[32mTraining trees...                  100%|████████████████| Time: 0:00:04[39m[K
[32mTraining trees...                  100%|████████████████| Time: 0:00:04[39m[K
[?25hTrain accuracy: 0.918375
Test accuracy: 0.912125
Number of nodes: 3
Student reward: -138.72
Iteration 14/20
Training student with 40000 points
[?25l
[32mTraining trees...                    0%|                |  ETA: N/A[39m[K
[32mTraining trees...                    3%|▌               |  ETA: 0:00:04[39m[K
[32mTraining trees...                    6%|█               |  ETA: 0:00:04[39m[K
[32mTraining trees...                    9%|█▌              |  ETA: 0:00:04[39m[K
[32mTraining trees...                   12%|█▉              |  ETA: 0:00:04[39m[K
[32mTraining trees...                   15%|██▍             |  ETA: 0:00:04[39m[K
[32mTraining trees...                   18%|██▉             |  ETA: 0:00:04[39m[K
[32mTraining trees...                   21%|███▍            |  ETA: 0:00:03[39m[K
[32mTraining trees...                   24%|███▉            |  ETA: 0:00:03[39m[K
[32mTraining trees...                   27%|████▍           |  ETA: 0:00:03[39m[K
[32mTraining trees...                   30%|████▊           |  ETA: 0:00:03[39m[K
[32mTraining trees...                   33%|█████▎          |  ETA: 0:00:03[39m[K
[32mTraining trees...                   36%|█████▊          |  ETA: 0:00:03[39m[K
[32mTraining trees...                   39%|██████▎         |  ETA: 0:00:03[39m[K
[32mTraining trees...                   42%|██████▊         |  ETA: 0:00:03[39m[K
[32mTraining trees...                   45%|███████▎        |  ETA: 0:00:02[39m[K
[32mTraining trees...                   48%|███████▋        |  ETA: 0:00:02[39m[K
[32mTraining trees...                   51%|████████▏       |  ETA: 0:00:02[39m[K
[32mTraining trees...                   54%|████████▋       |  ETA: 0:00:02[39m[K
[32mTraining trees...                   57%|█████████▏      |  ETA: 0:00:02[39m[K
[32mTraining trees...                   60%|█████████▋      |  ETA: 0:00:02[39m[K
[32mTraining trees...                   63%|██████████▏     |  ETA: 0:00:02[39m[K
[32mTraining trees...                   66%|██████████▌     |  ETA: 0:00:01[39m[K
[32mTraining trees...                   69%|███████████     |  ETA: 0:00:01[39m[K
[32mTraining trees...                   72%|███████████▌    |  ETA: 0:00:01[39m[K
[32mTraining trees...                   75%|████████████    |  ETA: 0:00:01[39m[K
[32mTraining trees...                   78%|████████████▌   |  ETA: 0:00:01[39m[K
[32mTraining trees...                   81%|█████████████   |  ETA: 0:00:01[39m[K
[32mTraining trees...                   84%|█████████████▌  |  ETA: 0:00:01[39m[K
[32mTraining trees...                   87%|█████████████▉  |  ETA: 0:00:01[39m[K
[32mTraining trees...                   90%|██████████████▍ |  ETA: 0:00:00[39m[K
[32mTraining trees...                   93%|██████████████▉ |  ETA: 0:00:00[39m[K
[32mTraining trees...                   96%|███████████████▍|  ETA: 0:00:00[39m[K
[32mTraining trees...                   99%|███████████████▉|  ETA: 0:00:00[39m[K
[32mTraining trees...                  100%|████████████████| Time: 0:00:04[39m[K
[32mTraining trees...                  100%|████████████████| Time: 0:00:04[39m[K
[?25hTrain accuracy: 0.92084375
Test accuracy: 0.912125
Number of nodes: 3
Student reward: -170.48
Iteration 15/20
Training student with 40000 points
[?25l
[32mTraining trees...                    0%|                |  ETA: N/A[39m[K
[32mTraining trees...                    3%|▌               |  ETA: 0:00:04[39m[K
[32mTraining trees...                    6%|█               |  ETA: 0:00:04[39m[K
[32mTraining trees...                    9%|█▌              |  ETA: 0:00:04[39m[K
[32mTraining trees...                   12%|█▉              |  ETA: 0:00:04[39m[K
[32mTraining trees...                   15%|██▍             |  ETA: 0:00:04[39m[K
[32mTraining trees...                   18%|██▉             |  ETA: 0:00:04[39m[K
[32mTraining trees...                   21%|███▍            |  ETA: 0:00:03[39m[K
[32mTraining trees...                   24%|███▉            |  ETA: 0:00:03[39m[K
[32mTraining trees...                   27%|████▍           |  ETA: 0:00:03[39m[K
[32mTraining trees...                   30%|████▊           |  ETA: 0:00:03[39m[K
[32mTraining trees...                   33%|█████▎          |  ETA: 0:00:03[39m[K
[32mTraining trees...                   36%|█████▊          |  ETA: 0:00:03[39m[K
[32mTraining trees...                   39%|██████▎         |  ETA: 0:00:03[39m[K
[32mTraining trees...                   41%|██████▌         |  ETA: 0:00:03[39m[K
[32mTraining trees...                   44%|███████         |  ETA: 0:00:02[39m[K
[32mTraining trees...                   47%|███████▌        |  ETA: 0:00:02[39m[K
[32mTraining trees...                   50%|████████        |  ETA: 0:00:02[39m[K
[32mTraining trees...                   53%|████████▌       |  ETA: 0:00:02[39m[K
[32mTraining trees...                   56%|█████████       |  ETA: 0:00:02[39m[K
[32mTraining trees...                   59%|█████████▌      |  ETA: 0:00:02[39m[K
[32mTraining trees...                   62%|█████████▉      |  ETA: 0:00:02[39m[K
[32mTraining trees...                   65%|██████████▍     |  ETA: 0:00:02[39m[K
[32mTraining trees...                   68%|██████████▉     |  ETA: 0:00:01[39m[K
[32mTraining trees...                   71%|███████████▍    |  ETA: 0:00:01[39m[K
[32mTraining trees...                   74%|███████████▉    |  ETA: 0:00:01[39m[K
[32mTraining trees...                   77%|████████████▍   |  ETA: 0:00:01[39m[K
[32mTraining trees...                   80%|████████████▊   |  ETA: 0:00:01[39m[K
[32mTraining trees...                   83%|█████████████▎  |  ETA: 0:00:01[39m[K
[32mTraining trees...                   86%|█████████████▊  |  ETA: 0:00:01[39m[K
[32mTraining trees...                   89%|██████████████▎ |  ETA: 0:00:00[39m[K
[32mTraining trees...                   92%|██████████████▊ |  ETA: 0:00:00[39m[K
[32mTraining trees...                   95%|███████████████▎|  ETA: 0:00:00[39m[K
[32mTraining trees...                   98%|███████████████▋|  ETA: 0:00:00[39m[K
[32mTraining trees...                  100%|████████████████| Time: 0:00:04[39m[K
[32mTraining trees...                  100%|████████████████| Time: 0:00:04[39m[K
[?25hTrain accuracy: 0.9210625
Test accuracy: 0.9195
Number of nodes: 3
Student reward: -141.09
Iteration 16/20
Training student with 40000 points
[?25l
[32mTraining trees...                    0%|                |  ETA: N/A[39m[K
[32mTraining trees...                    3%|▌               |  ETA: 0:00:04[39m[K
[32mTraining trees...                    6%|█               |  ETA: 0:00:04[39m[K
[32mTraining trees...                    9%|█▌              |  ETA: 0:00:04[39m[K
[32mTraining trees...                   12%|█▉              |  ETA: 0:00:04[39m[K
[32mTraining trees...                   15%|██▍             |  ETA: 0:00:04[39m[K
[32mTraining trees...                   18%|██▉             |  ETA: 0:00:04[39m[K
[32mTraining trees...                   21%|███▍            |  ETA: 0:00:03[39m[K
[32mTraining trees...                   24%|███▉            |  ETA: 0:00:03[39m[K
[32mTraining trees...                   27%|████▍           |  ETA: 0:00:03[39m[K
[32mTraining trees...                   30%|████▊           |  ETA: 0:00:03[39m[K
[32mTraining trees...                   33%|█████▎          |  ETA: 0:00:03[39m[K
[32mTraining trees...                   36%|█████▊          |  ETA: 0:00:03[39m[K
[32mTraining trees...                   39%|██████▎         |  ETA: 0:00:03[39m[K
[32mTraining trees...                   42%|██████▊         |  ETA: 0:00:03[39m[K
[32mTraining trees...                   45%|███████▎        |  ETA: 0:00:02[39m[K
[32mTraining trees...                   48%|███████▋        |  ETA: 0:00:02[39m[K
[32mTraining trees...                   51%|████████▏       |  ETA: 0:00:02[39m[K
[32mTraining trees...                   54%|████████▋       |  ETA: 0:00:02[39m[K
[32mTraining trees...                   57%|█████████▏      |  ETA: 0:00:02[39m[K
[32mTraining trees...                   60%|█████████▋      |  ETA: 0:00:02[39m[K
[32mTraining trees...                   63%|██████████▏     |  ETA: 0:00:02[39m[K
[32mTraining trees...                   66%|██████████▌     |  ETA: 0:00:01[39m[K
[32mTraining trees...                   69%|███████████     |  ETA: 0:00:01[39m[K
[32mTraining trees...                   72%|███████████▌    |  ETA: 0:00:01[39m[K
[32mTraining trees...                   75%|████████████    |  ETA: 0:00:01[39m[K
[32mTraining trees...                   78%|████████████▌   |  ETA: 0:00:01[39m[K
[32mTraining trees...                   81%|█████████████   |  ETA: 0:00:01[39m[K
[32mTraining trees...                   84%|█████████████▌  |  ETA: 0:00:01[39m[K
[32mTraining trees...                   87%|█████████████▉  |  ETA: 0:00:01[39m[K
[32mTraining trees...                   90%|██████████████▍ |  ETA: 0:00:00[39m[K
[32mTraining trees...                   93%|██████████████▉ |  ETA: 0:00:00[39m[K
[32mTraining trees...                   96%|███████████████▍|  ETA: 0:00:00[39m[K
[32mTraining trees...                   99%|███████████████▉|  ETA: 0:00:00[39m[K
[32mTraining trees...                  100%|████████████████| Time: 0:00:04[39m[K
[32mTraining trees...                  100%|████████████████| Time: 0:00:04[39m[K
[?25hTrain accuracy: 0.91796875
Test accuracy: 0.9215
Number of nodes: 3
Student reward: -136.56
Iteration 17/20
Training student with 40000 points
[?25l
[32mTraining trees...                    0%|                |  ETA: N/A[39m[K
[32mTraining trees...                    3%|▌               |  ETA: 0:00:04[39m[K
[32mTraining trees...                    6%|█               |  ETA: 0:00:04[39m[K
[32mTraining trees...                    9%|█▌              |  ETA: 0:00:04[39m[K
[32mTraining trees...                   12%|█▉              |  ETA: 0:00:04[39m[K
[32mTraining trees...                   15%|██▍             |  ETA: 0:00:03[39m[K
[32mTraining trees...                   18%|██▉             |  ETA: 0:00:03[39m[K
[32mTraining trees...                   21%|███▍            |  ETA: 0:00:03[39m[K
[32mTraining trees...                   24%|███▉            |  ETA: 0:00:03[39m[K
[32mTraining trees...                   27%|████▍           |  ETA: 0:00:03[39m[K
[32mTraining trees...                   30%|████▊           |  ETA: 0:00:03[39m[K
[32mTraining trees...                   33%|█████▎          |  ETA: 0:00:03[39m[K
[32mTraining trees...                   36%|█████▊          |  ETA: 0:00:03[39m[K
[32mTraining trees...                   39%|██████▎         |  ETA: 0:00:02[39m[K
[32mTraining trees...                   42%|██████▊         |  ETA: 0:00:02[39m[K
[32mTraining trees...                   45%|███████▎        |  ETA: 0:00:02[39m[K
[32mTraining trees...                   48%|███████▋        |  ETA: 0:00:02[39m[K
[32mTraining trees...                   51%|████████▏       |  ETA: 0:00:02[39m[K
[32mTraining trees...                   54%|████████▋       |  ETA: 0:00:02[39m[K
[32mTraining trees...                   57%|█████████▏      |  ETA: 0:00:02[39m[K
[32mTraining trees...                   60%|█████████▋      |  ETA: 0:00:02[39m[K
[32mTraining trees...                   63%|██████████▏     |  ETA: 0:00:01[39m[K
[32mTraining trees...                   66%|██████████▌     |  ETA: 0:00:01[39m[K
[32mTraining trees...                   69%|███████████     |  ETA: 0:00:01[39m[K
[32mTraining trees...                   72%|███████████▌    |  ETA: 0:00:01[39m[K
[32mTraining trees...                   75%|████████████    |  ETA: 0:00:01[39m[K
[32mTraining trees...                   78%|████████████▌   |  ETA: 0:00:01[39m[K
[32mTraining trees...                   81%|█████████████   |  ETA: 0:00:01[39m[K
[32mTraining trees...                   84%|█████████████▌  |  ETA: 0:00:01[39m[K
[32mTraining trees...                   87%|█████████████▉  |  ETA: 0:00:01[39m[K
[32mTraining trees...                   90%|██████████████▍ |  ETA: 0:00:00[39m[K
[32mTraining trees...                   93%|██████████████▉ |  ETA: 0:00:00[39m[K
[32mTraining trees...                   96%|███████████████▍|  ETA: 0:00:00[39m[K
[32mTraining trees...                   99%|███████████████▉|  ETA: 0:00:00[39m[K
[32mTraining trees...                  100%|████████████████| Time: 0:00:04[39m[K
[32mTraining trees...                  100%|████████████████| Time: 0:00:04[39m[K
[?25hTrain accuracy: 0.91809375
Test accuracy: 0.921875
Number of nodes: 3
Student reward: -168.13
Iteration 18/20
Training student with 40000 points
[?25l
[32mTraining trees...                    0%|                |  ETA: N/A[39m[K
[32mTraining trees...                    3%|▌               |  ETA: 0:00:05[39m[K
[32mTraining trees...                    5%|▊               |  ETA: 0:00:05[39m[K
[32mTraining trees...                    8%|█▎              |  ETA: 0:00:04[39m[K
[32mTraining trees...                   10%|█▋              |  ETA: 0:00:04[39m[K
[32mTraining trees...                   13%|██▏             |  ETA: 0:00:04[39m[K
[32mTraining trees...                   16%|██▌             |  ETA: 0:00:04[39m[K
[32mTraining trees...                   18%|██▉             |  ETA: 0:00:04[39m[K
[32mTraining trees...                   20%|███▎            |  ETA: 0:00:04[39m[K
[32mTraining trees...                   22%|███▌            |  ETA: 0:00:04[39m[K
[32mTraining trees...                   25%|████            |  ETA: 0:00:04[39m[K
[32mTraining trees...                   28%|████▌           |  ETA: 0:00:04[39m[K
[32mTraining trees...                   31%|█████           |  ETA: 0:00:03[39m[K
[32mTraining trees...                   33%|█████▎          |  ETA: 0:00:03[39m[K
[32mTraining trees...                   36%|█████▊          |  ETA: 0:00:03[39m[K
[32mTraining trees...                   38%|██████▏         |  ETA: 0:00:03[39m[K
[32mTraining trees...                   40%|██████▍         |  ETA: 0:00:03[39m[K
[32mTraining trees...                   42%|██████▊         |  ETA: 0:00:03[39m[K
[32mTraining trees...                   44%|███████         |  ETA: 0:00:03[39m[K
[32mTraining trees...                   46%|███████▍        |  ETA: 0:00:03[39m[K
[32mTraining trees...                   48%|███████▋        |  ETA: 0:00:03[39m[K
[32mTraining trees...                   50%|████████        |  ETA: 0:00:03[39m[K
[32mTraining trees...                   52%|████████▍       |  ETA: 0:00:02[39m[K
[32mTraining trees...                   54%|████████▋       |  ETA: 0:00:02[39m[K
[32mTraining trees...                   57%|█████████▏      |  ETA: 0:00:02[39m[K
[32mTraining trees...                   60%|█████████▋      |  ETA: 0:00:02[39m[K
[32mTraining trees...                   62%|█████████▉      |  ETA: 0:00:02[39m[K
[32mTraining trees...                   64%|██████████▎     |  ETA: 0:00:02[39m[K
[32mTraining trees...                   67%|██████████▊     |  ETA: 0:00:02[39m[K
[32mTraining trees...                   69%|███████████     |  ETA: 0:00:02[39m[K
[32mTraining trees...                   72%|███████████▌    |  ETA: 0:00:01[39m[K
[32mTraining trees...                   75%|████████████    |  ETA: 0:00:01[39m[K
[32mTraining trees...                   77%|████████████▍   |  ETA: 0:00:01[39m[K
[32mTraining trees...                   80%|████████████▊   |  ETA: 0:00:01[39m[K
[32mTraining trees...                   83%|█████████████▎  |  ETA: 0:00:01[39m[K
[32mTraining trees...                   85%|█████████████▋  |  ETA: 0:00:01[39m[K
[32mTraining trees...                   87%|█████████████▉  |  ETA: 0:00:01[39m[K
[32mTraining trees...                   90%|██████████████▍ |  ETA: 0:00:01[39m[K
[32mTraining trees...                   92%|██████████████▊ |  ETA: 0:00:00[39m[K
[32mTraining trees...                   94%|███████████████ |  ETA: 0:00:00[39m[K
[32mTraining trees...                   97%|███████████████▌|  ETA: 0:00:00[39m[K
[32mTraining trees...                  100%|████████████████| Time: 0:00:05[39m[K
[32mTraining trees...                  100%|████████████████| Time: 0:00:05[39m[K
[?25hTrain accuracy: 0.91840625
Test accuracy: 0.92325
Number of nodes: 3
Student reward: -133.33
Iteration 19/20
Training student with 40000 points
[?25l
[32mTraining trees...                    0%|                |  ETA: N/A[39m[K
[32mTraining trees...                    3%|▌               |  ETA: 0:00:04[39m[K
[32mTraining trees...                    6%|█               |  ETA: 0:00:04[39m[K
[32mTraining trees...                    9%|█▌              |  ETA: 0:00:04[39m[K
[32mTraining trees...                   12%|█▉              |  ETA: 0:00:04[39m[K
[32mTraining trees...                   15%|██▍             |  ETA: 0:00:03[39m[K
[32mTraining trees...                   18%|██▉             |  ETA: 0:00:03[39m[K
[32mTraining trees...                   21%|███▍            |  ETA: 0:00:03[39m[K
[32mTraining trees...                   24%|███▉            |  ETA: 0:00:03[39m[K
[32mTraining trees...                   27%|████▍           |  ETA: 0:00:03[39m[K
[32mTraining trees...                   30%|████▊           |  ETA: 0:00:03[39m[K
[32mTraining trees...                   33%|█████▎          |  ETA: 0:00:03[39m[K
[32mTraining trees...                   36%|█████▊          |  ETA: 0:00:03[39m[K
[32mTraining trees...                   39%|██████▎         |  ETA: 0:00:02[39m[K
[32mTraining trees...                   42%|██████▊         |  ETA: 0:00:02[39m[K
[32mTraining trees...                   45%|███████▎        |  ETA: 0:00:02[39m[K
[32mTraining trees...                   48%|███████▋        |  ETA: 0:00:02[39m[K
[32mTraining trees...                   51%|████████▏       |  ETA: 0:00:02[39m[K
[32mTraining trees...                   54%|████████▋       |  ETA: 0:00:02[39m[K
[32mTraining trees...                   57%|█████████▏      |  ETA: 0:00:02[39m[K
[32mTraining trees...                   60%|█████████▋      |  ETA: 0:00:02[39m[K
[32mTraining trees...                   63%|██████████▏     |  ETA: 0:00:01[39m[K
[32mTraining trees...                   66%|██████████▌     |  ETA: 0:00:01[39m[K
[32mTraining trees...                   69%|███████████     |  ETA: 0:00:01[39m[K
[32mTraining trees...                   72%|███████████▌    |  ETA: 0:00:01[39m[K
[32mTraining trees...                   75%|████████████    |  ETA: 0:00:01[39m[K
[32mTraining trees...                   78%|████████████▌   |  ETA: 0:00:01[39m[K
[32mTraining trees...                   81%|█████████████   |  ETA: 0:00:01[39m[K
[32mTraining trees...                   84%|█████████████▌  |  ETA: 0:00:01[39m[K
[32mTraining trees...                   87%|█████████████▉  |  ETA: 0:00:01[39m[K
[32mTraining trees...                   90%|██████████████▍ |  ETA: 0:00:00[39m[K
[32mTraining trees...                   93%|██████████████▉ |  ETA: 0:00:00[39m[K
[32mTraining trees...                   96%|███████████████▍|  ETA: 0:00:00[39m[K
[32mTraining trees...                   99%|███████████████▉|  ETA: 0:00:00[39m[K
[32mTraining trees...                  100%|████████████████| Time: 0:00:03[39m[K
[32mTraining trees...                  100%|████████████████| Time: 0:00:03[39m[K
[?25hTrain accuracy: 0.91903125
Test accuracy: 0.920625
Number of nodes: 3
Student reward: -136.14
Iteration 20/20
Training student with 40000 points
[?25l
[32mTraining trees...                    0%|                |  ETA: N/A[39m[K
[32mTraining trees...                    3%|▌               |  ETA: 0:00:04[39m[K
[32mTraining trees...                    6%|█               |  ETA: 0:00:04[39m[K
[32mTraining trees...                    9%|█▌              |  ETA: 0:00:04[39m[K
[32mTraining trees...                   12%|█▉              |  ETA: 0:00:04[39m[K
[32mTraining trees...                   15%|██▍             |  ETA: 0:00:03[39m[K
[32mTraining trees...                   18%|██▉             |  ETA: 0:00:03[39m[K
[32mTraining trees...                   21%|███▍            |  ETA: 0:00:03[39m[K
[32mTraining trees...                   24%|███▉            |  ETA: 0:00:03[39m[K
[32mTraining trees...                   27%|████▍           |  ETA: 0:00:03[39m[K
[32mTraining trees...                   30%|████▊           |  ETA: 0:00:03[39m[K
[32mTraining trees...                   33%|█████▎          |  ETA: 0:00:03[39m[K
[32mTraining trees...                   36%|█████▊          |  ETA: 0:00:03[39m[K
[32mTraining trees...                   38%|██████▏         |  ETA: 0:00:03[39m[K
[32mTraining trees...                   41%|██████▌         |  ETA: 0:00:03[39m[K
[32mTraining trees...                   44%|███████         |  ETA: 0:00:02[39m[K
[32mTraining trees...                   47%|███████▌        |  ETA: 0:00:02[39m[K
[32mTraining trees...                   50%|████████        |  ETA: 0:00:02[39m[K
[32mTraining trees...                   53%|████████▌       |  ETA: 0:00:02[39m[K
[32mTraining trees...                   56%|█████████       |  ETA: 0:00:02[39m[K
[32mTraining trees...                   59%|█████████▌      |  ETA: 0:00:02[39m[K
[32mTraining trees...                   62%|█████████▉      |  ETA: 0:00:02[39m[K
[32mTraining trees...                   65%|██████████▍     |  ETA: 0:00:02[39m[K
[32mTraining trees...                   68%|██████████▉     |  ETA: 0:00:01[39m[K
[32mTraining trees...                   71%|███████████▍    |  ETA: 0:00:01[39m[K
[32mTraining trees...                   74%|███████████▉    |  ETA: 0:00:01[39m[K
[32mTraining trees...                   77%|████████████▍   |  ETA: 0:00:01[39m[K
[32mTraining trees...                   80%|████████████▊   |  ETA: 0:00:01[39m[K
[32mTraining trees...                   83%|█████████████▎  |  ETA: 0:00:01[39m[K
[32mTraining trees...                   86%|█████████████▊  |  ETA: 0:00:01[39m[K
[32mTraining trees...                   89%|██████████████▎ |  ETA: 0:00:00[39m[K
[32mTraining trees...                   92%|██████████████▊ |  ETA: 0:00:00[39m[K
[32mTraining trees...                   95%|███████████████▎|  ETA: 0:00:00[39m[K
[32mTraining trees...                   98%|███████████████▋|  ETA: 0:00:00[39m[K
[32mTraining trees...                  100%|████████████████| Time: 0:00:04[39m[K
[32mTraining trees...                  100%|████████████████| Time: 0:00:04[39m[K
[?25hTrain accuracy: 0.91740625
Test accuracy: 0.9155
Number of nodes: 3
Student reward: -158.18
Initial policy count: 20
Current policy count: 10
Reward update: -130.84 -> -142.65
Reward update: -130.95 -> -140.0
Reward update: -133.33 -> -138.17
Reward update: -133.8 -> -139.0
Reward update: -136.14 -> -135.51
Reward update: -136.56 -> -133.73
Reward update: -137.17 -> -139.38
Reward update: -137.39 -> -137.94
Reward update: -138.72 -> -139.44
Reward update: -139.1 -> -133.67
Current policy count: 5
Reward update: -133.67 -> -136.91
Reward update: -133.73 -> -132.67
Reward update: -135.51 -> -133.88
Reward update: -137.94 -> -137.67
Reward update: -138.17 -> -134.0
Current policy count: 3
Reward update: -132.67 -> -136.99
Reward update: -133.88 -> -133.93
Reward update: -134.0 -> -137.56
Current policy count: 2
Reward update: -133.93 -> -140.54
Reward update: -136.99 -> -139.9
Current policy count: 1
Reward update: -139.9 -> -132.99
Training Behavioral Cloning tree with 27336 points
[?25l
[32mTraining trees...                    0%|                |  ETA: N/A[39m[K
[32mTraining trees...                    4%|▋               |  ETA: 0:00:03[39m[K
[32mTraining trees...                    8%|█▎              |  ETA: 0:00:02[39m[K
[32mTraining trees...                   12%|█▉              |  ETA: 0:00:02[39m[K
[32mTraining trees...                   16%|██▌             |  ETA: 0:00:02[39m[K
[32mTraining trees...                   20%|███▎            |  ETA: 0:00:02[39m[K
[32mTraining trees...                   24%|███▉            |  ETA: 0:00:02[39m[K
[32mTraining trees...                   28%|████▌           |  ETA: 0:00:02[39m[K
[32mTraining trees...                   32%|█████▏          |  ETA: 0:00:02[39m[K
[32mTraining trees...                   36%|█████▊          |  ETA: 0:00:02[39m[K
[32mTraining trees...                   40%|██████▍         |  ETA: 0:00:02[39m[K
[32mTraining trees...                   44%|███████         |  ETA: 0:00:02[39m[K
[32mTraining trees...                   48%|███████▋        |  ETA: 0:00:01[39m[K
[32mTraining trees...                   53%|████████▌       |  ETA: 0:00:01[39m[K
[32mTraining trees...                   57%|█████████▏      |  ETA: 0:00:01[39m[K
[32mTraining trees...                   61%|█████████▊      |  ETA: 0:00:01[39m[K
[32mTraining trees...                   65%|██████████▍     |  ETA: 0:00:01[39m[K
[32mTraining trees...                   69%|███████████     |  ETA: 0:00:01[39m[K
[32mTraining trees...                   74%|███████████▉    |  ETA: 0:00:01[39m[K
[32mTraining trees...                   78%|████████████▌   |  ETA: 0:00:01[39m[K
[32mTraining trees...                   82%|█████████████▏  |  ETA: 0:00:00[39m[K
[32mTraining trees...                   86%|█████████████▊  |  ETA: 0:00:00[39m[K
[32mTraining trees...                   90%|██████████████▍ |  ETA: 0:00:00[39m[K
[32mTraining trees...                   94%|███████████████ |  ETA: 0:00:00[39m[K
[32mTraining trees...                   98%|███████████████▋|  ETA: 0:00:00[39m[K
[32mTraining trees...                  100%|████████████████| Time: 0:00:02[39m[K
[32mTraining trees...                  100%|████████████████| Time: 0:00:02[39m[K
[?25hTrain accuracy: 0.9037863544905799
Test accuracy: 0.8994147768836869
Number of nodes: 3
getting 200 rollouts
Oracle average: -139.37 with std: 20.74
Student avg: -136.38 with std 33.07. Difference = -2.98 and min = -176.00. Match score = 0.78
Bc avg: -136.03 with std 32.55. Difference = -3.33 and min = -178.00. Match score = 0.78
Simple avg: -119.47 with std 3.66. Difference = -19.90 and min = -125.00. Match score = 0.22
Student fidelity in oracle trace 0.90
Bc fidelity in oracle trace 0.90
Simple fidelity in oracle trace 0.88
Student expected depth of decision 1.00
Bc expected depth of decision 1.00
Simple expected depth of decision 0.00
Student expected uniqueness ratio 1.00
Bc expected uniqueness ratio 1.00
Simple expected uniqueness ratio 0.00
Student decision nodes used: 3
Bc decision nodes used: 3
Simple decision nodes used: 0
Student completeness ratio: 0.43
Bc completeness ratio: 0.43
Simple completeness ratio: 1.00
Student has importance score 0.00
Bc has importance score 0.00
Simple has importance score 0.00
Student has 0.00 insignificant splits
Bc has 0.00 insignificant splits
Simple has 0.00 insignificant splits
Student had 0.50 unique features in each path
Bc had 0.50 unique features in each path
Simple had 1.00 unique features in each path
Student could prune 0.00 of nodes without reducing performance
Bc could prune 0.00 of nodes without reducing performance
Simple couldn't prune
Student has no repeating features
Bc has no repeating features
Simple has an average standard deviation of 0.00 among repeating features (max 0.00, min 0.00)
Student has no repeating features
Bc has no repeating features
Simple has an average standard deviation of 0.00 among repeating features in a path (max 0.00, min 0.00)
None
./scripts/run_docker.sh: line 22: kill: (17289) - No such process
